{"total": {"lines":{"total":5073,"covered":4153,"skipped":0,"pct":81.86},"statements":{"total":5454,"covered":4421,"skipped":0,"pct":81.05},"functions":{"total":817,"covered":693,"skipped":0,"pct":84.82},"branches":{"total":2834,"covered":2054,"skipped":0,"pct":72.47},"branchesTrue":{"total":0,"covered":0,"skipped":0,"pct":100}}
,"/home/runner/work/smruti-cortex/smruti-cortex/src/background/ai-keyword-cache.ts": {"lines":{"total":81,"covered":81,"skipped":0,"pct":100},"functions":{"total":13,"covered":13,"skipped":0,"pct":100},"statements":{"total":88,"covered":86,"skipped":0,"pct":97.72},"branches":{"total":43,"covered":40,"skipped":0,"pct":93.02}}
,"/home/runner/work/smruti-cortex/smruti-cortex/src/background/ai-keyword-expander.ts": {"lines":{"total":204,"covered":180,"skipped":0,"pct":88.23},"functions":{"total":23,"covered":20,"skipped":0,"pct":86.95},"statements":{"total":219,"covered":190,"skipped":0,"pct":86.75},"branches":{"total":116,"covered":84,"skipped":0,"pct":72.41}}
,"/home/runner/work/smruti-cortex/smruti-cortex/src/background/database.ts": {"lines":{"total":239,"covered":208,"skipped":0,"pct":87.02},"functions":{"total":69,"covered":50,"skipped":0,"pct":72.46},"statements":{"total":262,"covered":217,"skipped":0,"pct":82.82},"branches":{"total":94,"covered":81,"skipped":0,"pct":86.17}}
,"/home/runner/work/smruti-cortex/smruti-cortex/src/background/diagnostics.ts": {"lines":{"total":99,"covered":87,"skipped":0,"pct":87.87},"functions":{"total":25,"covered":19,"skipped":0,"pct":76},"statements":{"total":99,"covered":87,"skipped":0,"pct":87.87},"branches":{"total":23,"covered":17,"skipped":0,"pct":73.91}}
,"/home/runner/work/smruti-cortex/smruti-cortex/src/background/embedding-processor.ts": {"lines":{"total":156,"covered":135,"skipped":0,"pct":86.53},"functions":{"total":14,"covered":14,"skipped":0,"pct":100},"statements":{"total":163,"covered":138,"skipped":0,"pct":84.66},"branches":{"total":71,"covered":52,"skipped":0,"pct":73.23}}
,"/home/runner/work/smruti-cortex/smruti-cortex/src/background/embedding-text.ts": {"lines":{"total":20,"covered":20,"skipped":0,"pct":100},"functions":{"total":3,"covered":3,"skipped":0,"pct":100},"statements":{"total":22,"covered":22,"skipped":0,"pct":100},"branches":{"total":8,"covered":8,"skipped":0,"pct":100}}
,"/home/runner/work/smruti-cortex/smruti-cortex/src/background/favicon-cache.ts": {"lines":{"total":190,"covered":190,"skipped":0,"pct":100},"functions":{"total":39,"covered":39,"skipped":0,"pct":100},"statements":{"total":200,"covered":200,"skipped":0,"pct":100},"branches":{"total":55,"covered":55,"skipped":0,"pct":100}}
,"/home/runner/work/smruti-cortex/smruti-cortex/src/background/indexing.ts": {"lines":{"total":296,"covered":242,"skipped":0,"pct":81.75},"functions":{"total":29,"covered":22,"skipped":0,"pct":75.86},"statements":{"total":315,"covered":252,"skipped":0,"pct":80},"branches":{"total":156,"covered":104,"skipped":0,"pct":66.66}}
,"/home/runner/work/smruti-cortex/smruti-cortex/src/background/ollama-service.ts": {"lines":{"total":254,"covered":229,"skipped":0,"pct":90.15},"functions":{"total":29,"covered":25,"skipped":0,"pct":86.2},"statements":{"total":262,"covered":234,"skipped":0,"pct":89.31},"branches":{"total":143,"covered":124,"skipped":0,"pct":86.71}}
,"/home/runner/work/smruti-cortex/smruti-cortex/src/background/performance-monitor.ts": {"lines":{"total":98,"covered":90,"skipped":0,"pct":91.83},"functions":{"total":27,"covered":24,"skipped":0,"pct":88.88},"statements":{"total":103,"covered":94,"skipped":0,"pct":91.26},"branches":{"total":47,"covered":43,"skipped":0,"pct":91.48}}
,"/home/runner/work/smruti-cortex/smruti-cortex/src/background/ranking-report.ts": {"lines":{"total":132,"covered":132,"skipped":0,"pct":100},"functions":{"total":17,"covered":17,"skipped":0,"pct":100},"statements":{"total":143,"covered":143,"skipped":0,"pct":100},"branches":{"total":28,"covered":25,"skipped":0,"pct":89.28}}
,"/home/runner/work/smruti-cortex/smruti-cortex/src/background/resilience.ts": {"lines":{"total":172,"covered":161,"skipped":0,"pct":93.6},"functions":{"total":20,"covered":18,"skipped":0,"pct":90},"statements":{"total":175,"covered":164,"skipped":0,"pct":93.71},"branches":{"total":48,"covered":43,"skipped":0,"pct":89.58}}
,"/home/runner/work/smruti-cortex/smruti-cortex/src/background/search-debug.ts": {"lines":{"total":59,"covered":54,"skipped":0,"pct":91.52},"functions":{"total":24,"covered":24,"skipped":0,"pct":100},"statements":{"total":63,"covered":58,"skipped":0,"pct":92.06},"branches":{"total":15,"covered":13,"skipped":0,"pct":86.66}}
,"/home/runner/work/smruti-cortex/smruti-cortex/src/background/service-worker.ts": {"lines":{"total":1164,"covered":649,"skipped":0,"pct":55.75},"functions":{"total":87,"covered":45,"skipped":0,"pct":51.72},"statements":{"total":1248,"covered":687,"skipped":0,"pct":55.04},"branches":{"total":592,"covered":276,"skipped":0,"pct":46.62}}
,"/home/runner/work/smruti-cortex/smruti-cortex/src/background/search/diversity-filter.ts": {"lines":{"total":25,"covered":25,"skipped":0,"pct":100},"functions":{"total":2,"covered":2,"skipped":0,"pct":100},"statements":{"total":25,"covered":25,"skipped":0,"pct":100},"branches":{"total":10,"covered":10,"skipped":0,"pct":100}}
,"/home/runner/work/smruti-cortex/smruti-cortex/src/background/search/query-expansion.ts": {"lines":{"total":32,"covered":32,"skipped":0,"pct":100},"functions":{"total":7,"covered":7,"skipped":0,"pct":100},"statements":{"total":34,"covered":34,"skipped":0,"pct":100},"branches":{"total":8,"covered":8,"skipped":0,"pct":100}}
,"/home/runner/work/smruti-cortex/smruti-cortex/src/background/search/scorer-manager.ts": {"lines":{"total":76,"covered":72,"skipped":0,"pct":94.73},"functions":{"total":9,"covered":9,"skipped":0,"pct":100},"statements":{"total":85,"covered":81,"skipped":0,"pct":95.29},"branches":{"total":53,"covered":42,"skipped":0,"pct":79.24}}
,"/home/runner/work/smruti-cortex/smruti-cortex/src/background/search/search-cache.ts": {"lines":{"total":61,"covered":54,"skipped":0,"pct":88.52},"functions":{"total":11,"covered":8,"skipped":0,"pct":72.72},"statements":{"total":61,"covered":54,"skipped":0,"pct":88.52},"branches":{"total":26,"covered":21,"skipped":0,"pct":80.76}}
,"/home/runner/work/smruti-cortex/smruti-cortex/src/background/search/search-engine.ts": {"lines":{"total":297,"covered":241,"skipped":0,"pct":81.14},"functions":{"total":31,"covered":26,"skipped":0,"pct":83.87},"statements":{"total":327,"covered":260,"skipped":0,"pct":79.51},"branches":{"total":305,"covered":200,"skipped":0,"pct":65.57}}
,"/home/runner/work/smruti-cortex/smruti-cortex/src/background/search/tokenizer.ts": {"lines":{"total":52,"covered":52,"skipped":0,"pct":100},"functions":{"total":13,"covered":13,"skipped":0,"pct":100},"statements":{"total":66,"covered":64,"skipped":0,"pct":96.96},"branches":{"total":26,"covered":23,"skipped":0,"pct":88.46}}
,"/home/runner/work/smruti-cortex/smruti-cortex/src/background/search/scorers/ai-scorer-placeholder.ts": {"lines":{"total":2,"covered":2,"skipped":0,"pct":100},"functions":{"total":1,"covered":1,"skipped":0,"pct":100},"statements":{"total":2,"covered":2,"skipped":0,"pct":100},"branches":{"total":0,"covered":0,"skipped":0,"pct":100}}
,"/home/runner/work/smruti-cortex/smruti-cortex/src/background/search/scorers/embedding-scorer.ts": {"lines":{"total":36,"covered":35,"skipped":0,"pct":97.22},"functions":{"total":3,"covered":3,"skipped":0,"pct":100},"statements":{"total":39,"covered":38,"skipped":0,"pct":97.43},"branches":{"total":30,"covered":28,"skipped":0,"pct":93.33}}
,"/home/runner/work/smruti-cortex/smruti-cortex/src/background/search/scorers/meta-scorer.ts": {"lines":{"total":12,"covered":12,"skipped":0,"pct":100},"functions":{"total":1,"covered":1,"skipped":0,"pct":100},"statements":{"total":14,"covered":14,"skipped":0,"pct":100},"branches":{"total":14,"covered":13,"skipped":0,"pct":92.85}}
,"/home/runner/work/smruti-cortex/smruti-cortex/src/background/search/scorers/recency-scorer.ts": {"lines":{"total":5,"covered":5,"skipped":0,"pct":100},"functions":{"total":1,"covered":1,"skipped":0,"pct":100},"statements":{"total":5,"covered":5,"skipped":0,"pct":100},"branches":{"total":0,"covered":0,"skipped":0,"pct":100}}
,"/home/runner/work/smruti-cortex/smruti-cortex/src/background/search/scorers/title-scorer.ts": {"lines":{"total":35,"covered":31,"skipped":0,"pct":88.57},"functions":{"total":7,"covered":7,"skipped":0,"pct":100},"statements":{"total":42,"covered":38,"skipped":0,"pct":90.47},"branches":{"total":32,"covered":23,"skipped":0,"pct":71.87}}
,"/home/runner/work/smruti-cortex/smruti-cortex/src/background/search/scorers/url-scorer.ts": {"lines":{"total":17,"covered":17,"skipped":0,"pct":100},"functions":{"total":1,"covered":1,"skipped":0,"pct":100},"statements":{"total":18,"covered":18,"skipped":0,"pct":100},"branches":{"total":10,"covered":10,"skipped":0,"pct":100}}
,"/home/runner/work/smruti-cortex/smruti-cortex/src/background/search/scorers/visitcount-scorer.ts": {"lines":{"total":3,"covered":3,"skipped":0,"pct":100},"functions":{"total":1,"covered":1,"skipped":0,"pct":100},"statements":{"total":3,"covered":3,"skipped":0,"pct":100},"branches":{"total":2,"covered":2,"skipped":0,"pct":100}}
,"/home/runner/work/smruti-cortex/smruti-cortex/src/content_scripts/extractor.ts": {"lines":{"total":51,"covered":51,"skipped":0,"pct":100},"functions":{"total":8,"covered":7,"skipped":0,"pct":87.5},"statements":{"total":53,"covered":52,"skipped":0,"pct":98.11},"branches":{"total":54,"covered":48,"skipped":0,"pct":88.88}}
,"/home/runner/work/smruti-cortex/smruti-cortex/src/content_scripts/quick-search-utils.ts": {"lines":{"total":55,"covered":55,"skipped":0,"pct":100},"functions":{"total":9,"covered":9,"skipped":0,"pct":100},"statements":{"total":71,"covered":70,"skipped":0,"pct":98.59},"branches":{"total":62,"covered":62,"skipped":0,"pct":100}}
,"/home/runner/work/smruti-cortex/smruti-cortex/src/core/constants.ts": {"lines":{"total":9,"covered":9,"skipped":0,"pct":100},"functions":{"total":1,"covered":1,"skipped":0,"pct":100},"statements":{"total":10,"covered":10,"skipped":0,"pct":100},"branches":{"total":2,"covered":2,"skipped":0,"pct":100}}
,"/home/runner/work/smruti-cortex/smruti-cortex/src/core/helpers.ts": {"lines":{"total":33,"covered":28,"skipped":0,"pct":84.84},"functions":{"total":13,"covered":9,"skipped":0,"pct":69.23},"statements":{"total":40,"covered":35,"skipped":0,"pct":87.5},"branches":{"total":38,"covered":33,"skipped":0,"pct":86.84}}
,"/home/runner/work/smruti-cortex/smruti-cortex/src/core/logger.ts": {"lines":{"total":93,"covered":86,"skipped":0,"pct":92.47},"functions":{"total":24,"covered":24,"skipped":0,"pct":100},"statements":{"total":96,"covered":88,"skipped":0,"pct":91.66},"branches":{"total":60,"covered":50,"skipped":0,"pct":83.33}}
,"/home/runner/work/smruti-cortex/smruti-cortex/src/core/settings.ts": {"lines":{"total":217,"covered":153,"skipped":0,"pct":70.5},"functions":{"total":65,"covered":47,"skipped":0,"pct":72.3},"statements":{"total":222,"covered":156,"skipped":0,"pct":70.27},"branches":{"total":112,"covered":69,"skipped":0,"pct":61.6}}
,"/home/runner/work/smruti-cortex/smruti-cortex/src/core/traced.ts": {"lines":{"total":78,"covered":54,"skipped":0,"pct":69.23},"functions":{"total":13,"covered":10,"skipped":0,"pct":76.92},"statements":{"total":79,"covered":54,"skipped":0,"pct":68.35},"branches":{"total":58,"covered":37,"skipped":0,"pct":63.79}}
,"/home/runner/work/smruti-cortex/smruti-cortex/src/popup/popup-utils.ts": {"lines":{"total":24,"covered":24,"skipped":0,"pct":100},"functions":{"total":4,"covered":4,"skipped":0,"pct":100},"statements":{"total":29,"covered":29,"skipped":0,"pct":100},"branches":{"total":25,"covered":25,"skipped":0,"pct":100}}
,"/home/runner/work/smruti-cortex/smruti-cortex/src/shared/command-registry.ts": {"lines":{"total":148,"covered":137,"skipped":0,"pct":92.56},"functions":{"total":76,"covered":75,"skipped":0,"pct":98.68},"statements":{"total":162,"covered":151,"skipped":0,"pct":93.2},"branches":{"total":75,"covered":59,"skipped":0,"pct":78.66}}
,"/home/runner/work/smruti-cortex/smruti-cortex/src/shared/data-masker.ts": {"lines":{"total":81,"covered":77,"skipped":0,"pct":95.06},"functions":{"total":13,"covered":13,"skipped":0,"pct":100},"statements":{"total":88,"covered":83,"skipped":0,"pct":94.31},"branches":{"total":54,"covered":49,"skipped":0,"pct":90.74}}
,"/home/runner/work/smruti-cortex/smruti-cortex/src/shared/hide-img-on-error.ts": {"lines":{"total":3,"covered":3,"skipped":0,"pct":100},"functions":{"total":2,"covered":2,"skipped":0,"pct":100},"statements":{"total":4,"covered":4,"skipped":0,"pct":100},"branches":{"total":2,"covered":2,"skipped":0,"pct":100}}
,"/home/runner/work/smruti-cortex/smruti-cortex/src/shared/palette-messages.ts": {"lines":{"total":56,"covered":49,"skipped":0,"pct":87.5},"functions":{"total":7,"covered":7,"skipped":0,"pct":100},"statements":{"total":67,"covered":52,"skipped":0,"pct":77.61},"branches":{"total":87,"covered":51,"skipped":0,"pct":58.62}}
,"/home/runner/work/smruti-cortex/smruti-cortex/src/shared/recent-interactions.ts": {"lines":{"total":17,"covered":17,"skipped":0,"pct":100},"functions":{"total":4,"covered":4,"skipped":0,"pct":100},"statements":{"total":20,"covered":20,"skipped":0,"pct":100},"branches":{"total":6,"covered":6,"skipped":0,"pct":100}}
,"/home/runner/work/smruti-cortex/smruti-cortex/src/shared/recent-searches.ts": {"lines":{"total":18,"covered":18,"skipped":0,"pct":100},"functions":{"total":4,"covered":4,"skipped":0,"pct":100},"statements":{"total":21,"covered":21,"skipped":0,"pct":100},"branches":{"total":8,"covered":8,"skipped":0,"pct":100}}
,"/home/runner/work/smruti-cortex/smruti-cortex/src/shared/search-ui-base.ts": {"lines":{"total":238,"covered":234,"skipped":0,"pct":98.31},"functions":{"total":40,"covered":40,"skipped":0,"pct":100},"statements":{"total":260,"covered":256,"skipped":0,"pct":98.46},"branches":{"total":159,"covered":149,"skipped":0,"pct":93.71}}
,"/home/runner/work/smruti-cortex/smruti-cortex/src/shared/toolbar-toggles.ts": {"lines":{"total":9,"covered":9,"skipped":0,"pct":100},"functions":{"total":6,"covered":6,"skipped":0,"pct":100},"statements":{"total":14,"covered":14,"skipped":0,"pct":100},"branches":{"total":10,"covered":10,"skipped":0,"pct":100}}
,"/home/runner/work/smruti-cortex/smruti-cortex/src/shared/tour.ts": {"lines":{"total":74,"covered":64,"skipped":0,"pct":86.48},"functions":{"total":11,"covered":10,"skipped":0,"pct":90.9},"statements":{"total":83,"covered":72,"skipped":0,"pct":86.74},"branches":{"total":28,"covered":19,"skipped":0,"pct":67.85}}
,"/home/runner/work/smruti-cortex/smruti-cortex/src/shared/web-search.ts": {"lines":{"total":52,"covered":46,"skipped":0,"pct":88.46},"functions":{"total":10,"covered":8,"skipped":0,"pct":80},"statements":{"total":52,"covered":46,"skipped":0,"pct":88.46},"branches":{"total":39,"covered":30,"skipped":0,"pct":76.92}}
}
