{"total": {"lines":{"total":5128,"covered":4927,"skipped":0,"pct":96.08},"statements":{"total":5526,"covered":5277,"skipped":0,"pct":95.49},"functions":{"total":950,"covered":912,"skipped":0,"pct":96},"branches":{"total":2801,"covered":2524,"skipped":0,"pct":90.11},"branchesTrue":{"total":0,"covered":0,"skipped":0,"pct":100}}
,"/home/runner/work/smruti-cortex/smruti-cortex/src/background/ai-keyword-cache.ts": {"lines":{"total":81,"covered":81,"skipped":0,"pct":100},"functions":{"total":13,"covered":13,"skipped":0,"pct":100},"statements":{"total":88,"covered":86,"skipped":0,"pct":97.72},"branches":{"total":43,"covered":40,"skipped":0,"pct":93.02}}
,"/home/runner/work/smruti-cortex/smruti-cortex/src/background/ai-keyword-expander.ts": {"lines":{"total":204,"covered":198,"skipped":0,"pct":97.05},"functions":{"total":23,"covered":20,"skipped":0,"pct":86.95},"statements":{"total":219,"covered":209,"skipped":0,"pct":95.43},"branches":{"total":116,"covered":95,"skipped":0,"pct":81.89}}
,"/home/runner/work/smruti-cortex/smruti-cortex/src/background/composition-root.ts": {"lines":{"total":9,"covered":9,"skipped":0,"pct":100},"functions":{"total":1,"covered":1,"skipped":0,"pct":100},"statements":{"total":9,"covered":9,"skipped":0,"pct":100},"branches":{"total":0,"covered":0,"skipped":0,"pct":100}}
,"/home/runner/work/smruti-cortex/smruti-cortex/src/background/database.ts": {"lines":{"total":239,"covered":239,"skipped":0,"pct":100},"functions":{"total":69,"covered":68,"skipped":0,"pct":98.55},"statements":{"total":262,"covered":261,"skipped":0,"pct":99.61},"branches":{"total":94,"covered":94,"skipped":0,"pct":100}}
,"/home/runner/work/smruti-cortex/smruti-cortex/src/background/diagnostics.ts": {"lines":{"total":99,"covered":93,"skipped":0,"pct":93.93},"functions":{"total":25,"covered":21,"skipped":0,"pct":84},"statements":{"total":99,"covered":93,"skipped":0,"pct":93.93},"branches":{"total":23,"covered":17,"skipped":0,"pct":73.91}}
,"/home/runner/work/smruti-cortex/smruti-cortex/src/background/embedding-processor.ts": {"lines":{"total":156,"covered":145,"skipped":0,"pct":92.94},"functions":{"total":14,"covered":14,"skipped":0,"pct":100},"statements":{"total":163,"covered":148,"skipped":0,"pct":90.79},"branches":{"total":71,"covered":59,"skipped":0,"pct":83.09}}
,"/home/runner/work/smruti-cortex/smruti-cortex/src/background/embedding-text.ts": {"lines":{"total":20,"covered":20,"skipped":0,"pct":100},"functions":{"total":3,"covered":3,"skipped":0,"pct":100},"statements":{"total":22,"covered":22,"skipped":0,"pct":100},"branches":{"total":8,"covered":8,"skipped":0,"pct":100}}
,"/home/runner/work/smruti-cortex/smruti-cortex/src/background/favicon-cache.ts": {"lines":{"total":190,"covered":190,"skipped":0,"pct":100},"functions":{"total":39,"covered":39,"skipped":0,"pct":100},"statements":{"total":200,"covered":200,"skipped":0,"pct":100},"branches":{"total":55,"covered":55,"skipped":0,"pct":100}}
,"/home/runner/work/smruti-cortex/smruti-cortex/src/background/indexing.ts": {"lines":{"total":299,"covered":284,"skipped":0,"pct":94.98},"functions":{"total":29,"covered":24,"skipped":0,"pct":82.75},"statements":{"total":318,"covered":297,"skipped":0,"pct":93.39},"branches":{"total":158,"covered":130,"skipped":0,"pct":82.27}}
,"/home/runner/work/smruti-cortex/smruti-cortex/src/background/ollama-service.ts": {"lines":{"total":256,"covered":234,"skipped":0,"pct":91.4},"functions":{"total":30,"covered":28,"skipped":0,"pct":93.33},"statements":{"total":264,"covered":239,"skipped":0,"pct":90.53},"branches":{"total":143,"covered":125,"skipped":0,"pct":87.41}}
,"/home/runner/work/smruti-cortex/smruti-cortex/src/background/performance-monitor.ts": {"lines":{"total":98,"covered":90,"skipped":0,"pct":91.83},"functions":{"total":27,"covered":24,"skipped":0,"pct":88.88},"statements":{"total":103,"covered":94,"skipped":0,"pct":91.26},"branches":{"total":47,"covered":43,"skipped":0,"pct":91.48}}
,"/home/runner/work/smruti-cortex/smruti-cortex/src/background/ranking-report.ts": {"lines":{"total":132,"covered":132,"skipped":0,"pct":100},"functions":{"total":17,"covered":17,"skipped":0,"pct":100},"statements":{"total":143,"covered":143,"skipped":0,"pct":100},"branches":{"total":28,"covered":25,"skipped":0,"pct":89.28}}
,"/home/runner/work/smruti-cortex/smruti-cortex/src/background/resilience.ts": {"lines":{"total":172,"covered":161,"skipped":0,"pct":93.6},"functions":{"total":20,"covered":18,"skipped":0,"pct":90},"statements":{"total":175,"covered":164,"skipped":0,"pct":93.71},"branches":{"total":48,"covered":43,"skipped":0,"pct":89.58}}
,"/home/runner/work/smruti-cortex/smruti-cortex/src/background/search-debug.ts": {"lines":{"total":59,"covered":54,"skipped":0,"pct":91.52},"functions":{"total":24,"covered":24,"skipped":0,"pct":100},"statements":{"total":63,"covered":58,"skipped":0,"pct":92.06},"branches":{"total":15,"covered":13,"skipped":0,"pct":86.66}}
,"/home/runner/work/smruti-cortex/smruti-cortex/src/background/service-worker.ts": {"lines":{"total":117,"covered":63,"skipped":0,"pct":53.84},"functions":{"total":14,"covered":8,"skipped":0,"pct":57.14},"statements":{"total":128,"covered":64,"skipped":0,"pct":50},"branches":{"total":48,"covered":13,"skipped":0,"pct":27.08}}
,"/home/runner/work/smruti-cortex/smruti-cortex/src/background/handlers/command-handlers.ts": {"lines":{"total":458,"covered":456,"skipped":0,"pct":99.56},"functions":{"total":91,"covered":89,"skipped":0,"pct":97.8},"statements":{"total":511,"covered":509,"skipped":0,"pct":99.6},"branches":{"total":249,"covered":248,"skipped":0,"pct":99.59}}
,"/home/runner/work/smruti-cortex/smruti-cortex/src/background/handlers/diagnostics-handlers.ts": {"lines":{"total":146,"covered":146,"skipped":0,"pct":100},"functions":{"total":24,"covered":24,"skipped":0,"pct":100},"statements":{"total":149,"covered":149,"skipped":0,"pct":100},"branches":{"total":34,"covered":34,"skipped":0,"pct":100}}
,"/home/runner/work/smruti-cortex/smruti-cortex/src/background/handlers/ollama-handlers.ts": {"lines":{"total":77,"covered":77,"skipped":0,"pct":100},"functions":{"total":11,"covered":11,"skipped":0,"pct":100},"statements":{"total":79,"covered":79,"skipped":0,"pct":100},"branches":{"total":10,"covered":9,"skipped":0,"pct":90}}
,"/home/runner/work/smruti-cortex/smruti-cortex/src/background/handlers/registry.ts": {"lines":{"total":14,"covered":14,"skipped":0,"pct":100},"functions":{"total":7,"covered":7,"skipped":0,"pct":100},"statements":{"total":15,"covered":15,"skipped":0,"pct":100},"branches":{"total":4,"covered":4,"skipped":0,"pct":100}}
,"/home/runner/work/smruti-cortex/smruti-cortex/src/background/handlers/search-handlers.ts": {"lines":{"total":122,"covered":109,"skipped":0,"pct":89.34},"functions":{"total":14,"covered":14,"skipped":0,"pct":100},"statements":{"total":122,"covered":109,"skipped":0,"pct":89.34},"branches":{"total":36,"covered":29,"skipped":0,"pct":80.55}}
,"/home/runner/work/smruti-cortex/smruti-cortex/src/background/handlers/settings-handlers.ts": {"lines":{"total":60,"covered":60,"skipped":0,"pct":100},"functions":{"total":12,"covered":12,"skipped":0,"pct":100},"statements":{"total":60,"covered":60,"skipped":0,"pct":100},"branches":{"total":26,"covered":26,"skipped":0,"pct":100}}
,"/home/runner/work/smruti-cortex/smruti-cortex/src/background/lifecycle/commands-listener.ts": {"lines":{"total":58,"covered":58,"skipped":0,"pct":100},"functions":{"total":14,"covered":14,"skipped":0,"pct":100},"statements":{"total":60,"covered":60,"skipped":0,"pct":100},"branches":{"total":31,"covered":29,"skipped":0,"pct":93.54}}
,"/home/runner/work/smruti-cortex/smruti-cortex/src/background/lifecycle/omnibox.ts": {"lines":{"total":59,"covered":59,"skipped":0,"pct":100},"functions":{"total":11,"covered":10,"skipped":0,"pct":90.9},"statements":{"total":74,"covered":73,"skipped":0,"pct":98.64},"branches":{"total":46,"covered":45,"skipped":0,"pct":97.82}}
,"/home/runner/work/smruti-cortex/smruti-cortex/src/background/lifecycle/port-messaging.ts": {"lines":{"total":43,"covered":43,"skipped":0,"pct":100},"functions":{"total":4,"covered":4,"skipped":0,"pct":100},"statements":{"total":49,"covered":49,"skipped":0,"pct":100},"branches":{"total":18,"covered":18,"skipped":0,"pct":100}}
,"/home/runner/work/smruti-cortex/smruti-cortex/src/background/ports/clock-port.ts": {"lines":{"total":4,"covered":4,"skipped":0,"pct":100},"functions":{"total":3,"covered":3,"skipped":0,"pct":100},"statements":{"total":4,"covered":4,"skipped":0,"pct":100},"branches":{"total":0,"covered":0,"skipped":0,"pct":100}}
,"/home/runner/work/smruti-cortex/smruti-cortex/src/background/ports/database-port.ts": {"lines":{"total":0,"covered":0,"skipped":0,"pct":0},"functions":{"total":0,"covered":0,"skipped":0,"pct":0},"statements":{"total":0,"covered":0,"skipped":0,"pct":0},"branches":{"total":0,"covered":0,"skipped":0,"pct":0}}
,"/home/runner/work/smruti-cortex/smruti-cortex/src/background/ports/history-port.ts": {"lines":{"total":0,"covered":0,"skipped":0,"pct":0},"functions":{"total":0,"covered":0,"skipped":0,"pct":0},"statements":{"total":0,"covered":0,"skipped":0,"pct":0},"branches":{"total":0,"covered":0,"skipped":0,"pct":0}}
,"/home/runner/work/smruti-cortex/smruti-cortex/src/background/ports/ollama-port.ts": {"lines":{"total":0,"covered":0,"skipped":0,"pct":0},"functions":{"total":0,"covered":0,"skipped":0,"pct":0},"statements":{"total":0,"covered":0,"skipped":0,"pct":0},"branches":{"total":0,"covered":0,"skipped":0,"pct":0}}
,"/home/runner/work/smruti-cortex/smruti-cortex/src/background/ports/storage-port.ts": {"lines":{"total":0,"covered":0,"skipped":0,"pct":0},"functions":{"total":0,"covered":0,"skipped":0,"pct":0},"statements":{"total":0,"covered":0,"skipped":0,"pct":0},"branches":{"total":0,"covered":0,"skipped":0,"pct":0}}
,"/home/runner/work/smruti-cortex/smruti-cortex/src/background/search/diversity-filter.ts": {"lines":{"total":25,"covered":25,"skipped":0,"pct":100},"functions":{"total":2,"covered":2,"skipped":0,"pct":100},"statements":{"total":25,"covered":25,"skipped":0,"pct":100},"branches":{"total":10,"covered":10,"skipped":0,"pct":100}}
,"/home/runner/work/smruti-cortex/smruti-cortex/src/background/search/query-expansion.ts": {"lines":{"total":32,"covered":32,"skipped":0,"pct":100},"functions":{"total":7,"covered":7,"skipped":0,"pct":100},"statements":{"total":34,"covered":34,"skipped":0,"pct":100},"branches":{"total":8,"covered":8,"skipped":0,"pct":100}}
,"/home/runner/work/smruti-cortex/smruti-cortex/src/background/search/scorer-manager.ts": {"lines":{"total":76,"covered":72,"skipped":0,"pct":94.73},"functions":{"total":9,"covered":9,"skipped":0,"pct":100},"statements":{"total":85,"covered":81,"skipped":0,"pct":95.29},"branches":{"total":53,"covered":44,"skipped":0,"pct":83.01}}
,"/home/runner/work/smruti-cortex/smruti-cortex/src/background/search/search-cache.ts": {"lines":{"total":61,"covered":54,"skipped":0,"pct":88.52},"functions":{"total":11,"covered":8,"skipped":0,"pct":72.72},"statements":{"total":61,"covered":54,"skipped":0,"pct":88.52},"branches":{"total":26,"covered":21,"skipped":0,"pct":80.76}}
,"/home/runner/work/smruti-cortex/smruti-cortex/src/background/search/search-engine.ts": {"lines":{"total":297,"covered":284,"skipped":0,"pct":95.62},"functions":{"total":31,"covered":29,"skipped":0,"pct":93.54},"statements":{"total":327,"covered":306,"skipped":0,"pct":93.57},"branches":{"total":305,"covered":244,"skipped":0,"pct":80}}
,"/home/runner/work/smruti-cortex/smruti-cortex/src/background/search/tokenizer.ts": {"lines":{"total":52,"covered":52,"skipped":0,"pct":100},"functions":{"total":13,"covered":13,"skipped":0,"pct":100},"statements":{"total":66,"covered":64,"skipped":0,"pct":96.96},"branches":{"total":26,"covered":23,"skipped":0,"pct":88.46}}
,"/home/runner/work/smruti-cortex/smruti-cortex/src/background/search/scorers/ai-scorer-placeholder.ts": {"lines":{"total":2,"covered":2,"skipped":0,"pct":100},"functions":{"total":1,"covered":1,"skipped":0,"pct":100},"statements":{"total":2,"covered":2,"skipped":0,"pct":100},"branches":{"total":0,"covered":0,"skipped":0,"pct":100}}
,"/home/runner/work/smruti-cortex/smruti-cortex/src/background/search/scorers/embedding-scorer.ts": {"lines":{"total":36,"covered":35,"skipped":0,"pct":97.22},"functions":{"total":3,"covered":3,"skipped":0,"pct":100},"statements":{"total":39,"covered":38,"skipped":0,"pct":97.43},"branches":{"total":30,"covered":28,"skipped":0,"pct":93.33}}
,"/home/runner/work/smruti-cortex/smruti-cortex/src/background/search/scorers/meta-scorer.ts": {"lines":{"total":12,"covered":12,"skipped":0,"pct":100},"functions":{"total":1,"covered":1,"skipped":0,"pct":100},"statements":{"total":14,"covered":14,"skipped":0,"pct":100},"branches":{"total":14,"covered":13,"skipped":0,"pct":92.85}}
,"/home/runner/work/smruti-cortex/smruti-cortex/src/background/search/scorers/recency-scorer.ts": {"lines":{"total":5,"covered":5,"skipped":0,"pct":100},"functions":{"total":1,"covered":1,"skipped":0,"pct":100},"statements":{"total":5,"covered":5,"skipped":0,"pct":100},"branches":{"total":0,"covered":0,"skipped":0,"pct":100}}
,"/home/runner/work/smruti-cortex/smruti-cortex/src/background/search/scorers/title-scorer.ts": {"lines":{"total":35,"covered":35,"skipped":0,"pct":100},"functions":{"total":7,"covered":7,"skipped":0,"pct":100},"statements":{"total":42,"covered":42,"skipped":0,"pct":100},"branches":{"total":32,"covered":29,"skipped":0,"pct":90.62}}
,"/home/runner/work/smruti-cortex/smruti-cortex/src/background/search/scorers/url-scorer.ts": {"lines":{"total":17,"covered":17,"skipped":0,"pct":100},"functions":{"total":1,"covered":1,"skipped":0,"pct":100},"statements":{"total":18,"covered":18,"skipped":0,"pct":100},"branches":{"total":10,"covered":10,"skipped":0,"pct":100}}
,"/home/runner/work/smruti-cortex/smruti-cortex/src/background/search/scorers/visitcount-scorer.ts": {"lines":{"total":3,"covered":3,"skipped":0,"pct":100},"functions":{"total":1,"covered":1,"skipped":0,"pct":100},"statements":{"total":3,"covered":3,"skipped":0,"pct":100},"branches":{"total":2,"covered":2,"skipped":0,"pct":100}}
,"/home/runner/work/smruti-cortex/smruti-cortex/src/content_scripts/extractor.ts": {"lines":{"total":51,"covered":51,"skipped":0,"pct":100},"functions":{"total":8,"covered":7,"skipped":0,"pct":87.5},"statements":{"total":53,"covered":52,"skipped":0,"pct":98.11},"branches":{"total":54,"covered":48,"skipped":0,"pct":88.88}}
,"/home/runner/work/smruti-cortex/smruti-cortex/src/content_scripts/quick-search-utils.ts": {"lines":{"total":55,"covered":55,"skipped":0,"pct":100},"functions":{"total":9,"covered":9,"skipped":0,"pct":100},"statements":{"total":71,"covered":70,"skipped":0,"pct":98.59},"branches":{"total":62,"covered":62,"skipped":0,"pct":100}}
,"/home/runner/work/smruti-cortex/smruti-cortex/src/core/constants.ts": {"lines":{"total":9,"covered":9,"skipped":0,"pct":100},"functions":{"total":1,"covered":1,"skipped":0,"pct":100},"statements":{"total":10,"covered":10,"skipped":0,"pct":100},"branches":{"total":2,"covered":2,"skipped":0,"pct":100}}
,"/home/runner/work/smruti-cortex/smruti-cortex/src/core/helpers.ts": {"lines":{"total":33,"covered":32,"skipped":0,"pct":96.96},"functions":{"total":13,"covered":12,"skipped":0,"pct":92.3},"statements":{"total":40,"covered":39,"skipped":0,"pct":97.5},"branches":{"total":38,"covered":36,"skipped":0,"pct":94.73}}
,"/home/runner/work/smruti-cortex/smruti-cortex/src/core/logger.ts": {"lines":{"total":113,"covered":113,"skipped":0,"pct":100},"functions":{"total":25,"covered":25,"skipped":0,"pct":100},"statements":{"total":116,"covered":116,"skipped":0,"pct":100},"branches":{"total":91,"covered":91,"skipped":0,"pct":100}}
,"/home/runner/work/smruti-cortex/smruti-cortex/src/core/result.ts": {"lines":{"total":25,"covered":25,"skipped":0,"pct":100},"functions":{"total":11,"covered":11,"skipped":0,"pct":100},"statements":{"total":32,"covered":32,"skipped":0,"pct":100},"branches":{"total":18,"covered":18,"skipped":0,"pct":100}}
,"/home/runner/work/smruti-cortex/smruti-cortex/src/core/settings.ts": {"lines":{"total":219,"covered":214,"skipped":0,"pct":97.71},"functions":{"total":66,"covered":66,"skipped":0,"pct":100},"statements":{"total":225,"covered":219,"skipped":0,"pct":97.33},"branches":{"total":118,"covered":111,"skipped":0,"pct":94.06}}
,"/home/runner/work/smruti-cortex/smruti-cortex/src/core/traced.ts": {"lines":{"total":78,"covered":78,"skipped":0,"pct":100},"functions":{"total":13,"covered":13,"skipped":0,"pct":100},"statements":{"total":79,"covered":79,"skipped":0,"pct":100},"branches":{"total":58,"covered":58,"skipped":0,"pct":100}}
,"/home/runner/work/smruti-cortex/smruti-cortex/src/popup/popup-utils.ts": {"lines":{"total":24,"covered":24,"skipped":0,"pct":100},"functions":{"total":4,"covered":4,"skipped":0,"pct":100},"statements":{"total":29,"covered":29,"skipped":0,"pct":100},"branches":{"total":25,"covered":25,"skipped":0,"pct":100}}
,"/home/runner/work/smruti-cortex/smruti-cortex/src/shared/command-registry.ts": {"lines":{"total":148,"covered":141,"skipped":0,"pct":95.27},"functions":{"total":76,"covered":75,"skipped":0,"pct":98.68},"statements":{"total":162,"covered":155,"skipped":0,"pct":95.67},"branches":{"total":75,"covered":66,"skipped":0,"pct":88}}
,"/home/runner/work/smruti-cortex/smruti-cortex/src/shared/data-masker.ts": {"lines":{"total":81,"covered":77,"skipped":0,"pct":95.06},"functions":{"total":13,"covered":13,"skipped":0,"pct":100},"statements":{"total":88,"covered":83,"skipped":0,"pct":94.31},"branches":{"total":54,"covered":49,"skipped":0,"pct":90.74}}
,"/home/runner/work/smruti-cortex/smruti-cortex/src/shared/hide-img-on-error.ts": {"lines":{"total":3,"covered":3,"skipped":0,"pct":100},"functions":{"total":2,"covered":2,"skipped":0,"pct":100},"statements":{"total":4,"covered":4,"skipped":0,"pct":100},"branches":{"total":2,"covered":2,"skipped":0,"pct":100}}
,"/home/runner/work/smruti-cortex/smruti-cortex/src/shared/palette-messages.ts": {"lines":{"total":56,"covered":56,"skipped":0,"pct":100},"functions":{"total":7,"covered":7,"skipped":0,"pct":100},"statements":{"total":67,"covered":66,"skipped":0,"pct":98.5},"branches":{"total":87,"covered":85,"skipped":0,"pct":97.7}}
,"/home/runner/work/smruti-cortex/smruti-cortex/src/shared/recent-interactions.ts": {"lines":{"total":17,"covered":17,"skipped":0,"pct":100},"functions":{"total":4,"covered":4,"skipped":0,"pct":100},"statements":{"total":20,"covered":20,"skipped":0,"pct":100},"branches":{"total":6,"covered":6,"skipped":0,"pct":100}}
,"/home/runner/work/smruti-cortex/smruti-cortex/src/shared/recent-searches.ts": {"lines":{"total":18,"covered":18,"skipped":0,"pct":100},"functions":{"total":4,"covered":4,"skipped":0,"pct":100},"statements":{"total":21,"covered":21,"skipped":0,"pct":100},"branches":{"total":8,"covered":8,"skipped":0,"pct":100}}
,"/home/runner/work/smruti-cortex/smruti-cortex/src/shared/search-ui-base.ts": {"lines":{"total":238,"covered":234,"skipped":0,"pct":98.31},"functions":{"total":40,"covered":40,"skipped":0,"pct":100},"statements":{"total":260,"covered":256,"skipped":0,"pct":98.46},"branches":{"total":159,"covered":149,"skipped":0,"pct":93.71}}
,"/home/runner/work/smruti-cortex/smruti-cortex/src/shared/toolbar-toggles.ts": {"lines":{"total":9,"covered":9,"skipped":0,"pct":100},"functions":{"total":6,"covered":6,"skipped":0,"pct":100},"statements":{"total":14,"covered":14,"skipped":0,"pct":100},"branches":{"total":10,"covered":10,"skipped":0,"pct":100}}
,"/home/runner/work/smruti-cortex/smruti-cortex/src/shared/tour.ts": {"lines":{"total":74,"covered":74,"skipped":0,"pct":100},"functions":{"total":11,"covered":10,"skipped":0,"pct":90.9},"statements":{"total":83,"covered":82,"skipped":0,"pct":98.79},"branches":{"total":28,"covered":27,"skipped":0,"pct":96.42}}
,"/home/runner/work/smruti-cortex/smruti-cortex/src/shared/web-search.ts": {"lines":{"total":52,"covered":50,"skipped":0,"pct":96.15},"functions":{"total":10,"covered":10,"skipped":0,"pct":100},"statements":{"total":52,"covered":50,"skipped":0,"pct":96.15},"branches":{"total":39,"covered":37,"skipped":0,"pct":94.87}}
}
