TN:
SF:src/background/ai-keyword-cache.ts
FN:40,loadCache
FN:44,(anonymous_1)
FN:64,scheduleSave
FN:68,(anonymous_3)
FN:75,(anonymous_4)
FN:89,getCachedExpansion
FN:108,getPrefixMatch
FN:136,cacheExpansion
FN:154,evictLeastUsed
FN:167,(anonymous_9)
FN:181,clearAIKeywordCache
FN:191,(anonymous_11)
FN:202,getCacheStats
FNF:13
FNH:13
FNDA:5,loadCache
FNDA:4,(anonymous_1)
FNDA:25025,scheduleSave
FNDA:6,(anonymous_3)
FNDA:6,(anonymous_4)
FNDA:5110,getCachedExpansion
FNDA:5,getPrefixMatch
FNDA:25024,cacheExpansion
FNDA:4,evictLeastUsed
FNDA:10030,(anonymous_9)
FNDA:4,clearAIKeywordCache
FNDA:4,(anonymous_11)
FNDA:17,getCacheStats
DA:17,30
DA:19,30
DA:20,30
DA:21,30
DA:22,30
DA:31,30
DA:32,30
DA:33,30
DA:34,30
DA:41,5
DA:43,4
DA:44,4
DA:45,4
DA:48,3
DA:49,3
DA:50,1
DA:51,1
DA:52,1
DA:54,3
DA:56,1
DA:57,1
DA:65,25025
DA:66,25025
DA:68,23
DA:69,6
DA:70,6
DA:71,6
DA:73,6
DA:74,6
DA:75,6
DA:76,6
DA:78,4
DA:80,2
DA:90,5110
DA:91,5110
DA:93,5109
DA:94,1
DA:95,1
DA:96,1
DA:99,5108
DA:100,5108
DA:109,5
DA:111,4
DA:112,4
DA:114,4
DA:115,4
DA:118,4
DA:119,3
DA:120,3
DA:125,4
DA:126,2
DA:129,4
DA:138,25024
DA:139,4
DA:142,25024
DA:148,25024
DA:155,4
DA:158,4
DA:159,20000
DA:160,5000
DA:165,4
DA:166,2
DA:167,10030
DA:169,2
DA:170,2
DA:171,1000
DA:174,2
DA:182,4
DA:183,4
DA:185,4
DA:186,2
DA:187,2
DA:189,4
DA:191,4
DA:192,4
DA:195,4
DA:196,4
DA:203,17
DA:204,17
DA:206,46508
DA:209,17
LF:81
LH:81
BRDA:41,0,0,1
BRDA:41,0,1,4
BRDA:49,1,0,1
BRDA:49,1,1,2
BRDA:49,2,0,3
BRDA:49,2,1,1
BRDA:49,2,2,1
BRDA:66,3,0,25002
BRDA:66,3,1,23
BRDA:70,4,0,0
BRDA:70,4,1,6
BRDA:91,5,0,1
BRDA:91,5,1,5109
BRDA:93,6,0,1
BRDA:93,6,1,5108
BRDA:109,7,0,1
BRDA:109,7,1,4
BRDA:115,8,0,0
BRDA:115,8,1,4
BRDA:118,9,0,3
BRDA:118,9,1,1
BRDA:118,10,0,4
BRDA:118,10,1,4
BRDA:119,11,0,3
BRDA:119,11,1,0
BRDA:119,12,0,3
BRDA:119,12,1,1
BRDA:125,13,0,2
BRDA:125,13,1,2
BRDA:129,14,0,4
BRDA:129,14,1,2
BRDA:138,15,0,4
BRDA:138,15,1,25020
BRDA:138,16,0,25024
BRDA:138,16,1,5
BRDA:159,17,0,5000
BRDA:159,17,1,15000
BRDA:165,18,0,2
BRDA:165,18,1,2
BRDA:170,19,0,2
BRDA:170,19,1,1000
BRDA:185,20,0,2
BRDA:185,20,1,2
BRF:43
BRH:40
end_of_record
TN:
SF:src/background/ai-keyword-expander.ts
FN:30,readResponseText
FN:66,getLastExpansionSource
FN:84,expandQueryKeywords
FN:95,(anonymous_3)
FN:107,(anonymous_4)
FN:114,(anonymous_5)
FN:115,(anonymous_6)
FN:130,(anonymous_7)
FN:138,(anonymous_8)
FN:190,(anonymous_9)
FN:224,getGenerationModel
FN:234,(anonymous_11)
FN:257,callOllamaForKeywords
FN:293,(anonymous_13)
FN:298,(anonymous_14)
FN:322,(anonymous_15)
FN:362,parseKeywordResponse
FN:382,(anonymous_17)
FN:384,(anonymous_18)
FN:421,(anonymous_19)
FN:424,(anonymous_20)
FN:432,(anonymous_21)
FN:466,(anonymous_22)
FNF:23
FNH:20
FNDA:13,readResponseText
FNDA:11,getLastExpansionSource
FNDA:25,expandQueryKeywords
FNDA:1,(anonymous_3)
FNDA:2,(anonymous_4)
FNDA:23,(anonymous_5)
FNDA:23,(anonymous_6)
FNDA:6,(anonymous_7)
FNDA:3,(anonymous_8)
FNDA:29,(anonymous_9)
FNDA:15,getGenerationModel
FNDA:72,(anonymous_11)
FNDA:15,callOllamaForKeywords
FNDA:0,(anonymous_13)
FNDA:0,(anonymous_14)
FNDA:0,(anonymous_15)
FNDA:12,parseKeywordResponse
FNDA:3,(anonymous_17)
FNDA:9,(anonymous_18)
FNDA:4,(anonymous_19)
FNDA:4,(anonymous_20)
FNDA:7,(anonymous_21)
FNDA:10,(anonymous_22)
DA:25,25
DA:28,25
DA:31,13
DA:32,13
DA:34,13
DA:35,13
DA:36,13
DA:37,13
DA:39,12
DA:40,12
DA:42,0
DA:44,0
DA:45,0
DA:46,0
DA:47,0
DA:48,0
DA:49,0
DA:50,0
DA:51,0
DA:52,0
DA:53,0
DA:54,0
DA:56,0
DA:58,0
DA:59,0
DA:61,25
DA:65,25
DA:66,11
DA:82,25
DA:85,25
DA:87,25
DA:88,2
DA:92,23
DA:93,1
DA:94,1
DA:95,1
DA:100,22
DA:101,22
DA:103,25
DA:105,1
DA:106,1
DA:107,2
DA:111,21
DA:114,23
DA:115,23
DA:117,21
DA:118,1
DA:119,1
DA:123,20
DA:124,20
DA:125,20
DA:127,20
DA:128,21
DA:129,21
DA:130,6
DA:131,2
DA:132,2
DA:133,2
DA:136,19
DA:137,19
DA:138,3
DA:139,1
DA:140,1
DA:141,1
DA:144,18
DA:148,20
DA:149,2
DA:150,2
DA:154,18
DA:155,1
DA:156,1
DA:157,1
DA:159,17
DA:160,1
DA:161,1
DA:162,1
DA:164,16
DA:165,1
DA:166,1
DA:167,1
DA:171,15
DA:172,25
DA:173,25
DA:174,25
DA:176,25
DA:182,25
DA:184,25
DA:186,25
DA:187,15
DA:188,15
DA:189,12
DA:190,29
DA:191,12
DA:193,12
DA:197,3
DA:202,15
DA:203,12
DA:204,3
DA:205,0
DA:207,3
DA:210,15
DA:212,0
DA:213,0
DA:214,0
DA:216,15
DA:226,15
DA:234,15
DA:235,72
DA:238,15
DA:241,1
DA:244,1
DA:247,14
DA:264,15
DA:265,15
DA:284,15
DA:290,15
DA:292,15
DA:293,15
DA:298,15
DA:299,15
DA:300,1
DA:301,1
DA:302,1
DA:304,0
DA:307,14
DA:309,14
DA:310,14
DA:317,13
DA:319,13
DA:321,13
DA:322,1
DA:323,1
DA:326,12
DA:327,12
DA:329,12
DA:331,15
DA:337,15
DA:338,15
DA:339,12
DA:340,12
DA:341,12
DA:344,2
DA:345,2
DA:346,0
DA:349,2
DA:351,0
DA:353,2
DA:354,2
DA:363,12
DA:366,12
DA:367,12
DA:368,0
DA:369,0
DA:373,12
DA:374,12
DA:376,12
DA:377,7
DA:378,7
DA:379,7
DA:380,7
DA:381,3
DA:382,3
DA:384,3
DA:385,9
DA:388,9
DA:389,9
DA:390,9
DA:391,9
DA:392,9
DA:398,3
DA:399,3
DA:404,3
DA:412,9
DA:413,9
DA:415,9
DA:416,5
DA:418,5
DA:419,5
DA:420,5
DA:421,5
DA:423,5
DA:424,4
DA:425,4
DA:426,4
DA:431,4
DA:432,4
DA:433,7
DA:435,7
DA:436,7
DA:437,8
DA:438,8
DA:439,7
DA:446,4
DA:447,4
DA:452,4
DA:459,5
DA:463,5
DA:464,12
DA:466,12
DA:467,10
DA:468,10
DA:469,9
DA:473,12
DA:479,12
LF:204
LH:180
BRDA:30,0,0,13
BRDA:32,1,0,13
BRDA:32,1,1,0
BRDA:32,2,0,13
BRDA:32,2,1,0
BRDA:35,3,0,13
BRDA:35,3,1,0
BRDA:37,4,0,1
BRDA:37,4,1,12
BRDA:39,5,0,12
BRDA:39,5,1,0
BRDA:50,6,0,0
BRDA:50,6,1,0
BRDA:52,7,0,0
BRDA:52,7,1,0
BRDA:87,8,0,2
BRDA:87,8,1,23
BRDA:92,9,0,1
BRDA:92,9,1,22
BRDA:101,10,0,22
BRDA:101,10,1,0
BRDA:103,11,0,1
BRDA:103,11,1,24
BRDA:117,12,0,1
BRDA:117,12,1,20
BRDA:129,13,0,2
BRDA:129,13,1,19
BRDA:137,14,0,1
BRDA:137,14,1,18
BRDA:148,15,0,2
BRDA:148,15,1,18
BRDA:149,16,0,2
BRDA:149,16,1,0
BRDA:154,17,0,1
BRDA:154,17,1,17
BRDA:156,18,0,0
BRDA:156,18,1,1
BRDA:159,19,0,1
BRDA:159,19,1,16
BRDA:161,20,0,0
BRDA:161,20,1,1
BRDA:164,21,0,1
BRDA:164,21,1,15
BRDA:166,22,0,0
BRDA:166,22,1,1
BRDA:171,23,0,15
BRDA:171,23,1,0
BRDA:172,24,0,25
BRDA:172,24,1,0
BRDA:173,25,0,25
BRDA:173,25,1,0
BRDA:202,26,0,12
BRDA:202,26,1,3
BRDA:204,27,0,0
BRDA:204,27,1,3
BRDA:213,28,0,0
BRDA:213,28,1,0
BRDA:238,29,0,1
BRDA:238,29,1,14
BRDA:292,30,0,15
BRDA:292,30,1,0
BRDA:299,31,0,1
BRDA:299,31,1,14
BRDA:300,32,0,1
BRDA:300,32,1,0
BRDA:321,33,0,1
BRDA:321,33,1,12
BRDA:329,34,0,12
BRDA:329,34,1,0
BRDA:329,34,2,0
BRDA:338,35,0,0
BRDA:338,35,1,15
BRDA:345,36,0,0
BRDA:345,36,1,2
BRDA:349,37,0,0
BRDA:349,37,1,2
BRDA:349,38,0,2
BRDA:349,38,1,2
BRDA:367,39,0,0
BRDA:367,39,1,12
BRDA:376,40,0,7
BRDA:376,40,1,5
BRDA:376,41,0,12
BRDA:376,41,1,7
BRDA:376,41,2,7
BRDA:380,42,0,3
BRDA:380,42,1,4
BRDA:385,43,0,9
BRDA:385,43,1,0
BRDA:385,44,0,9
BRDA:385,44,1,9
BRDA:391,45,0,9
BRDA:391,45,1,0
BRDA:415,46,0,5
BRDA:415,46,1,4
BRDA:415,47,0,9
BRDA:415,47,1,5
BRDA:415,47,2,5
BRDA:423,48,0,4
BRDA:423,48,1,1
BRDA:425,49,0,4
BRDA:425,49,1,0
BRDA:425,50,0,4
BRDA:425,50,1,4
BRDA:431,51,0,4
BRDA:431,51,1,0
BRDA:433,52,0,7
BRDA:433,52,1,0
BRDA:433,53,0,7
BRDA:433,53,1,7
BRDA:438,54,0,7
BRDA:438,54,1,1
BRDA:463,55,0,5
BRDA:463,55,1,1
BRDA:468,56,0,9
BRDA:468,56,1,1
BRF:116
BRH:84
end_of_record
TN:
SF:src/background/database.ts
FN:18,invalidateItemCache
FN:24,resetDbInstance
FN:32,openDatabaseImpl
FN:33,(anonymous_3)
FN:37,(anonymous_4)
FN:41,(anonymous_5)
FN:46,(anonymous_6)
FN:53,(anonymous_7)
FN:65,(anonymous_8)
FN:85,saveIndexedItem2
FN:88,(anonymous_10)
FN:92,(anonymous_11)
FN:93,(anonymous_12)
FN:102,getAllIndexedItems2
FN:105,(anonymous_14)
FN:110,(anonymous_15)
FN:121,(anonymous_16)
FN:131,loadEmbeddingsInto
FN:136,(anonymous_18)
FN:142,(anonymous_19)
FN:158,(anonymous_20)
FN:170,getIndexedItemsBatches
FN:179,(anonymous_22)
FN:180,(anonymous_23)
FN:200,(anonymous_24)
FN:207,getIndexedItemsPage
FN:211,(anonymous_26)
FN:215,(anonymous_27)
FN:216,(anonymous_28)
FN:220,(anonymous_29)
FN:230,(anonymous_30)
FN:255,(anonymous_31)
FN:262,getRecentIndexedItems
FN:264,(anonymous_33)
FN:273,(anonymous_34)
FN:284,(anonymous_35)
FN:294,getIndexedItem
FN:296,(anonymous_37)
FN:300,(anonymous_38)
FN:301,(anonymous_39)
FN:306,deleteIndexedItem
FN:309,(anonymous_41)
FN:313,(anonymous_42)
FN:314,(anonymous_43)
FN:319,clearIndexedDB
FN:322,(anonymous_45)
FN:326,(anonymous_46)
FN:327,(anonymous_47)
FN:339,countItemsWithoutEmbeddings
FN:341,(anonymous_49)
FN:349,(anonymous_50)
FN:363,(anonymous_51)
FN:371,getItemsWithoutEmbeddingsBatch
FN:373,(anonymous_53)
FN:379,(anonymous_54)
FN:392,(anonymous_55)
FN:399,getSetting
FN:400,(anonymous_57)
FN:401,(anonymous_58)
FN:407,setSetting
FN:408,(anonymous_60)
FN:409,(anonymous_61)
FN:425,formatBytes
FN:433,getStorageQuotaInfo
FN:441,(anonymous_64)
FN:444,(anonymous_65)
FN:445,(anonymous_66)
FN:496,setForceRebuildFlag
FN:501,getForceRebuildFlag
FNF:69
FNH:50
FNDA:1,invalidateItemCache
FNDA:0,resetDbInstance
FNDA:30,openDatabaseImpl
FNDA:30,(anonymous_3)
FNDA:1,(anonymous_4)
FNDA:29,(anonymous_5)
FNDA:0,(anonymous_6)
FNDA:0,(anonymous_7)
FNDA:2,(anonymous_8)
FNDA:2,saveIndexedItem2
FNDA:2,(anonymous_10)
FNDA:2,(anonymous_11)
FNDA:0,(anonymous_12)
FNDA:10,getAllIndexedItems2
FNDA:9,(anonymous_14)
FNDA:9,(anonymous_15)
FNDA:0,(anonymous_16)
FNDA:0,loadEmbeddingsInto
FNDA:0,(anonymous_18)
FNDA:0,(anonymous_19)
FNDA:0,(anonymous_20)
FNDA:3,getIndexedItemsBatches
FNDA:3,(anonymous_22)
FNDA:9,(anonymous_23)
FNDA:0,(anonymous_24)
FNDA:3,getIndexedItemsPage
FNDA:3,(anonymous_26)
FNDA:3,(anonymous_27)
FNDA:0,(anonymous_28)
FNDA:3,(anonymous_29)
FNDA:12,(anonymous_30)
FNDA:0,(anonymous_31)
FNDA:2,getRecentIndexedItems
FNDA:2,(anonymous_33)
FNDA:7,(anonymous_34)
FNDA:0,(anonymous_35)
FNDA:2,getIndexedItem
FNDA:2,(anonymous_37)
FNDA:2,(anonymous_38)
FNDA:0,(anonymous_39)
FNDA:2,deleteIndexedItem
FNDA:2,(anonymous_41)
FNDA:2,(anonymous_42)
FNDA:0,(anonymous_43)
FNDA:1,clearIndexedDB
FNDA:1,(anonymous_45)
FNDA:1,(anonymous_46)
FNDA:0,(anonymous_47)
FNDA:2,countItemsWithoutEmbeddings
FNDA:2,(anonymous_49)
FNDA:5,(anonymous_50)
FNDA:0,(anonymous_51)
FNDA:2,getItemsWithoutEmbeddingsBatch
FNDA:2,(anonymous_53)
FNDA:5,(anonymous_54)
FNDA:0,(anonymous_55)
FNDA:4,getSetting
FNDA:4,(anonymous_57)
FNDA:4,(anonymous_58)
FNDA:2,setSetting
FNDA:2,(anonymous_60)
FNDA:2,(anonymous_61)
FNDA:4,formatBytes
FNDA:3,getStorageQuotaInfo
FNDA:3,(anonymous_64)
FNDA:3,(anonymous_65)
FNDA:0,(anonymous_66)
FNDA:1,setForceRebuildFlag
FNDA:2,getForceRebuildFlag
DA:9,35
DA:10,35
DA:12,35
DA:15,35
DA:19,1
DA:25,0
DA:26,0
DA:33,30
DA:34,30
DA:35,30
DA:37,30
DA:38,1
DA:39,1
DA:41,30
DA:42,29
DA:46,29
DA:47,0
DA:48,0
DA:49,0
DA:53,29
DA:54,0
DA:55,0
DA:56,0
DA:57,0
DA:60,29
DA:61,29
DA:62,29
DA:65,30
DA:66,2
DA:67,2
DA:68,2
DA:69,1
DA:70,1
DA:71,1
DA:72,1
DA:73,1
DA:74,1
DA:79,35
DA:84,35
DA:86,2
DA:87,2
DA:88,1
DA:89,2
DA:90,2
DA:91,2
DA:92,2
DA:93,2
DA:101,35
DA:103,10
DA:104,9
DA:105,6
DA:106,9
DA:107,9
DA:108,9
DA:110,9
DA:111,9
DA:115,9
DA:116,9
DA:118,9
DA:119,9
DA:121,9
DA:132,0
DA:133,0
DA:134,0
DA:136,0
DA:137,0
DA:138,0
DA:139,0
DA:140,0
DA:142,0
DA:143,0
DA:144,0
DA:145,0
DA:146,0
DA:147,0
DA:148,0
DA:149,0
DA:150,0
DA:153,0
DA:155,0
DA:158,0
DA:171,3
DA:172,3
DA:173,3
DA:174,3
DA:176,3
DA:177,3
DA:179,3
DA:180,3
DA:181,9
DA:183,9
DA:184,6
DA:186,6
DA:187,2
DA:188,2
DA:191,6
DA:193,3
DA:194,2
DA:196,3
DA:200,3
DA:203,3
DA:208,3
DA:211,3
DA:212,3
DA:213,3
DA:214,3
DA:215,3
DA:216,3
DA:220,3
DA:221,3
DA:222,3
DA:225,3
DA:226,3
DA:227,3
DA:228,3
DA:230,3
DA:231,12
DA:233,12
DA:235,10
DA:236,4
DA:237,4
DA:238,4
DA:242,6
DA:243,5
DA:244,5
DA:245,5
DA:247,1
DA:251,2
DA:255,3
DA:258,3
DA:263,2
DA:264,2
DA:265,2
DA:266,2
DA:267,2
DA:270,2
DA:271,2
DA:273,2
DA:274,7
DA:276,7
DA:277,5
DA:278,5
DA:280,2
DA:284,2
DA:295,2
DA:296,2
DA:297,2
DA:298,2
DA:299,2
DA:300,2
DA:301,2
DA:307,2
DA:308,2
DA:309,1
DA:310,2
DA:311,2
DA:312,2
DA:313,2
DA:314,2
DA:320,1
DA:321,1
DA:322,1
DA:323,1
DA:324,1
DA:325,1
DA:326,1
DA:327,1
DA:340,2
DA:341,2
DA:342,2
DA:343,2
DA:344,2
DA:346,2
DA:347,2
DA:349,2
DA:350,5
DA:351,5
DA:352,3
DA:353,3
DA:354,3
DA:355,2
DA:357,3
DA:359,2
DA:363,2
DA:372,2
DA:373,2
DA:374,2
DA:375,2
DA:376,2
DA:377,2
DA:379,2
DA:380,5
DA:381,5
DA:382,3
DA:383,3
DA:384,1
DA:386,3
DA:388,2
DA:392,2
DA:400,4
DA:401,4
DA:402,4
DA:408,2
DA:409,2
DA:426,4
DA:427,3
DA:428,3
DA:429,3
DA:430,3
DA:434,3
DA:435,3
DA:437,3
DA:440,3
DA:441,3
DA:442,3
DA:443,3
DA:444,3
DA:445,3
DA:449,3
DA:450,3
DA:452,3
DA:453,2
DA:454,2
DA:455,1
DA:456,2
DA:457,2
DA:459,1
DA:464,3
DA:465,1
DA:466,1
DA:469,3
DA:471,3
DA:480,3
DA:481,3
DA:483,0
DA:484,0
DA:497,1
DA:498,1
DA:502,2
LF:239
LH:208
BRDA:68,0,0,1
BRDA:68,0,1,1
BRDA:87,1,0,2
BRDA:87,1,1,1
BRDA:103,2,0,1
BRDA:103,2,1,9
BRDA:104,3,0,9
BRDA:104,3,1,6
BRDA:132,4,0,0
BRDA:132,4,1,0
BRDA:144,5,0,0
BRDA:144,5,1,0
BRDA:146,6,0,0
BRDA:146,6,1,0
BRDA:146,7,0,0
BRDA:146,7,1,0
BRDA:148,8,0,0
BRDA:148,8,1,0
BRDA:170,9,0,3
BRDA:171,10,0,3
BRDA:171,10,1,3
BRDA:183,11,0,6
BRDA:183,11,1,3
BRDA:186,12,0,2
BRDA:186,12,1,4
BRDA:193,13,0,2
BRDA:193,13,1,1
BRDA:207,14,0,3
BRDA:207,15,0,3
BRDA:208,16,0,3
BRDA:208,16,1,3
BRDA:233,17,0,10
BRDA:233,17,1,2
BRDA:235,18,0,4
BRDA:235,18,1,6
BRDA:242,19,0,5
BRDA:242,19,1,1
BRDA:262,20,0,2
BRDA:263,21,0,2
BRDA:263,21,1,2
BRDA:276,22,0,5
BRDA:276,22,1,2
BRDA:276,23,0,7
BRDA:276,23,1,6
BRDA:295,24,0,2
BRDA:295,24,1,2
BRDA:300,25,0,2
BRDA:300,25,1,1
BRDA:308,26,0,2
BRDA:308,26,1,1
BRDA:321,27,0,1
BRDA:321,27,1,1
BRDA:340,28,0,2
BRDA:340,28,1,2
BRDA:351,29,0,3
BRDA:351,29,1,2
BRDA:354,30,0,2
BRDA:354,30,1,1
BRDA:354,31,0,3
BRDA:354,31,1,2
BRDA:372,32,0,2
BRDA:372,32,1,2
BRDA:381,33,0,3
BRDA:381,33,1,2
BRDA:381,34,0,5
BRDA:381,34,1,4
BRDA:383,35,0,1
BRDA:383,35,1,2
BRDA:383,36,0,3
BRDA:383,36,1,2
BRDA:402,37,0,4
BRDA:402,37,1,2
BRDA:426,38,0,1
BRDA:426,38,1,3
BRDA:440,39,0,3
BRDA:440,39,1,3
BRDA:452,40,0,2
BRDA:452,40,1,1
BRDA:452,41,0,3
BRDA:452,41,1,2
BRDA:455,42,0,1
BRDA:455,42,1,0
BRDA:456,43,0,2
BRDA:456,43,1,0
BRDA:464,44,0,1
BRDA:464,44,1,2
BRDA:464,45,0,3
BRDA:464,45,1,2
BRDA:469,46,0,1
BRDA:469,46,1,2
BRDA:475,47,0,1
BRDA:475,47,1,2
BRDA:498,48,0,1
BRDA:498,48,1,0
BRF:94
BRH:81
end_of_record
TN:
SF:src/background/diagnostics.ts
FN:71,initSearchDebugState
FN:85,isSearchDebugEnabled
FN:92,setSearchDebugEnabled
FN:106,recordSearchDebug
FN:123,recordSearchSnapshot
FN:130,getLastSearchSnapshot
FN:137,getSearchHistory
FN:144,getSearchAnalytics
FN:161,(anonymous_8)
FN:171,(anonymous_9)
FN:172,(anonymous_10)
FN:202,registerCollector
FN:212,(anonymous_12)
FN:241,(anonymous_13)
FN:250,(anonymous_14)
FN:251,(anonymous_15)
FN:252,(anonymous_16)
FN:266,(anonymous_17)
FN:287,(anonymous_18)
FN:302,(anonymous_19)
FN:324,(anonymous_20)
FN:328,(anonymous_21)
FN:360,generateDiagnosticReport
FN:387,exportDiagnosticsAsJson
FN:396,exportDiagnosticsAsText
FNF:25
FNH:19
FNDA:2,initSearchDebugState
FNDA:5,isSearchDebugEnabled
FNDA:4,setSearchDebugEnabled
FNDA:68,recordSearchDebug
FNDA:0,recordSearchSnapshot
FNDA:0,getLastSearchSnapshot
FNDA:5,getSearchHistory
FNDA:5,getSearchAnalytics
FNDA:11,(anonymous_8)
FNDA:8,(anonymous_9)
FNDA:4,(anonymous_10)
FNDA:152,registerCollector
FNDA:9,(anonymous_12)
FNDA:9,(anonymous_13)
FNDA:0,(anonymous_14)
FNDA:0,(anonymous_15)
FNDA:0,(anonymous_16)
FNDA:9,(anonymous_17)
FNDA:9,(anonymous_18)
FNDA:9,(anonymous_19)
FNDA:9,(anonymous_20)
FNDA:0,(anonymous_21)
FNDA:9,generateDiagnosticReport
FNDA:1,exportDiagnosticsAsJson
FNDA:1,exportDiagnosticsAsText
DA:8,25
DA:59,25
DA:60,25
DA:63,25
DA:66,25
DA:72,2
DA:73,2
DA:74,2
DA:75,2
DA:77,0
DA:78,0
DA:86,5
DA:93,4
DA:94,4
DA:95,4
DA:96,4
DA:98,0
DA:107,68
DA:114,68
DA:115,5
DA:124,0
DA:131,0
DA:138,5
DA:145,5
DA:146,1
DA:156,4
DA:157,4
DA:158,4
DA:159,4
DA:161,4
DA:162,11
DA:163,11
DA:164,11
DA:165,11
DA:166,11
DA:167,11
DA:170,4
DA:171,8
DA:172,4
DA:175,4
DA:197,25
DA:203,152
DA:204,152
DA:210,25
DA:213,9
DA:215,9
DA:239,25
DA:242,9
DA:243,9
DA:244,9
DA:246,9
DA:250,0
DA:251,0
DA:252,0
DA:256,0
DA:264,25
DA:267,9
DA:268,9
DA:269,9
DA:272,9
DA:277,0
DA:285,25
DA:288,9
DA:289,9
DA:290,9
DA:292,0
DA:300,25
DA:303,9
DA:305,9
DA:322,25
DA:325,9
DA:326,9
DA:328,0
DA:341,25
DA:342,25
DA:343,25
DA:344,25
DA:345,25
DA:346,25
DA:361,9
DA:363,9
DA:364,9
DA:370,9
DA:371,55
DA:372,55
DA:373,55
DA:375,10
DA:376,10
DA:380,9
DA:381,9
DA:388,1
DA:389,1
DA:397,1
DA:398,1
DA:405,1
DA:406,6
DA:407,6
DA:408,6
DA:411,1
LF:99
LH:87
BRDA:74,0,0,2
BRDA:74,0,1,1
BRDA:96,1,0,3
BRDA:96,1,1,1
BRDA:114,2,0,5
BRDA:114,2,1,63
BRDA:145,3,0,1
BRDA:145,3,1,4
BRDA:163,4,0,11
BRDA:163,4,1,8
BRDA:167,5,0,11
BRDA:167,5,1,8
BRDA:228,6,0,9
BRDA:228,6,1,9
BRDA:250,7,0,0
BRDA:250,7,1,0
BRDA:250,7,2,0
BRDA:274,8,0,9
BRDA:274,8,1,9
BRDA:310,9,0,0
BRDA:310,9,1,9
BRDA:334,10,0,0
BRDA:334,10,1,0
BRF:23
BRH:17
end_of_record
TN:
SF:src/background/embedding-processor.ts
FN:28,(anonymous_0)
FN:46,(anonymous_1)
FN:104,(anonymous_2)
FN:117,(anonymous_3)
FN:135,(anonymous_4)
FN:147,(anonymous_5)
FN:161,(anonymous_6)
FN:178,(anonymous_7)
FN:188,(anonymous_8)
FN:197,(anonymous_9)
FN:203,(anonymous_10)
FN:211,(anonymous_11)
FN:212,(anonymous_12)
FN:220,(anonymous_13)
FNF:14
FNH:14
FNDA:20,(anonymous_0)
FNDA:17,(anonymous_1)
FNDA:2,(anonymous_2)
FNDA:2,(anonymous_3)
FNDA:2,(anonymous_4)
FNDA:2,(anonymous_5)
FNDA:23,(anonymous_6)
FNDA:23,(anonymous_7)
FNDA:46,(anonymous_8)
FNDA:23,(anonymous_9)
FNDA:13,(anonymous_10)
FNDA:15,(anonymous_11)
FNDA:15,(anonymous_12)
FNDA:13,(anonymous_13)
DA:9,20
DA:26,20
DA:29,20
DA:30,20
DA:31,20
DA:32,20
DA:33,20
DA:34,20
DA:36,20
DA:39,20
DA:46,20
DA:47,17
DA:48,1
DA:49,1
DA:53,16
DA:54,0
DA:55,0
DA:56,0
DA:57,0
DA:59,0
DA:63,16
DA:64,16
DA:65,17
DA:66,1
DA:67,1
DA:68,1
DA:71,15
DA:72,15
DA:73,15
DA:74,15
DA:75,15
DA:76,15
DA:79,15
DA:81,15
DA:82,1
DA:83,1
DA:84,1
DA:87,14
DA:88,14
DA:89,1
DA:90,1
DA:91,1
DA:94,13
DA:97,13
DA:104,20
DA:105,2
DA:106,1
DA:107,1
DA:109,1
DA:110,1
DA:117,20
DA:118,2
DA:119,1
DA:120,1
DA:122,1
DA:123,1
DA:126,1
DA:127,0
DA:135,20
DA:136,2
DA:137,2
DA:138,2
DA:139,2
DA:140,2
DA:148,2
DA:149,2
DA:150,2
DA:151,1
DA:153,1
DA:162,23
DA:163,23
DA:179,23
DA:180,23
DA:181,23
DA:182,23
DA:184,0
DA:189,46
DA:190,4
DA:191,4
DA:192,4
DA:193,4
DA:194,4
DA:198,23
DA:199,23
DA:200,1
DA:204,13
DA:206,13
DA:207,0
DA:212,15
DA:220,20
DA:221,13
DA:222,0
DA:223,0
DA:225,13
DA:226,13
DA:228,13
DA:230,13
DA:232,13
DA:234,13
DA:236,16
DA:237,0
DA:238,0
DA:239,0
DA:243,16
DA:244,16
DA:245,0
DA:246,0
DA:249,0
DA:250,0
DA:252,0
DA:253,0
DA:254,0
DA:258,16
DA:260,15
DA:261,8
DA:262,8
DA:263,8
DA:264,8
DA:267,7
DA:270,7
DA:271,18
DA:274,18
DA:275,0
DA:277,18
DA:280,18
DA:282,18
DA:283,18
DA:285,14
DA:286,13
DA:287,13
DA:288,13
DA:289,13
DA:290,13
DA:291,13
DA:294,13
DA:295,1
DA:296,1
DA:305,13
DA:308,1
DA:309,1
DA:312,4
DA:313,4
DA:314,4
DA:317,4
DA:318,3
DA:319,3
DA:320,3
DA:321,3
DA:324,1
DA:329,1
DA:330,1
DA:331,1
DA:332,1
DA:334,13
DA:335,13
DA:341,20
LF:156
LH:135
BRDA:47,0,0,1
BRDA:47,0,1,16
BRDA:47,1,0,17
BRDA:47,1,1,1
BRDA:53,2,0,0
BRDA:53,2,1,16
BRDA:55,3,0,0
BRDA:55,3,1,0
BRDA:64,4,0,16
BRDA:64,4,1,0
BRDA:65,5,0,1
BRDA:65,5,1,16
BRDA:81,6,0,1
BRDA:81,6,1,14
BRDA:88,7,0,1
BRDA:88,7,1,13
BRDA:105,8,0,1
BRDA:105,8,1,1
BRDA:118,9,0,1
BRDA:118,9,1,1
BRDA:126,10,0,0
BRDA:126,10,1,1
BRDA:148,11,0,2
BRDA:148,11,1,0
BRDA:150,12,0,1
BRDA:150,12,1,1
BRDA:172,13,0,23
BRDA:172,13,1,3
BRDA:189,14,0,42
BRDA:189,14,1,4
BRDA:193,15,0,0
BRDA:193,15,1,4
BRDA:199,16,0,22
BRDA:199,16,1,1
BRDA:199,17,0,23
BRDA:199,17,1,2
BRDA:206,18,0,0
BRDA:206,18,1,13
BRDA:221,19,0,0
BRDA:221,19,1,13
BRDA:236,20,0,0
BRDA:236,20,1,16
BRDA:244,21,0,0
BRDA:244,21,1,16
BRDA:245,22,0,0
BRDA:245,22,1,0
BRDA:260,23,0,8
BRDA:260,23,1,7
BRDA:271,24,0,0
BRDA:271,24,1,18
BRDA:274,25,0,18
BRDA:274,25,1,0
BRDA:277,26,0,0
BRDA:277,26,1,18
BRDA:280,27,0,0
BRDA:280,27,1,18
BRDA:285,28,0,13
BRDA:285,28,1,1
BRDA:285,29,0,14
BRDA:285,29,1,13
BRDA:294,30,0,1
BRDA:294,30,1,12
BRDA:312,31,0,4
BRDA:312,31,1,0
BRDA:317,32,0,3
BRDA:317,32,1,1
BRDA:317,33,0,4
BRDA:317,33,1,3
BRDA:317,33,2,2
BRDA:329,34,0,0
BRDA:329,34,1,1
BRF:71
BRH:52
end_of_record
TN:
SF:src/background/embedding-text.ts
FN:28,buildEmbeddingText
FN:49,cleanUrlForEmbedding
FN:54,(anonymous_2)
FNF:3
FNH:3
FNDA:32,buildEmbeddingText
FNDA:32,cleanUrlForEmbedding
FNDA:137,(anonymous_2)
DA:12,1
DA:13,1
DA:14,1
DA:15,1
DA:18,1
DA:33,32
DA:34,32
DA:35,32
DA:37,32
DA:38,32
DA:41,32
DA:50,32
DA:53,27
DA:54,137
DA:55,8
DA:58,19
DA:59,19
DA:62,19
DA:63,19
DA:66,2
LF:20
LH:20
BRDA:33,0,0,32
BRDA:33,0,1,10
BRDA:34,1,0,32
BRDA:34,1,1,26
BRDA:50,2,0,5
BRDA:50,2,1,27
BRDA:54,3,0,8
BRDA:54,3,1,19
BRF:8
BRH:8
end_of_record
TN:
SF:src/background/favicon-cache.ts
FN:38,shouldSkipFavicon
FN:56,openFaviconDatabase
FN:61,(anonymous_2)
FN:65,(anonymous_3)
FN:70,(anonymous_4)
FN:76,(anonymous_5)
FN:92,getCachedEntry
FN:96,(anonymous_7)
FN:101,(anonymous_8)
FN:130,(anonymous_9)
FN:144,getCachedFavicon
FN:152,storeNegativeEntry
FN:156,(anonymous_12)
FN:168,(anonymous_13)
FN:172,(anonymous_14)
FN:185,cacheFavicon
FN:193,(anonymous_16)
FN:211,(anonymous_17)
FN:213,(anonymous_18)
FN:221,(anonymous_19)
FN:234,(anonymous_20)
FN:239,(anonymous_21)
FN:256,getFaviconWithCache
FN:279,(anonymous_23)
FN:290,clearFaviconCache
FN:299,(anonymous_25)
FN:304,(anonymous_26)
FN:309,(anonymous_27)
FN:323,clearExpiredFavicons
FN:331,(anonymous_29)
FN:336,(anonymous_30)
FN:354,(anonymous_31)
FN:368,getFaviconCacheStats
FN:372,(anonymous_33)
FN:377,(anonymous_34)
FN:380,(anonymous_35)
FN:382,(anonymous_36)
FN:384,(anonymous_37)
FN:390,(anonymous_38)
FNF:39
FNH:39
FNDA:20,shouldSkipFavicon
FNDA:54,openFaviconDatabase
FNDA:43,(anonymous_2)
FNDA:5,(anonymous_3)
FNDA:38,(anonymous_4)
FNDA:2,(anonymous_5)
FNDA:15,getCachedEntry
FNDA:14,(anonymous_7)
FNDA:13,(anonymous_8)
FNDA:1,(anonymous_9)
FNDA:7,getCachedFavicon
FNDA:7,storeNegativeEntry
FNDA:7,(anonymous_12)
FNDA:5,(anonymous_13)
FNDA:2,(anonymous_14)
FNDA:12,cacheFavicon
FNDA:1,(anonymous_16)
FNDA:6,(anonymous_17)
FNDA:6,(anonymous_18)
FNDA:6,(anonymous_19)
FNDA:5,(anonymous_20)
FNDA:1,(anonymous_21)
FNDA:20,getFaviconWithCache
FNDA:4,(anonymous_23)
FNDA:5,clearFaviconCache
FNDA:4,(anonymous_25)
FNDA:3,(anonymous_26)
FNDA:1,(anonymous_27)
FNDA:6,clearExpiredFavicons
FNDA:5,(anonymous_29)
FNDA:9,(anonymous_30)
FNDA:1,(anonymous_31)
FNDA:9,getFaviconCacheStats
FNDA:8,(anonymous_33)
FNDA:7,(anonymous_34)
FNDA:8,(anonymous_35)
FNDA:5,(anonymous_36)
FNDA:5,(anonymous_37)
FNDA:1,(anonymous_38)
DA:5,54
DA:7,54
DA:8,54
DA:9,54
DA:12,54
DA:15,54
DA:18,54
DA:21,54
DA:30,54
DA:33,54
DA:39,20
DA:41,19
DA:43,16
DA:45,15
DA:47,14
DA:49,11
DA:50,8
DA:57,54
DA:58,11
DA:61,43
DA:62,43
DA:63,43
DA:65,43
DA:66,5
DA:67,5
DA:70,43
DA:71,38
DA:72,38
DA:73,38
DA:76,43
DA:77,2
DA:78,2
DA:79,2
DA:80,1
DA:81,1
DA:82,1
DA:93,15
DA:94,15
DA:96,14
DA:97,14
DA:98,14
DA:99,14
DA:101,14
DA:102,13
DA:104,13
DA:105,6
DA:106,6
DA:109,7
DA:110,7
DA:113,7
DA:114,13
DA:115,2
DA:116,2
DA:117,2
DA:120,5
DA:121,2
DA:122,2
DA:123,2
DA:126,3
DA:127,3
DA:130,14
DA:131,1
DA:132,1
DA:136,2
DA:137,2
DA:145,7
DA:146,7
DA:153,7
DA:154,7
DA:156,7
DA:157,7
DA:158,7
DA:160,7
DA:167,7
DA:168,7
DA:169,5
DA:170,5
DA:172,7
DA:173,2
DA:174,2
DA:178,2
DA:186,12
DA:188,12
DA:190,12
DA:192,12
DA:193,12
DA:196,12
DA:197,12
DA:199,12
DA:202,8
DA:203,2
DA:204,2
DA:205,2
DA:208,6
DA:211,6
DA:212,6
DA:213,6
DA:214,6
DA:215,6
DA:219,6
DA:221,6
DA:222,6
DA:223,6
DA:225,6
DA:232,6
DA:234,6
DA:235,5
DA:236,5
DA:239,6
DA:240,1
DA:241,1
DA:245,5
DA:247,5
DA:248,5
DA:258,20
DA:259,12
DA:263,8
DA:264,8
DA:265,2
DA:267,6
DA:268,1
DA:272,5
DA:273,5
DA:274,1
DA:275,1
DA:279,4
DA:280,4
DA:283,4
DA:284,4
DA:291,5
DA:293,5
DA:294,5
DA:297,4
DA:299,4
DA:300,4
DA:301,4
DA:302,4
DA:304,4
DA:305,3
DA:306,3
DA:309,4
DA:310,1
DA:311,1
DA:315,2
DA:316,2
DA:324,6
DA:326,6
DA:327,6
DA:328,5
DA:329,5
DA:331,5
DA:332,5
DA:333,5
DA:334,5
DA:336,5
DA:337,9
DA:338,9
DA:339,5
DA:340,5
DA:341,5
DA:343,5
DA:344,2
DA:345,2
DA:347,5
DA:349,4
DA:350,4
DA:354,5
DA:355,1
DA:356,1
DA:360,2
DA:361,2
DA:369,9
DA:370,9
DA:372,8
DA:373,8
DA:374,8
DA:375,8
DA:377,8
DA:378,7
DA:380,8
DA:381,7
DA:382,7
DA:383,7
DA:384,5
DA:387,7
DA:390,8
DA:391,1
DA:392,1
DA:396,2
DA:397,2
LF:190
LH:190
BRDA:39,0,0,1
BRDA:39,0,1,19
BRDA:41,1,0,3
BRDA:41,1,1,16
BRDA:41,2,0,19
BRDA:41,2,1,18
BRDA:41,2,2,17
BRDA:43,3,0,1
BRDA:43,3,1,15
BRDA:45,4,0,1
BRDA:45,4,1,14
BRDA:45,5,0,15
BRDA:45,5,1,14
BRDA:47,6,0,3
BRDA:47,6,1,11
BRDA:47,7,0,14
BRDA:47,7,1,13
BRDA:47,7,2,12
BRDA:49,8,0,3
BRDA:49,8,1,8
BRDA:49,9,0,11
BRDA:49,9,1,10
BRDA:49,9,2,9
BRDA:57,10,0,11
BRDA:57,10,1,43
BRDA:79,11,0,1
BRDA:79,11,1,1
BRDA:104,12,0,6
BRDA:104,12,1,7
BRDA:113,13,0,3
BRDA:113,13,1,4
BRDA:114,14,0,2
BRDA:114,14,1,11
BRDA:115,15,0,1
BRDA:115,15,1,1
BRDA:120,16,0,2
BRDA:120,16,1,3
BRDA:202,17,0,2
BRDA:202,17,1,6
BRDA:258,18,0,12
BRDA:258,18,1,8
BRDA:264,19,0,2
BRDA:264,19,1,6
BRDA:267,20,0,1
BRDA:267,20,1,5
BRDA:273,21,0,1
BRDA:273,21,1,4
BRDA:338,22,0,5
BRDA:338,22,1,4
BRDA:341,23,0,2
BRDA:341,23,1,3
BRDA:343,24,0,2
BRDA:343,24,1,3
BRDA:383,25,0,3
BRDA:383,25,1,4
BRF:55
BRH:55
end_of_record
TN:
SF:src/background/indexing.ts
FN:18,generateItemEmbedding
FN:61,generateBatchEmbeddings
FN:69,(anonymous_2)
FN:88,(anonymous_3)
FN:94,(anonymous_4)
FN:100,(anonymous_5)
FN:107,performFullRebuild
FN:139,ingestHistory
FN:206,performFullHistoryIndex
FN:275,(anonymous_9)
FN:296,performIncrementalHistoryIndex
FN:359,(anonymous_11)
FN:376,performIncrementalHistoryIndexManual
FN:440,(anonymous_13)
FN:461,getFullHistory
FN:488,(anonymous_15)
FN:505,(anonymous_16)
FN:520,(anonymous_17)
FN:521,(anonymous_18)
FN:551,getHistorySince
FN:552,(anonymous_20)
FN:564,clearIndexedData
FN:574,compareVersions
FN:597,collectBookmarks
FN:625,performBookmarksIndex
FN:639,(anonymous_25)
FN:640,(anonymous_26)
FN:727,clearBookmarkFlags
FN:753,mergeMetadata
FNF:29
FNH:22
FNDA:4,generateItemEmbedding
FNDA:1,generateBatchEmbeddings
FNDA:0,(anonymous_2)
FNDA:2,(anonymous_3)
FNDA:2,(anonymous_4)
FNDA:0,(anonymous_5)
FNDA:1,performFullRebuild
FNDA:2,ingestHistory
FNDA:2,performFullHistoryIndex
FNDA:0,(anonymous_9)
FNDA:0,performIncrementalHistoryIndex
FNDA:0,(anonymous_11)
FNDA:4,performIncrementalHistoryIndexManual
FNDA:0,(anonymous_13)
FNDA:2,getFullHistory
FNDA:2,(anonymous_15)
FNDA:2,(anonymous_16)
FNDA:1,(anonymous_17)
FNDA:0,(anonymous_18)
FNDA:4,getHistorySince
FNDA:4,(anonymous_20)
FNDA:2,clearIndexedData
FNDA:2,compareVersions
FNDA:8,collectBookmarks
FNDA:7,performBookmarksIndex
FNDA:6,(anonymous_25)
FNDA:3,(anonymous_26)
FNDA:2,clearBookmarkFlags
FNDA:16,mergeMetadata
DA:13,1
DA:19,4
DA:21,4
DA:22,4
DA:23,1
DA:27,3
DA:30,3
DA:31,1
DA:34,1
DA:35,1
DA:38,1
DA:40,1
DA:42,1
DA:44,1
DA:45,0
DA:46,0
DA:48,1
DA:49,1
DA:52,0
DA:53,0
DA:65,1
DA:67,1
DA:68,1
DA:69,0
DA:72,1
DA:74,1
DA:75,1
DA:78,1
DA:79,1
DA:83,1
DA:84,1
DA:85,1
DA:87,1
DA:88,2
DA:91,1
DA:94,2
DA:95,1
DA:97,1
DA:99,0
DA:100,0
DA:108,1
DA:109,1
DA:111,1
DA:113,1
DA:114,1
DA:117,1
DA:120,1
DA:121,1
DA:122,1
DA:123,1
DA:127,1
DA:128,1
DA:129,1
DA:131,1
DA:132,1
DA:134,0
DA:135,0
DA:140,2
DA:142,2
DA:143,2
DA:145,2
DA:148,2
DA:151,2
DA:152,1
DA:158,2
DA:160,2
DA:161,1
DA:162,1
DA:163,1
DA:164,1
DA:167,1
DA:168,1
DA:169,1
DA:172,1
DA:173,1
DA:178,0
DA:179,0
DA:180,0
DA:181,0
DA:186,2
DA:187,2
DA:188,2
DA:189,2
DA:190,2
DA:191,2
DA:192,2
DA:193,2
DA:194,2
DA:195,2
DA:199,2
DA:201,2
DA:202,1
DA:207,2
DA:208,2
DA:211,2
DA:214,2
DA:215,2
DA:216,2
DA:222,2
DA:223,0
DA:224,0
DA:225,0
DA:233,2
DA:234,2
DA:235,2
DA:237,2
DA:238,1
DA:239,1
DA:240,1
DA:242,1
DA:249,1
DA:250,1
DA:251,1
DA:266,1
DA:267,1
DA:269,0
DA:274,1
DA:275,0
DA:279,1
DA:280,1
DA:281,1
DA:290,1
DA:297,0
DA:300,0
DA:301,0
DA:302,0
DA:305,0
DA:306,0
DA:309,0
DA:311,0
DA:312,0
DA:314,0
DA:315,0
DA:317,0
DA:319,0
DA:321,0
DA:322,0
DA:328,0
DA:329,0
DA:333,0
DA:347,0
DA:348,0
DA:352,0
DA:358,0
DA:359,0
DA:363,0
DA:366,0
DA:367,0
DA:368,0
DA:369,0
DA:382,4
DA:385,4
DA:387,4
DA:388,1
DA:391,3
DA:392,3
DA:395,3
DA:397,3
DA:398,3
DA:400,3
DA:401,3
DA:403,3
DA:405,3
DA:407,2
DA:408,1
DA:414,1
DA:415,1
DA:419,1
DA:430,1
DA:431,1
DA:434,0
DA:439,3
DA:440,0
DA:444,3
DA:445,3
DA:447,3
DA:454,3
DA:462,2
DA:463,2
DA:464,2
DA:465,2
DA:466,2
DA:468,2
DA:475,2
DA:476,2
DA:477,2
DA:478,2
DA:479,2
DA:481,2
DA:488,2
DA:489,2
DA:497,2
DA:498,2
DA:505,2
DA:508,2
DA:509,2
DA:515,2
DA:520,2
DA:521,1
DA:522,1
DA:523,1
DA:525,0
DA:526,0
DA:528,1
DA:531,1
DA:534,2
DA:535,2
DA:545,2
DA:552,4
DA:553,4
DA:565,2
DA:568,2
DA:575,2
DA:576,2
DA:578,2
DA:579,4
DA:580,4
DA:582,4
DA:583,3
DA:586,1
DA:601,8
DA:603,8
DA:604,12
DA:606,7
DA:611,5
DA:613,5
DA:614,5
DA:618,8
DA:626,7
DA:627,1
DA:628,1
DA:631,6
DA:632,6
DA:634,6
DA:635,6
DA:637,6
DA:639,6
DA:640,6
DA:641,3
DA:642,0
DA:643,0
DA:645,3
DA:650,3
DA:651,3
DA:654,3
DA:655,7
DA:657,7
DA:658,2
DA:662,5
DA:664,5
DA:666,2
DA:667,2
DA:669,2
DA:670,2
DA:673,2
DA:674,2
DA:680,2
DA:681,2
DA:684,3
DA:697,3
DA:698,3
DA:701,0
DA:708,3
DA:709,3
DA:715,3
DA:718,3
DA:721,6
DA:728,2
DA:730,2
DA:731,2
DA:732,2
DA:734,2
DA:735,2
DA:736,2
DA:737,1
DA:738,1
DA:739,1
DA:740,1
DA:744,2
DA:746,0
DA:757,16
DA:758,16
DA:760,16
DA:763,16
DA:765,15
DA:766,7
DA:768,7
DA:779,8
DA:781,8
DA:782,8
DA:783,8
DA:785,8
DA:790,15
DA:791,15
DA:792,14
DA:794,2
LF:296
LH:242
BRDA:21,0,0,4
BRDA:21,0,1,0
BRDA:22,1,0,1
BRDA:22,1,1,3
BRDA:30,2,0,2
BRDA:30,2,1,1
BRDA:31,3,0,0
BRDA:31,3,1,1
BRDA:44,4,0,0
BRDA:44,4,1,1
BRDA:44,5,0,1
BRDA:44,5,1,0
BRDA:63,6,0,1
BRDA:67,7,0,1
BRDA:67,7,1,0
BRDA:68,8,0,0
BRDA:68,8,1,1
BRDA:122,9,0,1
BRDA:122,9,1,0
BRDA:151,10,0,1
BRDA:151,10,1,1
BRDA:160,11,0,1
BRDA:160,11,1,1
BRDA:172,12,0,1
BRDA:172,12,1,0
BRDA:188,13,0,2
BRDA:188,13,1,0
BRDA:192,14,0,2
BRDA:192,14,1,0
BRDA:192,15,0,2
BRDA:192,15,1,1
BRDA:201,16,0,1
BRDA:201,16,1,1
BRDA:201,17,0,2
BRDA:201,17,1,1
BRDA:222,18,0,0
BRDA:222,18,1,2
BRDA:253,19,0,1
BRDA:253,19,1,0
BRDA:257,20,0,1
BRDA:257,20,1,0
BRDA:258,21,0,1
BRDA:258,21,1,0
BRDA:274,22,0,0
BRDA:274,22,1,1
BRDA:301,23,0,0
BRDA:301,23,1,0
BRDA:319,24,0,0
BRDA:319,24,1,0
BRDA:321,25,0,0
BRDA:321,25,1,0
BRDA:324,26,0,0
BRDA:324,26,1,0
BRDA:326,27,0,0
BRDA:326,27,1,0
BRDA:335,28,0,0
BRDA:335,28,1,0
BRDA:339,29,0,0
BRDA:339,29,1,0
BRDA:358,30,0,0
BRDA:358,30,1,0
BRDA:366,31,0,0
BRDA:366,31,1,0
BRDA:366,32,0,0
BRDA:366,32,1,0
BRDA:387,33,0,1
BRDA:387,33,1,3
BRDA:405,34,0,2
BRDA:405,34,1,1
BRDA:407,35,0,1
BRDA:407,35,1,1
BRDA:410,36,0,1
BRDA:410,36,1,0
BRDA:412,37,0,1
BRDA:412,37,1,0
BRDA:421,38,0,1
BRDA:421,38,1,0
BRDA:425,39,0,1
BRDA:425,39,1,0
BRDA:439,40,0,0
BRDA:439,40,1,3
BRDA:508,41,0,2
BRDA:508,41,1,0
BRDA:522,42,0,1
BRDA:522,42,1,0
BRDA:522,43,0,1
BRDA:522,43,1,0
BRDA:523,44,0,0
BRDA:523,44,1,1
BRDA:579,45,0,4
BRDA:579,45,1,2
BRDA:580,46,0,4
BRDA:580,46,1,2
BRDA:582,47,0,1
BRDA:582,47,1,3
BRDA:583,48,0,0
BRDA:583,48,1,3
BRDA:599,49,0,8
BRDA:604,50,0,7
BRDA:604,50,1,5
BRDA:608,51,0,7
BRDA:608,51,1,0
BRDA:611,52,0,5
BRDA:611,52,1,0
BRDA:613,53,0,2
BRDA:613,53,1,3
BRDA:625,54,0,7
BRDA:626,55,0,1
BRDA:626,55,1,6
BRDA:641,56,0,0
BRDA:641,56,1,3
BRDA:657,57,0,2
BRDA:657,57,1,5
BRDA:657,58,0,7
BRDA:657,58,1,7
BRDA:664,59,0,2
BRDA:664,59,1,3
BRDA:669,60,0,2
BRDA:669,60,1,0
BRDA:669,61,0,2
BRDA:669,61,1,2
BRDA:669,61,2,2
BRDA:673,62,0,2
BRDA:673,62,1,0
BRDA:676,63,0,2
BRDA:676,63,1,2
BRDA:736,64,0,1
BRDA:736,64,1,1
BRDA:765,65,0,7
BRDA:765,65,1,8
BRDA:770,66,0,7
BRDA:770,66,1,1
BRDA:772,67,0,7
BRDA:772,67,1,5
BRDA:773,68,0,7
BRDA:773,68,1,6
BRDA:776,69,0,7
BRDA:776,69,1,1
BRDA:776,70,0,7
BRDA:776,70,1,5
BRDA:781,71,0,3
BRDA:781,71,1,5
BRDA:781,72,0,8
BRDA:781,72,1,3
BRDA:782,73,0,2
BRDA:782,73,1,6
BRDA:782,74,0,8
BRDA:782,74,1,2
BRDA:783,75,0,2
BRDA:783,75,1,6
BRDA:783,76,0,8
BRDA:783,76,1,3
BRDA:785,77,0,8
BRDA:785,77,1,0
BRDA:785,78,0,8
BRDA:785,78,1,0
BRF:156
BRH:104
end_of_record
TN:
SF:src/background/ollama-service.ts
FN:23,readResponseWithLimit
FN:50,readJsonWithLimit
FN:86,(anonymous_2)
FN:106,(anonymous_3)
FN:129,(anonymous_4)
FN:142,(anonymous_5)
FN:143,(anonymous_6)
FN:200,(anonymous_7)
FN:291,(anonymous_8)
FN:299,(anonymous_9)
FN:323,(anonymous_10)
FN:462,(anonymous_11)
FN:487,(anonymous_12)
FN:494,(anonymous_13)
FN:510,(anonymous_14)
FN:544,(anonymous_15)
FN:553,(anonymous_16)
FN:561,(anonymous_17)
FN:574,isCircuitBreakerOpen
FN:578,recordCircuitBreakerFailure
FN:582,recordCircuitBreakerSuccess
FN:593,(anonymous_21)
FN:602,(anonymous_22)
FN:607,acquireOllamaSlot
FN:608,releaseOllamaSlot
FN:617,checkMemoryPressure
FN:651,getOllamaConfigFromSettings
FN:681,getOllamaService
FN:694,(anonymous_28)
FNF:29
FNH:25
FNDA:61,readResponseWithLimit
FNDA:37,readJsonWithLimit
FNDA:41,(anonymous_2)
FNDA:48,(anonymous_3)
FNDA:0,(anonymous_4)
FNDA:28,(anonymous_5)
FNDA:28,(anonymous_6)
FNDA:44,(anonymous_7)
FNDA:0,(anonymous_8)
FNDA:1,(anonymous_9)
FNDA:1,(anonymous_10)
FNDA:59,(anonymous_11)
FNDA:9,(anonymous_12)
FNDA:2,(anonymous_13)
FNDA:3,(anonymous_14)
FNDA:19,(anonymous_15)
FNDA:7,(anonymous_16)
FNDA:55,(anonymous_17)
FNDA:11,isCircuitBreakerOpen
FNDA:0,recordCircuitBreakerFailure
FNDA:0,recordCircuitBreakerSuccess
FNDA:49,(anonymous_21)
FNDA:58,(anonymous_22)
FNDA:7,acquireOllamaSlot
FNDA:12,releaseOllamaSlot
FNDA:47,checkMemoryPressure
FNDA:5,getOllamaConfigFromSettings
FNDA:8,getOllamaService
FNDA:3,(anonymous_28)
DA:16,59
DA:17,59
DA:21,59
DA:26,61
DA:27,61
DA:28,61
DA:32,0
DA:33,0
DA:34,0
DA:35,0
DA:36,0
DA:37,0
DA:38,0
DA:39,0
DA:40,0
DA:41,0
DA:42,0
DA:44,0
DA:46,0
DA:47,0
DA:51,37
DA:52,37
DA:82,41
DA:83,41
DA:84,41
DA:87,41
DA:94,41
DA:95,41
DA:107,48
DA:110,48
DA:111,16
DA:115,16
DA:122,32
DA:127,32
DA:128,32
DA:129,32
DA:131,32
DA:132,32
DA:136,29
DA:137,29
DA:139,29
DA:140,28
DA:141,28
DA:142,28
DA:143,28
DA:145,28
DA:146,28
DA:148,28
DA:154,28
DA:155,25
DA:157,3
DA:160,28
DA:168,1
DA:169,1
DA:170,1
DA:178,3
DA:179,3
DA:181,3
DA:182,3
DA:183,3
DA:185,3
DA:201,44
DA:206,44
DA:207,44
DA:208,1
DA:209,1
DA:212,44
DA:215,44
DA:216,1
DA:223,43
DA:224,43
DA:225,1
DA:232,42
DA:233,1
DA:240,41
DA:241,1
DA:242,1
DA:248,40
DA:255,40
DA:256,40
DA:257,3
DA:258,3
DA:259,3
DA:270,37
DA:271,37
DA:276,37
DA:285,37
DA:286,37
DA:290,37
DA:291,44
DA:294,44
DA:295,1
DA:296,0
DA:297,0
DA:299,1
DA:300,1
DA:301,1
DA:306,37
DA:307,44
DA:308,44
DA:310,44
DA:317,33
DA:318,33
DA:320,33
DA:322,33
DA:323,24
DA:328,24
DA:329,5
DA:335,5
DA:336,5
DA:344,19
DA:345,19
DA:347,19
DA:349,1
DA:350,1
DA:351,1
DA:352,1
DA:360,19
DA:367,19
DA:370,9
DA:371,9
DA:372,9
DA:373,9
DA:374,9
DA:376,9
DA:379,9
DA:381,44
DA:389,44
DA:390,2
DA:392,2
DA:401,7
DA:402,7
DA:409,7
DA:410,7
DA:412,7
DA:420,23
DA:421,23
DA:422,23
DA:425,23
DA:426,19
DA:429,23
DA:430,4
DA:431,4
DA:432,4
DA:438,19
DA:445,23
DA:447,23
DA:455,37
DA:463,7
DA:464,2
DA:467,5
DA:468,5
DA:469,5
DA:471,5
DA:472,13
DA:473,13
DA:474,13
DA:477,5
DA:478,1
DA:481,4
DA:488,9
DA:495,2
DA:496,2
DA:497,2
DA:498,2
DA:499,2
DA:511,3
DA:513,3
DA:514,3
DA:517,3
DA:519,3
DA:520,1
DA:521,1
DA:522,1
DA:523,1
DA:525,2
DA:526,2
DA:529,0
DA:530,0
DA:537,59
DA:545,19
DA:546,19
DA:547,19
DA:548,5
DA:549,5
DA:554,7
DA:555,0
DA:557,7
DA:558,7
DA:562,55
DA:564,7
DA:565,2
DA:566,2
DA:567,2
DA:568,2
DA:570,5
DA:575,11
DA:579,0
DA:583,0
DA:589,59
DA:594,49
DA:595,2
DA:596,2
DA:598,47
DA:599,47
DA:603,58
DA:607,7
DA:608,12
DA:612,59
DA:613,59
DA:614,59
DA:615,59
DA:618,47
DA:620,47
DA:621,47
DA:622,3
DA:623,3
DA:624,3
DA:625,2
DA:627,3
DA:633,44
DA:634,0
DA:635,0
DA:637,0
DA:639,0
DA:641,44
DA:645,59
DA:652,5
DA:654,5
DA:656,4
DA:657,5
DA:659,5
DA:660,5
DA:661,5
DA:662,1
DA:666,4
DA:670,5
DA:672,1
DA:673,1
DA:683,8
DA:684,5
DA:685,5
DA:686,5
DA:687,5
DA:691,3
DA:692,2
DA:693,2
DA:694,3
DA:696,2
DA:697,1
DA:701,1
DA:703,1
DA:706,1
DA:709,3
LF:254
LH:229
BRDA:23,0,0,61
BRDA:27,1,0,61
BRDA:27,1,1,0
BRDA:27,2,0,61
BRDA:27,2,1,0
BRDA:28,3,0,24
BRDA:28,3,1,37
BRDA:38,4,0,0
BRDA:38,4,1,0
BRDA:40,5,0,0
BRDA:40,5,1,0
BRDA:50,6,0,37
BRDA:88,7,0,41
BRDA:88,7,1,40
BRDA:89,8,0,41
BRDA:89,8,1,1
BRDA:90,9,0,41
BRDA:90,9,1,35
BRDA:91,10,0,41
BRDA:91,10,1,40
BRDA:110,11,0,16
BRDA:110,11,1,32
BRDA:110,12,0,48
BRDA:110,12,1,16
BRDA:139,13,0,28
BRDA:139,13,1,1
BRDA:141,14,0,27
BRDA:141,14,1,1
BRDA:142,15,0,28
BRDA:142,15,1,1
BRDA:154,16,0,25
BRDA:154,16,1,3
BRDA:162,17,0,25
BRDA:162,17,1,3
BRDA:163,18,0,28
BRDA:163,18,1,25
BRDA:164,19,0,25
BRDA:164,19,1,3
BRDA:181,20,0,3
BRDA:181,20,1,0
BRDA:207,21,0,1
BRDA:207,21,1,43
BRDA:212,22,0,2
BRDA:212,22,1,42
BRDA:215,23,0,1
BRDA:215,23,1,43
BRDA:224,24,0,1
BRDA:224,24,1,42
BRDA:232,25,0,1
BRDA:232,25,1,41
BRDA:240,26,0,1
BRDA:240,26,1,40
BRDA:256,27,0,3
BRDA:256,27,1,37
BRDA:258,28,0,3
BRDA:258,28,1,0
BRDA:264,29,0,3
BRDA:264,29,1,0
BRDA:290,30,0,1
BRDA:290,30,1,36
BRDA:294,31,0,1
BRDA:294,31,1,43
BRDA:295,32,0,0
BRDA:295,32,1,1
BRDA:306,33,0,1
BRDA:306,33,1,36
BRDA:322,34,0,24
BRDA:322,34,1,9
BRDA:328,35,0,5
BRDA:328,35,1,19
BRDA:328,36,0,24
BRDA:328,36,1,5
BRDA:328,36,2,1
BRDA:347,37,0,1
BRDA:347,37,1,18
BRDA:367,38,0,1
BRDA:367,38,1,18
BRDA:379,39,0,9
BRDA:379,39,1,2
BRDA:383,40,0,44
BRDA:383,40,1,2
BRDA:389,41,0,2
BRDA:389,41,1,42
BRDA:421,42,0,23
BRDA:421,42,1,0
BRDA:422,43,0,23
BRDA:422,43,1,19
BRDA:425,44,0,19
BRDA:425,44,1,4
BRDA:429,45,0,4
BRDA:429,45,1,19
BRDA:463,46,0,2
BRDA:463,46,1,5
BRDA:463,47,0,7
BRDA:463,47,1,6
BRDA:477,48,0,1
BRDA:477,48,1,4
BRDA:477,49,0,5
BRDA:477,49,1,4
BRDA:519,50,0,1
BRDA:519,50,1,2
BRDA:547,51,0,5
BRDA:547,51,1,14
BRDA:554,52,0,0
BRDA:554,52,1,7
BRDA:562,53,0,48
BRDA:562,53,1,7
BRDA:564,54,0,2
BRDA:564,54,1,5
BRDA:594,55,0,2
BRDA:594,55,1,47
BRDA:621,56,0,3
BRDA:621,56,1,44
BRDA:624,57,0,2
BRDA:624,57,1,1
BRDA:633,58,0,0
BRDA:633,58,1,44
BRDA:634,59,0,0
BRDA:634,59,1,0
BRDA:651,60,0,5
BRDA:656,61,0,4
BRDA:656,61,1,0
BRDA:657,62,0,5
BRDA:657,62,1,0
BRDA:661,63,0,1
BRDA:661,63,1,4
BRDA:661,64,0,5
BRDA:661,64,1,1
BRDA:661,64,2,1
BRDA:666,65,0,2
BRDA:666,65,1,2
BRDA:667,66,0,2
BRDA:667,66,1,0
BRDA:668,67,0,2
BRDA:668,67,1,1
BRDA:683,68,0,5
BRDA:683,68,1,3
BRDA:685,69,0,5
BRDA:685,69,1,0
BRDA:691,70,0,2
BRDA:691,70,1,1
BRDA:696,71,0,1
BRDA:696,71,1,1
BRF:143
BRH:124
end_of_record
TN:
SF:src/background/performance-monitor.ts
FN:59,isValidPersistedMetrics
FN:71,defaultPersistedMetrics
FN:86,(anonymous_2)
FN:99,(anonymous_3)
FN:109,(anonymous_4)
FN:122,(anonymous_5)
FN:132,(anonymous_6)
FN:142,(anonymous_7)
FN:150,(anonymous_8)
FN:160,(anonymous_9)
FN:168,(anonymous_10)
FN:202,(anonymous_11)
FN:212,(anonymous_12)
FN:213,(anonymous_13)
FN:224,(anonymous_14)
FN:228,(anonymous_15)
FN:229,(anonymous_16)
FN:245,(anonymous_17)
FN:247,(anonymous_18)
FN:249,(anonymous_19)
FN:251,(anonymous_20)
FN:253,(anonymous_21)
FN:259,(anonymous_22)
FN:265,(anonymous_23)
FN:282,getPerformanceMetrics
FN:289,formatUptime
FN:317,formatMetricsForDisplay
FNF:27
FNH:24
FNDA:4,isValidPersistedMetrics
FNDA:33,defaultPersistedMetrics
FNDA:2,(anonymous_2)
FNDA:2,(anonymous_3)
FNDA:127,(anonymous_4)
FNDA:3,(anonymous_5)
FNDA:7,(anonymous_6)
FNDA:3,(anonymous_7)
FNDA:2,(anonymous_8)
FNDA:25,(anonymous_9)
FNDA:116,(anonymous_10)
FNDA:31,(anonymous_11)
FNDA:31,(anonymous_12)
FNDA:31,(anonymous_13)
FNDA:4,(anonymous_14)
FNDA:4,(anonymous_15)
FNDA:4,(anonymous_16)
FNDA:0,(anonymous_17)
FNDA:34,(anonymous_18)
FNDA:0,(anonymous_19)
FNDA:135,(anonymous_20)
FNDA:0,(anonymous_21)
FNDA:7,(anonymous_22)
FNDA:7,(anonymous_23)
FNDA:1,getPerformanceMetrics
FNDA:12,formatUptime
FNDA:7,formatMetricsForDisplay
DA:6,2
DA:8,2
DA:9,2
DA:10,2
DA:60,4
DA:61,1
DA:62,1
DA:72,33
DA:88,2
DA:89,2
DA:90,2
DA:93,2
DA:94,2
DA:95,2
DA:100,2
DA:101,2
DA:103,2
DA:110,127
DA:111,127
DA:112,10
DA:114,127
DA:115,127
DA:116,127
DA:123,3
DA:124,3
DA:125,3
DA:126,3
DA:133,7
DA:134,7
DA:135,7
DA:136,7
DA:143,3
DA:144,3
DA:151,2
DA:152,2
DA:153,2
DA:161,25
DA:162,4
DA:165,25
DA:166,25
DA:167,25
DA:168,116
DA:170,25
DA:171,25
DA:172,25
DA:174,25
DA:203,31
DA:204,31
DA:205,31
DA:206,31
DA:207,31
DA:208,12
DA:209,12
DA:211,31
DA:212,31
DA:213,31
DA:218,31
DA:225,4
DA:226,4
DA:227,4
DA:228,4
DA:229,4
DA:231,4
DA:232,4
DA:233,1
DA:234,1
DA:235,3
DA:236,0
DA:239,0
DA:245,0
DA:247,34
DA:249,0
DA:252,135
DA:253,15
DA:254,0
DA:255,0
DA:260,7
DA:261,2
DA:262,2
DA:264,7
DA:265,7
DA:266,7
DA:267,0
DA:271,0
DA:277,2
DA:283,1
DA:290,12
DA:291,12
DA:292,12
DA:293,12
DA:295,12
DA:296,1
DA:297,11
DA:298,1
DA:299,10
DA:300,8
DA:302,2
DA:318,7
LF:98
LH:90
BRDA:60,0,0,3
BRDA:60,0,1,1
BRDA:60,1,0,4
BRDA:60,1,1,1
BRDA:62,2,0,1
BRDA:62,2,1,1
BRDA:62,2,2,1
BRDA:62,2,3,1
BRDA:62,2,4,1
BRDA:62,2,5,1
BRDA:62,2,6,1
BRDA:100,3,0,2
BRDA:100,3,1,0
BRDA:111,4,0,10
BRDA:111,4,1,117
BRDA:161,5,0,4
BRDA:161,5,1,21
BRDA:167,6,0,9
BRDA:167,6,1,16
BRDA:170,7,0,9
BRDA:170,7,1,16
BRDA:171,8,0,9
BRDA:171,8,1,16
BRDA:172,9,0,9
BRDA:172,9,1,16
BRDA:207,10,0,12
BRDA:207,10,1,19
BRDA:225,11,0,0
BRDA:225,11,1,4
BRDA:232,12,0,1
BRDA:232,12,1,3
BRDA:235,13,0,0
BRDA:235,13,1,3
BRDA:252,14,0,120
BRDA:252,14,1,15
BRDA:260,15,0,2
BRDA:260,15,1,5
BRDA:266,16,0,0
BRDA:266,16,1,7
BRDA:295,17,0,1
BRDA:295,17,1,11
BRDA:297,18,0,1
BRDA:297,18,1,10
BRDA:299,19,0,8
BRDA:299,19,1,2
BRDA:325,20,0,1
BRDA:325,20,1,6
BRF:47
BRH:43
end_of_record
TN:
SF:src/background/ranking-report.ts
FN:30,getGitHubPAT
FN:38,generateRankingReport
FN:55,formatReportBody
FN:74,(anonymous_3)
FN:76,(anonymous_4)
FN:118,(anonymous_5)
FN:134,(anonymous_6)
FN:135,(anonymous_7)
FN:139,(anonymous_8)
FN:143,(anonymous_9)
FN:188,pickInterestingItems
FN:199,(anonymous_11)
FN:201,(anonymous_12)
FN:207,(anonymous_13)
FN:214,createGitHubIssue
FN:238,(anonymous_15)
FN:252,buildGitHubIssueUrl
FNF:17
FNH:17
FNDA:4,getGitHubPAT
FNDA:18,generateRankingReport
FNDA:17,formatReportBody
FNDA:33,(anonymous_3)
FNDA:3,(anonymous_4)
FNDA:127,(anonymous_5)
FNDA:54,(anonymous_6)
FNDA:54,(anonymous_7)
FNDA:54,(anonymous_8)
FNDA:189,(anonymous_9)
FNDA:17,pickInterestingItems
FNDA:89,(anonymous_11)
FNDA:89,(anonymous_12)
FNDA:31,(anonymous_13)
FNDA:4,createGitHubIssue
FNDA:1,(anonymous_15)
FNDA:3,buildGitHubIssueUrl
DA:8,1
DA:10,1
DA:11,1
DA:12,1
DA:31,4
DA:32,4
DA:39,18
DA:40,18
DA:41,1
DA:42,1
DA:45,17
DA:46,17
DA:47,17
DA:49,17
DA:50,17
DA:52,17
DA:61,17
DA:62,17
DA:64,17
DA:65,17
DA:68,17
DA:69,17
DA:70,17
DA:71,17
DA:72,17
DA:73,17
DA:74,33
DA:75,17
DA:76,3
DA:78,17
DA:79,17
DA:80,17
DA:81,17
DA:82,17
DA:83,17
DA:85,17
DA:86,1
DA:87,1
DA:88,1
DA:89,1
DA:93,17
DA:94,17
DA:95,17
DA:96,17
DA:97,17
DA:98,17
DA:99,17
DA:100,17
DA:101,17
DA:102,17
DA:103,17
DA:104,17
DA:105,17
DA:106,17
DA:109,17
DA:110,17
DA:111,17
DA:112,17
DA:113,17
DA:115,17
DA:116,64
DA:117,64
DA:118,127
DA:121,64
DA:122,64
DA:126,17
DA:129,17
DA:130,17
DA:131,17
DA:132,17
DA:133,17
DA:134,54
DA:135,16
DA:136,54
DA:137,54
DA:139,54
DA:140,16
DA:141,16
DA:142,16
DA:143,47
DA:144,189
DA:145,189
DA:147,47
DA:150,1
DA:152,17
DA:153,17
DA:154,17
DA:157,17
DA:158,17
DA:159,17
DA:160,17
DA:161,17
DA:162,17
DA:163,17
DA:164,17
DA:165,17
DA:166,17
DA:167,17
DA:168,17
DA:169,17
DA:170,17
DA:172,17
DA:173,17
DA:174,17
DA:175,17
DA:177,17
DA:178,17
DA:180,17
DA:189,17
DA:191,16
DA:194,16
DA:195,44
DA:199,89
DA:200,16
DA:201,89
DA:202,16
DA:203,3
DA:207,31
DA:215,4
DA:216,4
DA:217,1
DA:220,3
DA:237,3
DA:238,2
DA:239,2
DA:242,1
DA:243,1
DA:244,1
DA:253,3
DA:255,3
DA:276,3
DA:282,3
LF:132
LH:132
BRDA:32,0,0,4
BRDA:32,0,1,0
BRDA:40,1,0,1
BRDA:40,1,1,17
BRDA:75,2,0,1
BRDA:75,2,1,16
BRDA:85,3,0,1
BRDA:85,3,1,16
BRDA:117,4,0,64
BRDA:117,4,1,0
BRDA:121,5,0,2
BRDA:121,5,1,62
BRDA:121,6,0,1
BRDA:121,6,1,1
BRDA:123,7,0,64
BRDA:123,7,1,38
BRDA:133,8,0,16
BRDA:133,8,1,1
BRDA:189,9,0,1
BRDA:189,9,1,16
BRDA:200,10,0,16
BRDA:200,10,1,0
BRDA:201,11,0,89
BRDA:201,11,1,65
BRDA:216,12,0,1
BRDA:216,12,1,3
BRDA:237,13,0,2
BRDA:237,13,1,1
BRF:28
BRH:25
end_of_record
TN:
SF:src/background/resilience.ts
FN:37,checkHealth
FN:97,selfHeal
FN:147,clearAndRebuild
FN:193,startHealthMonitoring
FN:202,(anonymous_4)
FN:206,(anonymous_5)
FN:211,(anonymous_6)
FN:212,(anonymous_7)
FN:245,(anonymous_8)
FN:254,stopHealthMonitoring
FN:265,getLastHealthStatus
FN:272,retryWithBackoff
FN:292,(anonymous_12)
FN:305,_gracefulDegrade
FN:326,safeDatabaseOperation
FN:333,(anonymous_15)
FN:351,recoverFromCorruption
FN:363,(anonymous_17)
FN:394,handleQuotaExceeded
FN:414,ensureReady
FNF:20
FNH:18
FNDA:30,checkHealth
FNDA:10,selfHeal
FNDA:5,clearAndRebuild
FNDA:7,startHealthMonitoring
FNDA:6,(anonymous_4)
FNDA:0,(anonymous_5)
FNDA:2,(anonymous_6)
FNDA:2,(anonymous_7)
FNDA:0,(anonymous_8)
FNDA:100,stopHealthMonitoring
FNDA:1,getLastHealthStatus
FNDA:7,retryWithBackoff
FNDA:10,(anonymous_12)
FNDA:3,_gracefulDegrade
FNDA:7,safeDatabaseOperation
FNDA:17,(anonymous_15)
FNDA:6,recoverFromCorruption
FNDA:5,(anonymous_17)
FNDA:2,handleQuotaExceeded
FNDA:4,ensureReady
DA:9,2
DA:12,2
DA:13,2
DA:14,2
DA:15,2
DA:16,2
DA:18,2
DA:31,2
DA:32,2
DA:38,30
DA:39,30
DA:40,30
DA:42,30
DA:44,30
DA:46,30
DA:47,28
DA:48,28
DA:50,2
DA:51,2
DA:54,30
DA:56,30
DA:57,28
DA:59,28
DA:60,10
DA:61,10
DA:62,18
DA:63,2
DA:64,2
DA:66,16
DA:69,2
DA:70,2
DA:73,30
DA:81,30
DA:82,30
DA:84,30
DA:85,16
DA:87,14
DA:90,30
DA:98,10
DA:100,10
DA:102,10
DA:103,10
DA:106,9
DA:108,9
DA:109,6
DA:110,6
DA:111,6
DA:113,3
DA:117,9
DA:118,9
DA:119,1
DA:120,1
DA:124,9
DA:126,9
DA:127,5
DA:130,5
DA:132,4
DA:135,4
DA:138,1
DA:139,1
DA:148,5
DA:150,5
DA:152,5
DA:153,5
DA:154,4
DA:157,4
DA:158,4
DA:161,3
DA:162,2
DA:164,2
DA:165,1
DA:166,1
DA:172,1
DA:173,1
DA:180,3
DA:181,3
DA:182,3
DA:194,7
DA:195,1
DA:196,1
DA:199,6
DA:202,6
DA:203,6
DA:204,1
DA:207,0
DA:211,6
DA:212,2
DA:213,2
DA:214,1
DA:216,1
DA:217,1
DA:218,1
DA:219,1
DA:220,1
DA:221,0
DA:222,0
DA:225,1
DA:227,1
DA:229,1
DA:230,0
DA:231,0
DA:232,0
DA:233,0
DA:236,1
DA:237,1
DA:238,1
DA:239,1
DA:240,0
DA:241,0
DA:242,0
DA:246,0
DA:255,100
DA:256,6
DA:257,6
DA:258,6
DA:266,1
DA:278,7
DA:280,7
DA:281,17
DA:282,17
DA:284,13
DA:285,13
DA:287,13
DA:288,10
DA:292,10
DA:297,13
DA:298,13
DA:310,3
DA:311,3
DA:313,2
DA:316,2
DA:331,7
DA:332,7
DA:335,17
DA:336,7
DA:343,3
DA:344,3
DA:352,6
DA:354,6
DA:356,6
DA:359,6
DA:360,6
DA:363,5
DA:366,5
DA:367,5
DA:370,4
DA:371,4
DA:374,3
DA:375,3
DA:377,3
DA:378,2
DA:379,2
DA:381,1
DA:384,3
DA:386,3
DA:387,3
DA:395,2
DA:397,2
DA:399,2
DA:400,2
DA:402,1
DA:403,1
DA:405,1
DA:406,1
DA:415,4
DA:417,4
DA:418,2
DA:419,2
DA:420,2
DA:421,1
DA:423,2
DA:426,2
LF:172
LH:161
BRDA:59,0,0,10
BRDA:59,0,1,18
BRDA:62,1,0,2
BRDA:62,1,1,16
BRDA:84,2,0,16
BRDA:84,2,1,14
BRDA:108,3,0,6
BRDA:108,3,1,3
BRDA:118,4,0,1
BRDA:118,4,1,8
BRDA:126,5,0,5
BRDA:126,5,1,4
BRDA:164,6,0,1
BRDA:164,6,1,1
BRDA:194,7,0,1
BRDA:194,7,1,6
BRDA:203,8,0,1
BRDA:203,8,1,5
BRDA:213,9,0,1
BRDA:213,9,1,1
BRDA:220,10,0,0
BRDA:220,10,1,1
BRDA:220,11,0,1
BRDA:220,11,1,0
BRDA:229,12,0,0
BRDA:229,12,1,1
BRDA:236,13,0,1
BRDA:236,13,1,0
BRDA:239,14,0,0
BRDA:239,14,1,1
BRDA:239,15,0,1
BRDA:239,15,1,1
BRDA:255,16,0,6
BRDA:255,16,1,94
BRDA:274,17,0,7
BRDA:275,18,0,7
BRDA:276,19,0,7
BRDA:287,20,0,10
BRDA:287,20,1,3
BRDA:308,21,0,3
BRDA:377,22,0,2
BRDA:377,22,1,1
BRDA:417,23,0,2
BRDA:417,23,1,2
BRDA:417,24,0,4
BRDA:417,24,1,3
BRDA:420,25,0,1
BRDA:420,25,1,1
BRF:48
BRH:43
end_of_record
TN:
SF:src/background/search-debug.ts
FN:68,(anonymous_0)
FN:76,(anonymous_1)
FN:84,(anonymous_2)
FN:91,(anonymous_3)
FN:120,(anonymous_4)
FN:127,(anonymous_5)
FN:128,(anonymous_6)
FN:134,(anonymous_7)
FN:149,(anonymous_8)
FN:151,(anonymous_9)
FN:157,(anonymous_10)
FN:162,(anonymous_11)
FN:163,(anonymous_12)
FN:168,(anonymous_13)
FN:185,(anonymous_14)
FN:198,(anonymous_15)
FN:207,(anonymous_16)
FN:210,(anonymous_17)
FN:217,(anonymous_18)
FN:219,(anonymous_19)
FN:226,(anonymous_20)
FN:227,(anonymous_21)
FN:233,(anonymous_22)
FN:250,(anonymous_23)
FNF:24
FNH:24
FNDA:1,(anonymous_0)
FNDA:46,(anonymous_1)
FNDA:3,(anonymous_2)
FNDA:28,(anonymous_3)
FNDA:8,(anonymous_4)
FNDA:1,(anonymous_5)
FNDA:1,(anonymous_6)
FNDA:6,(anonymous_7)
FNDA:10,(anonymous_8)
FNDA:10,(anonymous_9)
FNDA:10,(anonymous_10)
FNDA:8,(anonymous_11)
FNDA:3,(anonymous_12)
FNDA:10,(anonymous_13)
FNDA:2,(anonymous_14)
FNDA:25,(anonymous_15)
FNDA:3,(anonymous_16)
FNDA:4,(anonymous_17)
FNDA:2,(anonymous_18)
FNDA:3,(anonymous_19)
FNDA:2,(anonymous_20)
FNDA:3,(anonymous_21)
FNDA:1,(anonymous_22)
FNDA:52,(anonymous_23)
DA:10,1
DA:62,1
DA:64,1
DA:65,1
DA:66,1
DA:69,1
DA:70,1
DA:77,46
DA:78,46
DA:85,3
DA:92,28
DA:94,27
DA:100,27
DA:103,27
DA:104,0
DA:108,27
DA:110,27
DA:121,8
DA:128,1
DA:135,6
DA:136,6
DA:138,6
DA:139,1
DA:149,10
DA:150,5
DA:151,10
DA:156,5
DA:157,5
DA:158,10
DA:159,10
DA:161,5
DA:162,8
DA:163,3
DA:167,5
DA:168,5
DA:169,10
DA:170,10
DA:173,5
DA:186,2
DA:192,2
DA:199,25
DA:200,25
DA:201,25
DA:208,3
DA:209,3
DA:210,4
DA:218,2
DA:219,3
DA:227,3
DA:234,1
DA:235,1
DA:236,1
DA:237,0
DA:238,0
DA:243,0
DA:251,52
DA:252,52
DA:257,0
DA:263,1
LF:59
LH:54
BRDA:78,0,0,20
BRDA:78,0,1,26
BRDA:92,1,0,1
BRDA:92,1,1,27
BRDA:103,2,0,0
BRDA:103,2,1,27
BRDA:138,3,0,1
BRDA:138,3,1,5
BRDA:159,4,0,10
BRDA:159,4,1,8
BRDA:170,5,0,10
BRDA:170,5,1,6
BRDA:217,6,0,2
BRDA:236,7,0,0
BRDA:236,7,1,1
BRF:15
BRH:13
end_of_record
TN:
SF:src/background/service-worker.ts
FN:23,hasOptionalPermission
FN:24,(anonymous_1)
FN:29,requestOptionalPermissions
FN:30,(anonymous_3)
FN:31,(anonymous_4)
FN:35,removeOptionalPermissions
FN:36,(anonymous_6)
FN:37,(anonymous_7)
FN:41,getTopSites
FN:42,(anonymous_9)
FN:59,sendMessageWithTimeout
FN:60,(anonymous_11)
FN:61,(anonymous_12)
FN:65,(anonymous_13)
FN:80,reinjectContentScript
FN:92,registerCommandsListenerEarly
FN:95,(anonymous_16)
FN:121,(anonymous_17)
FN:161,keepServiceWorkerAlive
FN:167,(anonymous_19)
FN:175,(anonymous_20)
FN:180,(anonymous_21)
FN:186,(anonymous_22)
FN:190,(anonymous_23)
FN:197,setupPortBasedMessaging
FN:198,(anonymous_25)
FN:209,(anonymous_26)
FN:255,(anonymous_27)
FN:270,(anonymous_28)
FN:273,(anonymous_29)
FN:284,(anonymous_30)
FN:327,(anonymous_31)
FN:354,(anonymous_32)
FN:764,(anonymous_33)
FN:779,(anonymous_34)
FN:782,(anonymous_35)
FN:795,(anonymous_36)
FN:808,(anonymous_37)
FN:815,(anonymous_38)
FN:826,(anonymous_39)
FN:844,(anonymous_40)
FN:855,(anonymous_41)
FN:856,(anonymous_42)
FN:879,(anonymous_43)
FN:880,(anonymous_44)
FN:1066,(anonymous_45)
FN:1090,(anonymous_46)
FN:1090,(anonymous_47)
FN:1186,(anonymous_48)
FN:1214,(anonymous_49)
FN:1249,(anonymous_50)
FN:1249,(anonymous_51)
FN:1262,(anonymous_52)
FN:1262,(anonymous_53)
FN:1275,(anonymous_54)
FN:1275,(anonymous_55)
FN:1287,(anonymous_56)
FN:1332,(anonymous_57)
FN:1333,(anonymous_58)
FN:1334,(anonymous_59)
FN:1404,(anonymous_60)
FN:1405,(anonymous_61)
FN:1406,(anonymous_62)
FN:1421,(anonymous_63)
FN:1435,(anonymous_64)
FN:1577,(anonymous_65)
FN:1592,(anonymous_66)
FN:1732,(anonymous_67)
FN:1810,initLogger
FN:1823,init
FN:1836,(anonymous_70)
FN:1878,(anonymous_71)
FN:1884,(anonymous_72)
FN:1907,(anonymous_73)
FN:1934,(anonymous_74)
FN:1958,(anonymous_75)
FN:1970,(anonymous_76)
FN:2006,(anonymous_77)
FN:2019,(anonymous_78)
FN:2030,(anonymous_79)
FN:2032,(anonymous_80)
FN:2043,(anonymous_81)
FN:2043,(anonymous_82)
FN:2052,(anonymous_83)
FN:2062,(anonymous_84)
FN:2079,(anonymous_85)
FN:2083,(anonymous_86)
FNF:87
FNH:45
FNDA:10,hasOptionalPermission
FNDA:10,(anonymous_1)
FNDA:1,requestOptionalPermissions
FNDA:1,(anonymous_3)
FNDA:1,(anonymous_4)
FNDA:0,removeOptionalPermissions
FNDA:0,(anonymous_6)
FNDA:0,(anonymous_7)
FNDA:1,getTopSites
FNDA:1,(anonymous_9)
FNDA:1,sendMessageWithTimeout
FNDA:1,(anonymous_11)
FNDA:0,(anonymous_12)
FNDA:1,(anonymous_13)
FNDA:0,reinjectContentScript
FNDA:3,registerCommandsListenerEarly
FNDA:1,(anonymous_16)
FNDA:0,(anonymous_17)
FNDA:1,keepServiceWorkerAlive
FNDA:0,(anonymous_19)
FNDA:0,(anonymous_20)
FNDA:0,(anonymous_21)
FNDA:0,(anonymous_22)
FNDA:0,(anonymous_23)
FNDA:2,setupPortBasedMessaging
FNDA:4,(anonymous_25)
FNDA:3,(anonymous_26)
FNDA:1,(anonymous_27)
FNDA:78,(anonymous_28)
FNDA:78,(anonymous_29)
FNDA:0,(anonymous_30)
FNDA:0,(anonymous_31)
FNDA:0,(anonymous_32)
FNDA:0,(anonymous_33)
FNDA:0,(anonymous_34)
FNDA:0,(anonymous_35)
FNDA:0,(anonymous_36)
FNDA:0,(anonymous_37)
FNDA:0,(anonymous_38)
FNDA:0,(anonymous_39)
FNDA:0,(anonymous_40)
FNDA:0,(anonymous_41)
FNDA:0,(anonymous_42)
FNDA:0,(anonymous_43)
FNDA:0,(anonymous_44)
FNDA:0,(anonymous_45)
FNDA:0,(anonymous_46)
FNDA:0,(anonymous_47)
FNDA:0,(anonymous_48)
FNDA:0,(anonymous_49)
FNDA:3,(anonymous_50)
FNDA:1,(anonymous_51)
FNDA:3,(anonymous_52)
FNDA:2,(anonymous_53)
FNDA:3,(anonymous_54)
FNDA:2,(anonymous_55)
FNDA:2,(anonymous_56)
FNDA:0,(anonymous_57)
FNDA:0,(anonymous_58)
FNDA:0,(anonymous_59)
FNDA:3,(anonymous_60)
FNDA:3,(anonymous_61)
FNDA:1,(anonymous_62)
FNDA:0,(anonymous_63)
FNDA:0,(anonymous_64)
FNDA:2,(anonymous_65)
FNDA:2,(anonymous_66)
FNDA:2,(anonymous_67)
FNDA:2,initLogger
FNDA:1,init
FNDA:1,(anonymous_70)
FNDA:0,(anonymous_71)
FNDA:0,(anonymous_72)
FNDA:1,(anonymous_73)
FNDA:0,(anonymous_74)
FNDA:0,(anonymous_75)
FNDA:0,(anonymous_76)
FNDA:6,(anonymous_77)
FNDA:7,(anonymous_78)
FNDA:1,(anonymous_79)
FNDA:1,(anonymous_80)
FNDA:1,(anonymous_81)
FNDA:1,(anonymous_82)
FNDA:1,(anonymous_83)
FNDA:7,(anonymous_84)
FNDA:87,(anonymous_85)
FNDA:0,(anonymous_86)
DA:24,10
DA:25,10
DA:30,1
DA:31,1
DA:36,0
DA:37,0
DA:42,1
DA:43,1
DA:49,2
DA:50,2
DA:51,2
DA:56,2
DA:60,1
DA:61,1
DA:62,0
DA:65,1
DA:66,1
DA:67,1
DA:68,0
DA:70,1
DA:81,0
DA:82,0
DA:86,0
DA:88,0
DA:93,3
DA:94,2
DA:95,2
DA:96,1
DA:97,1
DA:98,1
DA:100,1
DA:101,1
DA:102,1
DA:105,1
DA:106,1
DA:107,1
DA:108,1
DA:109,1
DA:118,0
DA:119,0
DA:120,0
DA:121,0
DA:122,0
DA:123,0
DA:124,0
DA:125,0
DA:133,0
DA:134,0
DA:135,0
DA:139,0
DA:140,0
DA:141,0
DA:144,0
DA:145,0
DA:146,0
DA:147,0
DA:154,2
DA:158,2
DA:163,1
DA:164,1
DA:165,1
DA:167,1
DA:168,0
DA:175,1
DA:177,0
DA:180,1
DA:182,0
DA:186,1
DA:190,1
DA:198,2
DA:199,4
DA:200,3
DA:202,3
DA:204,3
DA:205,3
DA:206,3
DA:207,3
DA:209,3
DA:210,3
DA:211,3
DA:212,3
DA:213,0
DA:214,0
DA:216,3
DA:217,0
DA:218,0
DA:219,0
DA:222,3
DA:223,3
DA:224,3
DA:226,3
DA:227,0
DA:228,0
DA:229,0
DA:230,0
DA:233,0
DA:234,0
DA:238,3
DA:239,3
DA:240,3
DA:241,3
DA:242,3
DA:243,3
DA:244,2
DA:247,0
DA:248,0
DA:249,0
DA:255,3
DA:256,1
DA:257,1
DA:263,2
DA:270,2
DA:271,78
DA:272,78
DA:273,78
DA:274,78
DA:275,78
DA:276,78
DA:277,78
DA:279,1
DA:280,1
DA:281,1
DA:283,1
DA:284,1
DA:285,0
DA:287,1
DA:288,1
DA:291,1
DA:292,1
DA:293,1
DA:295,1
DA:296,1
DA:297,1
DA:298,1
DA:299,1
DA:301,1
DA:306,1
DA:308,1
DA:309,1
DA:311,1
DA:312,1
DA:316,1
DA:317,1
DA:318,1
DA:321,1
DA:322,1
DA:323,1
DA:325,1
DA:326,0
DA:327,0
DA:328,0
DA:330,1
DA:331,0
DA:332,0
DA:333,1
DA:334,0
DA:335,0
DA:338,1
DA:339,1
DA:343,1
DA:344,1
DA:345,1
DA:348,1
DA:349,1
DA:350,1
DA:351,1
DA:352,1
DA:354,0
DA:356,1
DA:357,1
DA:358,1
DA:360,0
DA:361,0
DA:363,1
DA:366,0
DA:367,0
DA:368,0
DA:369,0
DA:370,0
DA:372,0
DA:373,0
DA:375,0
DA:379,1
DA:380,1
DA:381,1
DA:382,1
DA:383,1
DA:384,1
DA:386,0
DA:387,0
DA:389,1
DA:392,1
DA:393,1
DA:394,1
DA:395,1
DA:397,0
DA:399,1
DA:402,1
DA:403,1
DA:404,1
DA:405,1
DA:406,1
DA:408,0
DA:410,1
DA:413,1
DA:414,1
DA:415,1
DA:416,1
DA:418,0
DA:420,1
DA:423,1
DA:424,1
DA:425,1
DA:426,1
DA:428,0
DA:430,1
DA:433,1
DA:434,1
DA:435,1
DA:436,1
DA:438,0
DA:440,1
DA:443,1
DA:444,1
DA:445,1
DA:447,0
DA:449,1
DA:452,0
DA:453,0
DA:454,0
DA:455,0
DA:459,0
DA:460,0
DA:461,0
DA:464,0
DA:465,0
DA:466,0
DA:467,0
DA:469,0
DA:470,0
DA:473,0
DA:474,0
DA:477,0
DA:478,0
DA:480,0
DA:484,1
DA:485,1
DA:486,1
DA:490,63
DA:491,0
DA:492,0
DA:493,0
DA:494,0
DA:495,0
DA:496,0
DA:497,0
DA:498,0
DA:502,0
DA:503,0
DA:504,0
DA:505,0
DA:506,0
DA:510,63
DA:512,3
DA:513,3
DA:514,3
DA:515,3
DA:516,3
DA:517,3
DA:518,3
DA:519,3
DA:520,3
DA:524,3
DA:525,3
DA:526,3
DA:527,3
DA:528,3
DA:529,3
DA:530,2
DA:531,2
DA:533,1
DA:534,1
DA:536,3
DA:540,2
DA:541,2
DA:542,2
DA:543,1
DA:544,1
DA:545,1
DA:546,1
DA:548,1
DA:549,0
DA:551,1
DA:552,1
DA:554,2
DA:558,1
DA:559,1
DA:560,1
DA:561,1
DA:562,1
DA:563,1
DA:565,0
DA:566,0
DA:568,1
DA:572,1
DA:573,1
DA:574,1
DA:575,1
DA:578,1
DA:579,1
DA:582,1
DA:585,1
DA:587,1
DA:588,1
DA:590,0
DA:591,0
DA:593,1
DA:597,1
DA:598,1
DA:600,1
DA:602,1
DA:603,1
DA:604,1
DA:606,0
DA:607,0
DA:610,0
DA:611,0
DA:613,1
DA:617,2
DA:618,2
DA:619,2
DA:620,1
DA:621,1
DA:623,1
DA:624,1
DA:626,2
DA:630,1
DA:631,1
DA:632,1
DA:633,1
DA:639,1
DA:641,0
DA:642,0
DA:644,1
DA:648,1
DA:649,1
DA:650,1
DA:651,1
DA:652,1
DA:653,0
DA:654,0
DA:656,1
DA:657,0
DA:658,0
DA:660,1
DA:661,1
DA:662,1
DA:663,1
DA:668,1
DA:669,1
DA:671,0
DA:674,1
DA:675,1
DA:677,0
DA:678,0
DA:680,1
DA:684,2
DA:685,2
DA:686,2
DA:687,2
DA:688,1
DA:689,1
DA:691,1
DA:692,1
DA:694,2
DA:698,1
DA:699,1
DA:700,1
DA:701,1
DA:702,1
DA:704,0
DA:705,0
DA:707,1
DA:711,1
DA:712,1
DA:713,1
DA:714,1
DA:715,1
DA:716,1
DA:718,0
DA:719,0
DA:721,1
DA:725,2
DA:726,2
DA:727,2
DA:728,1
DA:729,1
DA:731,1
DA:732,1
DA:734,2
DA:738,1
DA:739,1
DA:740,1
DA:741,1
DA:742,0
DA:743,0
DA:745,1
DA:746,1
DA:752,0
DA:753,0
DA:755,1
DA:759,0
DA:760,0
DA:761,0
DA:762,0
DA:764,0
DA:769,0
DA:770,0
DA:771,0
DA:772,0
DA:774,0
DA:779,0
DA:782,0
DA:783,0
DA:784,0
DA:785,0
DA:787,0
DA:788,0
DA:795,0
DA:796,0
DA:797,0
DA:798,0
DA:800,0
DA:801,0
DA:802,0
DA:808,0
DA:809,0
DA:810,0
DA:811,0
DA:815,0
DA:816,0
DA:817,0
DA:818,0
DA:819,0
DA:822,0
DA:826,0
DA:827,0
DA:828,0
DA:829,0
DA:831,0
DA:832,0
DA:833,0
DA:834,0
DA:835,0
DA:837,0
DA:840,0
DA:844,0
DA:845,0
DA:846,0
DA:847,0
DA:849,0
DA:850,0
DA:855,0
DA:856,0
DA:857,0
DA:859,0
DA:868,0
DA:869,0
DA:871,0
DA:875,1
DA:876,1
DA:877,1
DA:878,1
DA:879,1
DA:880,1
DA:881,1
DA:882,1
DA:883,1
DA:884,1
DA:892,0
DA:893,0
DA:895,1
DA:899,1
DA:900,1
DA:902,1
DA:903,1
DA:905,1
DA:906,1
DA:907,1
DA:908,1
DA:909,0
DA:910,0
DA:911,0
DA:912,0
DA:915,1
DA:916,1
DA:918,0
DA:919,0
DA:921,1
DA:926,1
DA:927,1
DA:928,1
DA:929,1
DA:930,1
DA:932,0
DA:933,0
DA:935,1
DA:939,1
DA:940,1
DA:941,1
DA:942,1
DA:943,1
DA:945,0
DA:946,0
DA:948,1
DA:952,1
DA:953,1
DA:954,1
DA:955,1
DA:956,1
DA:958,0
DA:959,0
DA:961,1
DA:965,1
DA:966,1
DA:967,1
DA:969,0
DA:971,1
DA:975,1
DA:976,1
DA:977,1
DA:978,1
DA:979,1
DA:980,1
DA:982,0
DA:983,0
DA:985,1
DA:989,1
DA:990,1
DA:991,1
DA:992,1
DA:993,1
DA:995,0
DA:996,0
DA:998,1
DA:1004,0
DA:1005,0
DA:1006,0
DA:1010,0
DA:1011,0
DA:1012,0
DA:1013,0
DA:1014,0
DA:1018,0
DA:1019,0
DA:1020,0
DA:1021,0
DA:1022,0
DA:1024,0
DA:1026,0
DA:1030,0
DA:1031,0
DA:1032,0
DA:1033,0
DA:1035,0
DA:1037,0
DA:1041,0
DA:1042,0
DA:1043,0
DA:1044,0
DA:1045,0
DA:1047,0
DA:1049,0
DA:1053,0
DA:1054,0
DA:1055,0
DA:1056,0
DA:1057,0
DA:1059,0
DA:1061,0
DA:1065,0
DA:1066,0
DA:1067,0
DA:1069,0
DA:1071,0
DA:1073,0
DA:1077,0
DA:1078,0
DA:1079,0
DA:1081,0
DA:1083,0
DA:1087,0
DA:1088,0
DA:1089,0
DA:1090,0
DA:1091,0
DA:1092,0
DA:1093,0
DA:1094,0
DA:1095,0
DA:1096,0
DA:1097,0
DA:1098,0
DA:1099,0
DA:1100,0
DA:1102,0
DA:1104,0
DA:1107,0
DA:1109,0
DA:1111,0
DA:1115,0
DA:1116,0
DA:1117,0
DA:1119,0
DA:1121,0
DA:1125,0
DA:1126,0
DA:1127,0
DA:1128,0
DA:1129,0
DA:1131,0
DA:1134,0
DA:1136,0
DA:1140,0
DA:1141,0
DA:1142,0
DA:1143,0
DA:1145,0
DA:1147,0
DA:1151,0
DA:1152,0
DA:1153,0
DA:1154,0
DA:1156,0
DA:1158,0
DA:1162,0
DA:1163,0
DA:1164,0
DA:1165,0
DA:1167,0
DA:1169,0
DA:1173,0
DA:1174,0
DA:1175,0
DA:1176,0
DA:1178,0
DA:1180,0
DA:1184,0
DA:1185,0
DA:1186,0
DA:1187,0
DA:1189,0
DA:1190,0
DA:1191,0
DA:1192,0
DA:1193,0
DA:1194,0
DA:1196,0
DA:1198,0
DA:1202,0
DA:1203,0
DA:1204,0
DA:1205,0
DA:1207,0
DA:1209,0
DA:1213,0
DA:1214,0
DA:1215,0
DA:1216,0
DA:1217,0
DA:1218,0
DA:1219,0
DA:1222,0
DA:1223,0
DA:1224,0
DA:1225,0
DA:1226,0
DA:1227,0
DA:1228,0
DA:1229,0
DA:1231,0
DA:1232,0
DA:1234,0
DA:1235,0
DA:1239,0
DA:1240,0
DA:1241,0
DA:1246,2
DA:1247,2
DA:1248,1
DA:1249,3
DA:1250,1
DA:1251,1
DA:1253,1
DA:1255,2
DA:1259,1
DA:1260,1
DA:1261,1
DA:1262,3
DA:1263,1
DA:1264,1
DA:1266,0
DA:1268,1
DA:1272,1
DA:1273,1
DA:1274,1
DA:1275,3
DA:1276,1
DA:1277,1
DA:1279,0
DA:1281,1
DA:1285,1
DA:1286,1
DA:1287,2
DA:1288,1
DA:1289,1
DA:1290,1
DA:1294,1
DA:1295,1
DA:1296,1
DA:1297,1
DA:1299,0
DA:1301,1
DA:1305,1
DA:1306,1
DA:1307,1
DA:1308,1
DA:1309,3
DA:1310,1
DA:1313,1
DA:1314,1
DA:1318,1
DA:1319,1
DA:1320,1
DA:1321,1
DA:1323,0
DA:1325,1
DA:1329,0
DA:1330,0
DA:1331,0
DA:1332,0
DA:1334,0
DA:1335,0
DA:1343,0
DA:1344,0
DA:1348,0
DA:1349,0
DA:1350,0
DA:1351,0
DA:1352,0
DA:1354,0
DA:1355,0
DA:1356,0
DA:1358,0
DA:1359,0
DA:1360,0
DA:1361,0
DA:1362,0
DA:1366,1
DA:1367,1
DA:1368,1
DA:1369,1
DA:1370,2
DA:1371,1
DA:1372,2
DA:1373,2
DA:1374,2
DA:1379,1
DA:1380,1
DA:1384,1
DA:1385,1
DA:1386,1
DA:1387,1
DA:1388,3
DA:1389,3
DA:1390,3
DA:1391,1
DA:1393,2
DA:1397,1
DA:1398,1
DA:1399,1
DA:1403,1
DA:1404,3
DA:1405,3
DA:1406,1
DA:1407,1
DA:1408,2
DA:1409,2
DA:1412,1
DA:1413,1
DA:1417,1
DA:1418,1
DA:1419,1
DA:1421,0
DA:1423,1
DA:1425,0
DA:1427,1
DA:1431,1
DA:1432,1
DA:1433,1
DA:1435,0
DA:1437,1
DA:1439,0
DA:1441,1
DA:1445,1
DA:1446,1
DA:1447,1
DA:1448,1
DA:1450,0
DA:1452,1
DA:1456,1
DA:1457,1
DA:1458,1
DA:1459,1
DA:1461,0
DA:1463,1
DA:1468,2
DA:1469,2
DA:1470,2
DA:1471,2
DA:1472,1
DA:1473,1
DA:1475,1
DA:1476,1
DA:1478,0
DA:1481,0
DA:1483,1
DA:1487,1
DA:1488,1
DA:1489,1
DA:1490,1
DA:1491,1
DA:1493,0
DA:1496,0
DA:1498,1
DA:1502,1
DA:1503,1
DA:1504,0
DA:1505,0
DA:1507,1
DA:1508,1
DA:1509,2
DA:1511,1
DA:1513,0
DA:1515,1
DA:1519,1
DA:1520,1
DA:1521,0
DA:1522,0
DA:1524,1
DA:1525,1
DA:1526,1
DA:1528,1
DA:1530,0
DA:1532,1
DA:1536,2
DA:1537,2
DA:1538,2
DA:1539,2
DA:1540,2
DA:1541,1
DA:1542,1
DA:1544,1
DA:1547,0
DA:1549,2
DA:1553,1
DA:1554,1
DA:1555,1
DA:1556,1
DA:1557,1
DA:1558,1
DA:1559,1
DA:1560,1
DA:1562,0
DA:1565,0
DA:1567,1
DA:1571,1
DA:1572,1
DA:1573,1
DA:1574,1
DA:1575,1
DA:1576,1
DA:1577,2
DA:1578,1
DA:1579,1
DA:1581,0
DA:1584,0
DA:1586,1
DA:1590,1
DA:1591,1
DA:1592,2
DA:1593,1
DA:1594,1
DA:1596,1
DA:1598,0
DA:1600,1
DA:1605,1
DA:1606,1
DA:1607,0
DA:1608,0
DA:1610,1
DA:1611,1
DA:1613,0
DA:1615,1
DA:1619,1
DA:1620,1
DA:1621,0
DA:1622,0
DA:1624,0
DA:1626,0
DA:1630,0
DA:1631,0
DA:1632,0
DA:1633,0
DA:1635,0
DA:1637,0
DA:1641,0
DA:1642,0
DA:1643,0
DA:1644,0
DA:1646,0
DA:1648,0
DA:1652,0
DA:1653,0
DA:1654,0
DA:1655,0
DA:1657,0
DA:1659,0
DA:1663,0
DA:1664,0
DA:1665,0
DA:1666,0
DA:1668,0
DA:1670,0
DA:1674,1
DA:1675,1
DA:1676,1
DA:1677,1
DA:1681,1
DA:1683,0
DA:1685,1
DA:1689,0
DA:1690,0
DA:1691,0
DA:1692,0
DA:1696,0
DA:1698,0
DA:1700,0
DA:1705,1
DA:1706,1
DA:1707,0
DA:1708,0
DA:1710,1
DA:1711,1
DA:1713,0
DA:1715,1
DA:1720,1
DA:1721,1
DA:1722,1
DA:1724,0
DA:1726,1
DA:1730,1
DA:1731,1
DA:1732,2
DA:1733,1
DA:1735,0
DA:1737,1
DA:1741,0
DA:1742,0
DA:1743,0
DA:1745,0
DA:1747,0
DA:1751,0
DA:1752,0
DA:1753,0
DA:1754,0
DA:1755,0
DA:1756,0
DA:1758,0
DA:1760,0
DA:1764,0
DA:1765,0
DA:1766,0
DA:1767,0
DA:1769,0
DA:1771,0
DA:1776,1
DA:1777,1
DA:1778,0
DA:1779,0
DA:1781,1
DA:1782,1
DA:1786,1
DA:1787,1
DA:1793,1
DA:1794,1
DA:1797,78
DA:1799,0
DA:1800,0
DA:1803,78
DA:1804,78
DA:1805,2
DA:1811,2
DA:1812,1
DA:1813,1
DA:1814,1
DA:1816,1
DA:1817,1
DA:1819,0
DA:1825,1
DA:1826,0
DA:1827,0
DA:1831,1
DA:1832,0
DA:1833,0
DA:1836,1
DA:1837,1
DA:1838,1
DA:1841,1
DA:1842,1
DA:1844,1
DA:1845,1
DA:1847,1
DA:1848,1
DA:1849,1
DA:1852,1
DA:1853,1
DA:1854,1
DA:1855,1
DA:1858,1
DA:1859,1
DA:1860,0
DA:1861,0
DA:1862,0
DA:1863,0
DA:1864,0
DA:1865,0
DA:1868,1
DA:1869,1
DA:1870,1
DA:1871,1
DA:1872,1
DA:1876,1
DA:1877,1
DA:1878,1
DA:1879,0
DA:1881,0
DA:1882,0
DA:1884,0
DA:1885,0
DA:1886,0
DA:1887,0
DA:1889,0
DA:1895,1
DA:1897,1
DA:1898,1
DA:1901,1
DA:1904,1
DA:1907,1
DA:1908,1
DA:1909,1
DA:1911,1
DA:1912,0
DA:1913,0
DA:1914,0
DA:1916,0
DA:1917,0
DA:1918,0
DA:1920,0
DA:1925,1
DA:1926,0
DA:1927,0
DA:1928,0
DA:1929,0
DA:1931,0
DA:1939,1
DA:1941,1
DA:1942,1
DA:1943,1
DA:1945,0
DA:1946,0
DA:1948,0
DA:1949,0
DA:1950,0
DA:1954,1
DA:1958,2
DA:1959,0
DA:1960,0
DA:1961,0
DA:1962,0
DA:1965,0
DA:1970,2
DA:1971,0
DA:1972,0
DA:1973,0
DA:1974,0
DA:1983,0
DA:1984,0
DA:1985,0
DA:1986,0
DA:1987,0
DA:1988,0
DA:1989,0
DA:1991,0
DA:1993,0
DA:1997,0
DA:2002,2
DA:2006,2
DA:2007,6
DA:2008,6
DA:2009,6
DA:2010,6
DA:2012,6
DA:2013,2
DA:2014,2
DA:2015,2
DA:2016,2
DA:2017,2
DA:2018,2
DA:2019,7
DA:2023,2
DA:2026,4
DA:2027,1
DA:2028,1
DA:2029,1
DA:2030,1
DA:2032,1
DA:2036,1
DA:2039,3
DA:2040,1
DA:2041,1
DA:2042,1
DA:2043,1
DA:2048,1
DA:2051,2
DA:2052,1
DA:2057,1
DA:2058,1
DA:2062,2
DA:2063,7
DA:2064,7
DA:2066,7
DA:2067,2
DA:2068,2
DA:2069,2
DA:2070,1
DA:2071,1
DA:2073,1
DA:2076,5
DA:2077,2
DA:2078,2
DA:2079,87
DA:2080,2
DA:2081,1
DA:2082,1
DA:2083,1
DA:2085,2
DA:2088,3
DA:2089,3
DA:2091,3
DA:2092,1
DA:2093,1
DA:2095,2
DA:2098,1
LF:1164
LH:649
BRDA:31,0,0,1
BRDA:31,0,1,0
BRDA:37,1,0,0
BRDA:37,1,1,0
BRDA:59,2,0,1
BRDA:67,3,0,0
BRDA:67,3,1,1
BRDA:93,4,0,1
BRDA:93,4,1,2
BRDA:94,5,0,2
BRDA:94,5,1,0
BRDA:94,6,0,2
BRDA:94,6,1,2
BRDA:94,6,2,2
BRDA:96,7,0,1
BRDA:96,7,1,0
BRDA:102,8,0,1
BRDA:102,8,1,0
BRDA:102,9,0,1
BRDA:102,9,1,1
BRDA:102,9,2,1
BRDA:102,9,3,1
BRDA:102,9,4,1
BRDA:102,9,5,1
BRDA:102,9,6,1
BRDA:107,10,0,1
BRDA:107,10,1,0
BRDA:120,11,0,0
BRDA:120,11,1,0
BRDA:123,12,0,0
BRDA:123,12,1,0
BRDA:144,13,0,0
BRDA:144,13,1,0
BRDA:168,14,0,0
BRDA:168,14,1,0
BRDA:199,15,0,3
BRDA:199,15,1,1
BRDA:210,16,0,3
BRDA:210,16,1,0
BRDA:212,17,0,0
BRDA:212,17,1,3
BRDA:216,18,0,0
BRDA:216,18,1,3
BRDA:223,19,0,3
BRDA:223,19,1,0
BRDA:226,20,0,0
BRDA:226,20,1,3
BRDA:227,21,0,0
BRDA:227,21,1,0
BRDA:243,22,0,2
BRDA:243,22,1,1
BRDA:248,23,0,0
BRDA:248,23,1,0
BRDA:277,24,0,1
BRDA:277,24,1,1
BRDA:277,24,2,1
BRDA:277,24,3,1
BRDA:277,24,4,1
BRDA:277,24,5,1
BRDA:277,24,6,1
BRDA:277,24,7,0
BRDA:277,24,8,1
BRDA:277,24,9,1
BRDA:277,24,10,1
BRDA:277,24,11,1
BRDA:277,24,12,1
BRDA:277,24,13,1
BRDA:277,24,14,1
BRDA:277,24,15,0
BRDA:277,24,16,1
BRDA:277,24,17,63
BRDA:285,25,0,0
BRDA:285,25,1,0
BRDA:306,26,0,1
BRDA:306,26,1,0
BRDA:308,27,0,1
BRDA:308,27,1,0
BRDA:309,28,0,1
BRDA:309,28,1,1
BRDA:321,29,0,1
BRDA:321,29,1,0
BRDA:322,30,0,1
BRDA:322,30,1,1
BRDA:325,31,0,0
BRDA:325,31,1,1
BRDA:325,32,0,1
BRDA:325,32,1,1
BRDA:328,33,0,0
BRDA:328,33,1,0
BRDA:330,34,0,0
BRDA:330,34,1,1
BRDA:330,35,0,1
BRDA:330,35,1,0
BRDA:333,36,0,0
BRDA:333,36,1,1
BRDA:333,37,0,1
BRDA:333,37,1,0
BRDA:356,38,0,1
BRDA:356,38,1,0
BRDA:425,39,0,1
BRDA:425,39,1,0
BRDA:456,40,0,0
BRDA:456,40,1,0
BRDA:459,41,0,0
BRDA:459,41,1,0
BRDA:464,42,0,0
BRDA:464,42,1,0
BRDA:490,43,0,0
BRDA:490,43,1,63
BRDA:491,44,0,0
BRDA:491,44,1,0
BRDA:496,45,0,0
BRDA:496,45,1,0
BRDA:504,46,0,0
BRDA:504,46,1,0
BRDA:510,47,0,3
BRDA:510,47,1,3
BRDA:510,47,2,2
BRDA:510,47,3,1
BRDA:510,47,4,1
BRDA:510,47,5,1
BRDA:510,47,6,2
BRDA:510,47,7,1
BRDA:510,47,8,1
BRDA:510,47,9,2
BRDA:510,47,10,1
BRDA:510,47,11,1
BRDA:510,47,12,2
BRDA:510,47,13,1
BRDA:510,47,14,0
BRDA:510,47,15,1
BRDA:510,47,16,1
BRDA:510,47,17,1
BRDA:510,47,18,1
BRDA:510,47,19,1
BRDA:510,47,20,1
BRDA:510,47,21,1
BRDA:510,47,22,1
BRDA:510,47,23,0
BRDA:510,47,24,0
BRDA:510,47,25,0
BRDA:510,47,26,0
BRDA:510,47,27,0
BRDA:510,47,28,0
BRDA:510,47,29,0
BRDA:510,47,30,0
BRDA:510,47,31,0
BRDA:510,47,32,0
BRDA:510,47,33,0
BRDA:510,47,34,0
BRDA:510,47,35,0
BRDA:510,47,36,0
BRDA:510,47,37,0
BRDA:510,47,38,0
BRDA:510,47,39,0
BRDA:510,47,40,0
BRDA:510,47,41,0
BRDA:510,47,42,2
BRDA:510,47,43,1
BRDA:510,47,44,1
BRDA:510,47,45,1
BRDA:510,47,46,1
BRDA:510,47,47,1
BRDA:510,47,48,1
BRDA:510,47,49,0
BRDA:510,47,50,0
BRDA:510,47,51,1
BRDA:510,47,52,1
BRDA:510,47,53,1
BRDA:510,47,54,1
BRDA:510,47,55,1
BRDA:510,47,56,1
BRDA:510,47,57,1
BRDA:510,47,58,2
BRDA:510,47,59,1
BRDA:510,47,60,1
BRDA:510,47,61,1
BRDA:510,47,62,2
BRDA:510,47,63,1
BRDA:510,47,64,1
BRDA:510,47,65,1
BRDA:510,47,66,1
BRDA:510,47,67,1
BRDA:510,47,68,0
BRDA:510,47,69,0
BRDA:510,47,70,0
BRDA:510,47,71,0
BRDA:510,47,72,1
BRDA:510,47,73,0
BRDA:510,47,74,1
BRDA:510,47,75,1
BRDA:510,47,76,1
BRDA:510,47,77,0
BRDA:510,47,78,0
BRDA:510,47,79,0
BRDA:510,47,80,1
BRDA:510,47,81,1
BRDA:513,48,0,3
BRDA:513,48,1,0
BRDA:525,49,0,3
BRDA:525,49,1,1
BRDA:548,50,0,0
BRDA:548,50,1,1
BRDA:602,51,0,1
BRDA:602,51,1,0
BRDA:652,52,0,0
BRDA:652,52,1,1
BRDA:656,53,0,0
BRDA:656,53,1,1
BRDA:663,54,0,1
BRDA:663,54,1,0
BRDA:664,55,0,1
BRDA:664,55,1,1
BRDA:664,55,2,1
BRDA:664,55,3,1
BRDA:664,55,4,1
BRDA:664,55,5,1
BRDA:664,55,6,1
BRDA:741,56,0,0
BRDA:741,56,1,1
BRDA:747,57,0,1
BRDA:747,57,1,0
BRDA:748,58,0,1
BRDA:748,58,1,0
BRDA:788,59,0,0
BRDA:788,59,1,0
BRDA:797,60,0,0
BRDA:797,60,1,0
BRDA:802,61,0,0
BRDA:802,61,1,0
BRDA:819,62,0,0
BRDA:819,62,1,0
BRDA:822,63,0,0
BRDA:822,63,1,0
BRDA:828,64,0,0
BRDA:828,64,1,0
BRDA:833,65,0,0
BRDA:833,65,1,0
BRDA:837,66,0,0
BRDA:837,66,1,0
BRDA:846,67,0,0
BRDA:846,67,1,0
BRDA:850,68,0,0
BRDA:850,68,1,0
BRDA:857,69,0,0
BRDA:857,69,1,0
BRDA:857,70,0,0
BRDA:857,70,1,0
BRDA:879,71,0,0
BRDA:879,71,1,0
BRDA:880,72,0,0
BRDA:880,72,1,0
BRDA:883,73,0,1
BRDA:883,73,1,1
BRDA:909,74,0,0
BRDA:909,74,1,0
BRDA:909,75,0,0
BRDA:909,75,1,0
BRDA:1019,76,0,0
BRDA:1019,76,1,0
BRDA:1020,77,0,0
BRDA:1020,77,1,0
BRDA:1030,78,0,0
BRDA:1030,78,1,0
BRDA:1031,79,0,0
BRDA:1031,79,1,0
BRDA:1041,80,0,0
BRDA:1041,80,1,0
BRDA:1042,81,0,0
BRDA:1042,81,1,0
BRDA:1053,82,0,0
BRDA:1053,82,1,0
BRDA:1054,83,0,0
BRDA:1054,83,1,0
BRDA:1088,84,0,0
BRDA:1088,84,1,0
BRDA:1097,85,0,0
BRDA:1097,85,1,0
BRDA:1097,85,2,0
BRDA:1099,86,0,0
BRDA:1099,86,1,0
BRDA:1127,87,0,0
BRDA:1127,87,1,0
BRDA:1127,88,0,0
BRDA:1127,88,1,0
BRDA:1140,89,0,0
BRDA:1140,89,1,0
BRDA:1141,90,0,0
BRDA:1141,90,1,0
BRDA:1151,91,0,0
BRDA:1151,91,1,0
BRDA:1152,92,0,0
BRDA:1152,92,1,0
BRDA:1162,93,0,0
BRDA:1162,93,1,0
BRDA:1163,94,0,0
BRDA:1163,94,1,0
BRDA:1173,95,0,0
BRDA:1173,95,1,0
BRDA:1174,96,0,0
BRDA:1174,96,1,0
BRDA:1184,97,0,0
BRDA:1184,97,1,0
BRDA:1185,98,0,0
BRDA:1185,98,1,0
BRDA:1190,99,0,0
BRDA:1190,99,1,0
BRDA:1190,100,0,0
BRDA:1190,100,1,0
BRDA:1191,101,0,0
BRDA:1191,101,1,0
BRDA:1203,102,0,0
BRDA:1203,102,1,0
BRDA:1203,103,0,0
BRDA:1203,103,1,0
BRDA:1215,104,0,0
BRDA:1215,104,1,0
BRDA:1215,105,0,0
BRDA:1215,105,1,0
BRDA:1218,106,0,0
BRDA:1218,106,1,0
BRDA:1222,107,0,0
BRDA:1222,107,1,0
BRDA:1224,108,0,0
BRDA:1224,108,1,0
BRDA:1226,109,0,0
BRDA:1226,109,1,0
BRDA:1228,110,0,0
BRDA:1228,110,1,0
BRDA:1231,111,0,0
BRDA:1231,111,1,0
BRDA:1246,112,0,2
BRDA:1246,112,1,1
BRDA:1247,113,0,1
BRDA:1247,113,1,1
BRDA:1249,114,0,3
BRDA:1249,114,1,2
BRDA:1250,115,0,1
BRDA:1250,115,1,0
BRDA:1259,116,0,1
BRDA:1259,116,1,1
BRDA:1260,117,0,1
BRDA:1260,117,1,0
BRDA:1260,118,0,1
BRDA:1260,118,1,1
BRDA:1260,118,2,1
BRDA:1260,118,3,1
BRDA:1262,119,0,3
BRDA:1262,119,1,2
BRDA:1263,120,0,1
BRDA:1263,120,1,0
BRDA:1272,121,0,1
BRDA:1272,121,1,1
BRDA:1273,122,0,1
BRDA:1273,122,1,0
BRDA:1273,123,0,1
BRDA:1273,123,1,1
BRDA:1273,123,2,1
BRDA:1273,123,3,1
BRDA:1275,124,0,3
BRDA:1275,124,1,2
BRDA:1276,125,0,1
BRDA:1276,125,1,0
BRDA:1288,126,0,1
BRDA:1288,126,1,0
BRDA:1294,127,0,1
BRDA:1294,127,1,0
BRDA:1295,128,0,1
BRDA:1295,128,1,0
BRDA:1305,129,0,1
BRDA:1305,129,1,0
BRDA:1309,130,0,1
BRDA:1309,130,1,2
BRDA:1309,131,0,3
BRDA:1309,131,1,3
BRDA:1309,131,2,2
BRDA:1309,131,3,2
BRDA:1318,132,0,1
BRDA:1318,132,1,0
BRDA:1319,133,0,1
BRDA:1319,133,1,0
BRDA:1332,134,0,0
BRDA:1332,134,1,0
BRDA:1337,135,0,0
BRDA:1337,135,1,0
BRDA:1338,136,0,0
BRDA:1338,136,1,0
BRDA:1339,137,0,0
BRDA:1339,137,1,0
BRDA:1348,138,0,0
BRDA:1348,138,1,0
BRDA:1350,139,0,0
BRDA:1350,139,1,0
BRDA:1354,140,0,0
BRDA:1354,140,1,0
BRDA:1370,141,0,1
BRDA:1370,141,1,1
BRDA:1370,142,0,2
BRDA:1370,142,1,1
BRDA:1372,143,0,2
BRDA:1372,143,1,0
BRDA:1388,144,0,3
BRDA:1388,144,1,0
BRDA:1388,145,0,3
BRDA:1388,145,1,3
BRDA:1390,146,0,1
BRDA:1390,146,1,2
BRDA:1397,147,0,1
BRDA:1397,147,1,0
BRDA:1406,148,0,1
BRDA:1406,148,1,0
BRDA:1406,149,0,1
BRDA:1406,149,1,0
BRDA:1408,150,0,2
BRDA:1408,150,1,0
BRDA:1417,151,0,1
BRDA:1417,151,1,0
BRDA:1418,152,0,1
BRDA:1418,152,1,0
BRDA:1431,153,0,1
BRDA:1431,153,1,0
BRDA:1432,154,0,1
BRDA:1432,154,1,0
BRDA:1445,155,0,1
BRDA:1445,155,1,0
BRDA:1446,156,0,1
BRDA:1446,156,1,0
BRDA:1456,157,0,1
BRDA:1456,157,1,0
BRDA:1457,158,0,1
BRDA:1457,158,1,0
BRDA:1468,159,0,2
BRDA:1468,159,1,0
BRDA:1469,160,0,2
BRDA:1469,160,1,0
BRDA:1471,161,0,1
BRDA:1471,161,1,1
BRDA:1487,162,0,1
BRDA:1487,162,1,0
BRDA:1488,163,0,1
BRDA:1488,163,1,0
BRDA:1503,164,0,0
BRDA:1503,164,1,1
BRDA:1520,165,0,0
BRDA:1520,165,1,1
BRDA:1537,166,0,2
BRDA:1537,166,1,0
BRDA:1538,167,0,0
BRDA:1538,167,1,2
BRDA:1540,168,0,1
BRDA:1540,168,1,1
BRDA:1540,169,0,2
BRDA:1540,169,1,2
BRDA:1541,170,0,1
BRDA:1541,170,1,0
BRDA:1554,171,0,1
BRDA:1554,171,1,0
BRDA:1555,172,0,0
BRDA:1555,172,1,1
BRDA:1557,173,0,1
BRDA:1557,173,1,0
BRDA:1557,174,0,1
BRDA:1557,174,1,1
BRDA:1558,175,0,1
BRDA:1558,175,1,0
BRDA:1572,176,0,1
BRDA:1572,176,1,0
BRDA:1573,177,0,0
BRDA:1573,177,1,1
BRDA:1575,178,0,1
BRDA:1575,178,1,0
BRDA:1575,179,0,1
BRDA:1575,179,1,1
BRDA:1578,180,0,1
BRDA:1578,180,1,0
BRDA:1592,181,0,2
BRDA:1592,181,1,2
BRDA:1594,182,0,1
BRDA:1594,182,1,0
BRDA:1606,183,0,0
BRDA:1606,183,1,1
BRDA:1620,184,0,1
BRDA:1620,184,1,0
BRDA:1631,185,0,0
BRDA:1631,185,1,0
BRDA:1642,186,0,0
BRDA:1642,186,1,0
BRDA:1653,187,0,0
BRDA:1653,187,1,0
BRDA:1664,188,0,0
BRDA:1664,188,1,0
BRDA:1675,189,0,0
BRDA:1675,189,1,1
BRDA:1690,190,0,0
BRDA:1690,190,1,0
BRDA:1706,191,0,0
BRDA:1706,191,1,1
BRDA:1721,192,0,1
BRDA:1721,192,1,0
BRDA:1731,193,0,1
BRDA:1731,193,1,0
BRDA:1742,194,0,0
BRDA:1742,194,1,0
BRDA:1777,195,0,0
BRDA:1777,195,1,1
BRDA:1777,196,0,1
BRDA:1777,196,1,1
BRDA:1777,196,2,1
BRDA:1783,197,0,1
BRDA:1783,197,1,0
BRDA:1784,198,0,1
BRDA:1784,198,1,0
BRDA:1819,199,0,0
BRDA:1819,199,1,0
BRDA:1825,200,0,0
BRDA:1825,200,1,1
BRDA:1831,201,0,0
BRDA:1831,201,1,1
BRDA:1859,202,0,0
BRDA:1859,202,1,1
BRDA:1881,203,0,0
BRDA:1881,203,1,0
BRDA:1889,204,0,0
BRDA:1889,204,1,0
BRDA:1911,205,0,0
BRDA:1911,205,1,1
BRDA:1911,206,0,1
BRDA:1911,206,1,1
BRDA:1925,207,0,0
BRDA:1925,207,1,1
BRDA:1961,208,0,0
BRDA:1961,208,1,0
BRDA:1965,209,0,0
BRDA:1965,209,1,0
BRDA:1973,210,0,0
BRDA:1973,210,1,0
BRDA:1983,211,0,0
BRDA:1983,211,1,0
BRDA:1983,212,0,0
BRDA:1983,212,1,0
BRDA:1988,213,0,0
BRDA:1988,213,1,0
BRDA:1989,214,0,0
BRDA:1989,214,1,0
BRDA:1997,215,0,0
BRDA:1997,215,1,0
BRDA:2008,216,0,0
BRDA:2008,216,1,6
BRDA:2010,217,0,0
BRDA:2010,217,1,6
BRDA:2012,218,0,2
BRDA:2012,218,1,4
BRDA:2012,219,0,6
BRDA:2012,219,1,5
BRDA:2014,220,0,1
BRDA:2014,220,1,1
BRDA:2026,221,0,1
BRDA:2026,221,1,3
BRDA:2029,222,0,1
BRDA:2029,222,1,0
BRDA:2030,223,0,1
BRDA:2030,223,1,0
BRDA:2034,224,0,1
BRDA:2034,224,1,0
BRDA:2034,225,0,1
BRDA:2034,225,1,0
BRDA:2039,226,0,1
BRDA:2039,226,1,2
BRDA:2041,227,0,1
BRDA:2041,227,1,0
BRDA:2045,228,0,1
BRDA:2045,228,1,0
BRDA:2054,229,0,1
BRDA:2054,229,1,0
BRDA:2066,230,0,2
BRDA:2066,230,1,5
BRDA:2068,231,0,2
BRDA:2068,231,1,0
BRDA:2071,232,0,1
BRDA:2071,232,1,0
BRDA:2076,233,0,2
BRDA:2076,233,1,3
BRDA:2076,234,0,5
BRDA:2076,234,1,3
BRDA:2080,235,0,1
BRDA:2080,235,1,1
BRDA:2082,236,0,1
BRDA:2082,236,1,0
BRDA:2091,237,0,1
BRDA:2091,237,1,2
BRDA:2093,238,0,1
BRDA:2093,238,1,0
BRF:592
BRH:276
end_of_record
TN:
SF:src/background/search/diversity-filter.ts
FN:21,normalizeUrl
FN:79,applyDiversityFilter
FNF:2
FNH:2
FNDA:25,normalizeUrl
FNDA:8,applyDiversityFilter
DA:7,1
DA:22,25
DA:23,25
DA:26,25
DA:29,25
DA:30,2
DA:33,23
DA:36,2
DA:37,2
DA:83,8
DA:84,2
DA:85,2
DA:88,6
DA:89,6
DA:91,6
DA:92,15
DA:94,15
DA:96,10
DA:99,5
DA:100,5
DA:108,6
DA:110,6
DA:111,4
DA:117,2
DA:122,6
LF:25
LH:25
BRDA:29,0,0,2
BRDA:29,0,1,23
BRDA:29,1,0,25
BRDA:29,1,1,4
BRDA:83,2,0,2
BRDA:83,2,1,6
BRDA:94,3,0,10
BRDA:94,3,1,5
BRDA:110,4,0,4
BRDA:110,4,1,2
BRF:10
BRH:10
end_of_record
TN:
SF:src/background/search/query-expansion.ts
FN:69,expandTerm
FN:86,expandQuery
FN:87,(anonymous_2)
FN:105,getExpandedTerms
FN:121,matchesExpandedQuery
FN:123,(anonymous_5)
FN:129,addCustomSynonym
FNF:7
FNH:7
FNDA:24,expandTerm
FNDA:12,expandQuery
FNDA:18,(anonymous_2)
FNDA:6,getExpandedTerms
FNDA:6,matchesExpandedQuery
FNDA:6,(anonymous_5)
FNDA:4,addCustomSynonym
DA:5,1
DA:11,1
DA:70,24
DA:71,24
DA:73,24
DA:74,17
DA:75,53
DA:79,24
DA:87,18
DA:88,12
DA:90,12
DA:91,14
DA:92,14
DA:94,14
DA:95,10
DA:99,12
DA:106,6
DA:107,6
DA:109,6
DA:110,7
DA:111,23
DA:115,6
DA:122,6
DA:123,6
DA:130,4
DA:132,4
DA:133,3
DA:136,4
DA:137,5
DA:138,5
DA:139,4
DA:143,4
LF:32
LH:32
BRDA:73,0,0,17
BRDA:73,0,1,7
BRDA:94,1,0,10
BRDA:94,1,1,4
BRDA:132,2,0,3
BRDA:132,2,1,1
BRDA:138,3,0,4
BRDA:138,3,1,1
BRF:8
BRH:8
end_of_record
TN:
SF:src/background/search/scorer-manager.ts
FN:28,(anonymous_0)
FN:66,(anonymous_1)
FN:90,(anonymous_2)
FN:106,(anonymous_3)
FN:125,(anonymous_4)
FN:126,(anonymous_5)
FN:127,(anonymous_6)
FN:162,(anonymous_7)
FN:175,getAllScorers
FNF:9
FNH:9
FNDA:4,(anonymous_0)
FNDA:6,(anonymous_1)
FNDA:4,(anonymous_2)
FNDA:5,(anonymous_3)
FNDA:8,(anonymous_4)
FNDA:8,(anonymous_5)
FNDA:8,(anonymous_6)
FNDA:7,(anonymous_7)
FNDA:19,getAllScorers
DA:25,1
DA:29,4
DA:30,4
DA:31,4
DA:32,4
DA:33,4
DA:34,4
DA:36,4
DA:39,3
DA:47,3
DA:49,3
DA:50,6
DA:51,6
DA:53,6
DA:54,24
DA:55,24
DA:56,9
DA:57,9
DA:61,6
DA:65,3
DA:66,6
DA:68,3
DA:71,2
DA:72,4
DA:73,4
DA:74,4
DA:75,4
DA:79,2
DA:80,2
DA:81,4
DA:82,9
DA:85,2
DA:86,2
DA:89,4
DA:90,4
DA:92,4
DA:94,4
DA:96,4
DA:103,1
DA:107,5
DA:108,5
DA:109,5
DA:110,5
DA:111,5
DA:113,5
DA:114,5
DA:117,4
DA:121,4
DA:124,5
DA:125,8
DA:126,8
DA:127,8
DA:128,5
DA:131,5
DA:133,3
DA:134,3
DA:136,3
DA:137,3
DA:138,0
DA:140,0
DA:141,0
DA:142,0
DA:147,4
DA:148,4
DA:149,2
DA:150,2
DA:153,4
DA:159,1
DA:163,7
DA:164,7
DA:167,6
DA:168,7
DA:171,4
DA:177,19
DA:180,19
DA:187,19
LF:76
LH:72
BRDA:29,0,0,4
BRDA:29,0,1,4
BRDA:29,0,2,0
BRDA:32,1,0,4
BRDA:32,1,1,4
BRDA:33,2,0,4
BRDA:33,2,1,0
BRDA:34,3,0,4
BRDA:34,3,1,0
BRDA:36,4,0,1
BRDA:36,4,1,3
BRDA:55,5,0,9
BRDA:55,5,1,15
BRDA:68,6,0,1
BRDA:68,6,1,2
BRDA:86,7,0,2
BRDA:86,7,1,0
BRDA:90,8,0,4
BRDA:90,8,1,4
BRDA:92,9,0,2
BRDA:92,9,1,0
BRDA:107,10,0,5
BRDA:107,10,1,5
BRDA:109,11,0,5
BRDA:109,11,1,5
BRDA:110,12,0,5
BRDA:110,12,1,5
BRDA:113,13,0,5
BRDA:113,13,1,1
BRDA:114,14,0,1
BRDA:114,14,1,4
BRDA:121,15,0,3
BRDA:121,15,1,1
BRDA:131,16,0,3
BRDA:131,16,1,2
BRDA:136,17,0,3
BRDA:136,17,1,0
BRDA:138,18,0,0
BRDA:138,18,1,0
BRDA:141,19,0,0
BRDA:141,19,1,0
BRDA:148,20,0,2
BRDA:148,20,1,2
BRDA:164,21,0,1
BRDA:164,21,1,6
BRDA:167,22,0,6
BRDA:167,22,1,2
BRDA:168,23,0,2
BRDA:168,23,1,5
BRDA:177,24,0,19
BRDA:177,24,1,0
BRDA:182,25,0,1
BRDA:182,25,1,18
BRF:53
BRH:42
end_of_record
TN:
SF:src/background/search/search-cache.ts
FN:24,(anonymous_0)
FN:33,(anonymous_1)
FN:58,(anonymous_2)
FN:79,(anonymous_3)
FN:88,(anonymous_4)
FN:112,(anonymous_5)
FN:132,(anonymous_6)
FN:139,(anonymous_7)
FN:161,getSearchCache
FN:166,(anonymous_9)
FN:173,clearSearchCache
FNF:11
FNH:8
FNDA:18,(anonymous_0)
FNDA:12,(anonymous_1)
FNDA:32,(anonymous_2)
FNDA:2,(anonymous_3)
FNDA:8,(anonymous_4)
FNDA:4,(anonymous_5)
FNDA:44,(anonymous_6)
FNDA:3,(anonymous_7)
FNDA:0,getSearchCache
FNDA:0,(anonymous_9)
FNDA:0,clearSearchCache
DA:7,1
DA:20,18
DA:25,18
DA:26,18
DA:33,1
DA:34,12
DA:35,12
DA:37,12
DA:38,4
DA:42,8
DA:43,1
DA:44,1
DA:45,1
DA:49,7
DA:50,7
DA:51,7
DA:58,1
DA:59,32
DA:62,32
DA:63,4
DA:66,32
DA:72,32
DA:79,1
DA:80,2
DA:81,2
DA:82,2
DA:89,8
DA:90,8
DA:91,8
DA:93,8
DA:94,10
DA:95,10
DA:96,1
DA:100,8
DA:113,4
DA:114,4
DA:116,4
DA:117,20
DA:118,4
DA:119,4
DA:123,4
DA:124,4
DA:125,4
DA:133,44
DA:140,3
DA:141,3
DA:143,3
DA:144,6
DA:145,3
DA:146,3
DA:150,3
DA:151,2
DA:154,3
DA:159,1
DA:162,0
DA:163,0
DA:166,0
DA:167,0
DA:170,0
DA:174,0
DA:175,0
LF:61
LH:54
BRDA:24,0,0,18
BRDA:24,1,0,18
BRDA:37,2,0,4
BRDA:37,2,1,8
BRDA:42,3,0,1
BRDA:42,3,1,7
BRDA:62,4,0,4
BRDA:62,4,1,28
BRDA:62,5,0,32
BRDA:62,5,1,4
BRDA:95,6,0,1
BRDA:95,6,1,9
BRDA:105,7,0,5
BRDA:105,7,1,3
BRDA:117,8,0,4
BRDA:117,8,1,16
BRDA:123,9,0,4
BRDA:123,9,1,0
BRDA:144,10,0,3
BRDA:144,10,1,3
BRDA:150,11,0,2
BRDA:150,11,1,1
BRDA:162,12,0,0
BRDA:162,12,1,0
BRDA:174,13,0,0
BRDA:174,13,1,0
BRF:26
BRH:21
end_of_record
TN:
SF:src/background/search/search-engine.ts
FN:41,getLastAIStatus
FN:48,runSearch2
FN:60,runSearchInner
FN:130,(anonymous_3)
FN:131,(anonymous_4)
FN:142,(anonymous_5)
FN:242,(anonymous_6)
FN:252,(anonymous_7)
FN:255,(anonymous_8)
FN:304,(anonymous_9)
FN:319,(anonymous_10)
FN:320,(anonymous_11)
FN:325,(anonymous_12)
FN:334,(anonymous_13)
FN:337,(anonymous_14)
FN:371,(anonymous_15)
FN:372,(anonymous_16)
FN:384,(anonymous_17)
FN:385,(anonymous_18)
FN:421,(anonymous_19)
FN:422,(anonymous_20)
FN:423,(anonymous_21)
FN:433,(anonymous_22)
FN:437,(anonymous_23)
FN:460,(anonymous_24)
FN:542,(anonymous_25)
FN:543,(anonymous_26)
FN:544,(anonymous_27)
FN:558,(anonymous_28)
FN:616,(anonymous_29)
FN:659,(anonymous_30)
FNF:31
FNH:26
FNDA:3,getLastAIStatus
FNDA:37,runSearch2
FNDA:37,runSearchInner
FNDA:1,(anonymous_3)
FNDA:2,(anonymous_4)
FNDA:2,(anonymous_5)
FNDA:1,(anonymous_6)
FNDA:0,(anonymous_7)
FNDA:0,(anonymous_8)
FNDA:0,(anonymous_9)
FNDA:186,(anonymous_10)
FNDA:196,(anonymous_11)
FNDA:195,(anonymous_12)
FNDA:195,(anonymous_13)
FNDA:195,(anonymous_14)
FNDA:196,(anonymous_15)
FNDA:1,(anonymous_16)
FNDA:3,(anonymous_17)
FNDA:3,(anonymous_18)
FNDA:188,(anonymous_19)
FNDA:188,(anonymous_20)
FNDA:188,(anonymous_21)
FNDA:0,(anonymous_22)
FNDA:0,(anonymous_23)
FNDA:169,(anonymous_24)
FNDA:168,(anonymous_25)
FNDA:168,(anonymous_26)
FNDA:168,(anonymous_27)
FNDA:142,(anonymous_28)
FNDA:143,(anonymous_29)
FNDA:143,(anonymous_30)
DA:40,38
DA:41,3
DA:45,38
DA:47,38
DA:50,37
DA:52,37
DA:53,37
DA:55,37
DA:62,37
DA:63,0
DA:65,37
DA:66,37
DA:67,37
DA:68,37
DA:69,37
DA:71,37
DA:72,37
DA:73,2
DA:74,2
DA:80,35
DA:81,35
DA:82,37
DA:83,32
DA:84,32
DA:85,1
DA:86,1
DA:87,1
DA:90,3
DA:94,34
DA:95,34
[...]
FNDA:14,getCommandsByTier
FNDA:1834,(anonymous_47)
FNDA:8,getAvailableCommands
FNDA:524,(anonymous_49)
FNDA:808,expandSubCommands
FNDA:10,matchCommands
FNDA:193,(anonymous_52)
FNDA:9,(anonymous_53)
FNDA:594,(anonymous_54)
FNDA:48,(anonymous_55)
FNDA:851,(anonymous_56)
FNDA:1289,(anonymous_57)
FNDA:57,(anonymous_58)
FNDA:37,(anonymous_59)
FNDA:2,formatPaletteCategoryHeader
FNDA:848,rankPowerPaletteCategory
FNDA:654,rankEverydayPaletteCategory
FNDA:2,preparePaletteCommandList
FNDA:424,(anonymous_64)
FNDA:327,(anonymous_65)
FNDA:4,getPowerSettingsPatch
FNDA:2,getCycleValueFromCommand
FNDA:140,(anonymous_68)
FNDA:53,(anonymous_69)
FNDA:0,(anonymous_70)
FNDA:3,getCurrentValueLabel
FNDA:5,(anonymous_72)
FNDA:4,saveRecentCommand
FNDA:3,(anonymous_74)
FNDA:2,getRecentCommands
DA:14,33
DA:75,3
DA:341,10
DA:559,10
DA:570,10
DA:581,10
DA:592,10
DA:603,10
DA:614,10
DA:626,10
DA:637,10
DA:648,10
DA:659,10
DA:670,10
DA:681,10
DA:692,10
DA:703,10
DA:778,10
DA:789,10
DA:800,10
DA:811,10
DA:822,10
DA:833,10
DA:844,10
DA:855,10
DA:866,10
DA:933,3
DA:945,10
DA:958,10
DA:969,10
DA:980,10
DA:991,10
DA:1002,10
DA:1012,10
DA:1035,10
DA:1046,10
DA:1059,10
DA:1071,10
DA:1083,10
DA:1094,10
DA:1106,10
DA:1118,10
DA:1130,10
DA:1142,10
DA:1284,10
DA:1295,10
DA:1306,10
DA:1318,10
DA:1757,3
DA:1760,1834
DA:1767,8
DA:1768,524
DA:1778,808
DA:1779,69
DA:1781,739
DA:1793,10
DA:1794,4
DA:1795,193
DA:1797,4
DA:1798,4
DA:1799,167
DA:1801,4
DA:1804,6
DA:1807,9
DA:1809,6
DA:1810,594
DA:1813,10
DA:1815,10
DA:1816,641
DA:1818,641
DA:1819,839
DA:1827,839
DA:1829,839
DA:1830,1
DA:1833,839
DA:1834,9
DA:1837,851
DA:1838,839
DA:1839,19
DA:1842,839
DA:1843,1289
DA:1846,839
DA:1847,37
DA:1852,57
DA:1856,3
DA:1872,3
DA:1884,3
DA:1900,2
DA:1901,1
DA:1903,1
DA:1907,848
DA:1908,848
DA:1912,654
DA:1913,654
DA:1926,2
DA:1927,2
DA:1928,2
DA:1929,0
DA:1931,2
DA:1932,1
DA:1933,424
DA:1934,424
DA:1935,424
DA:1936,273
DA:1939,1
DA:1940,327
DA:1941,327
DA:1942,327
DA:1943,197
DA:1949,4
DA:1951,1
DA:1953,0
DA:1955,1
DA:1957,0
DA:1959,0
DA:1961,1
DA:1963,1
DA:1972,2
DA:1973,140
DA:1975,2
DA:1977,1
DA:1978,3
DA:1979,3
DA:1980,1
DA:1981,1
DA:1985,0
DA:1986,0
DA:1987,0
DA:1990,0
DA:1991,0
DA:1992,0
DA:1995,0
DA:2005,3
DA:2006,2
DA:2007,5
DA:2008,2
DA:2011,3
DA:2012,3
DA:2015,4
DA:2016,4
DA:2017,4
DA:2018,4
DA:2019,4
DA:2020,4
DA:2030,2
DA:2031,2
DA:2032,2
DA:2034,1
LF:148
LH:137
BRDA:341,0,0,10
BRDA:341,0,1,10
BRDA:1768,1,0,524
BRDA:1768,1,1,180
BRDA:1778,2,0,69
BRDA:1778,2,1,739
BRDA:1778,3,0,808
BRDA:1778,3,1,69
BRDA:1793,4,0,4
BRDA:1793,4,1,6
BRDA:1794,5,0,4
BRDA:1794,5,1,0
BRDA:1795,6,0,193
BRDA:1795,6,1,66
BRDA:1809,7,0,5
BRDA:1809,7,1,1
BRDA:1810,8,0,594
BRDA:1810,8,1,204
BRDA:1822,9,0,839
BRDA:1822,9,1,791
BRDA:1829,10,0,1
BRDA:1829,10,1,838
BRDA:1833,11,0,9
BRDA:1833,11,1,830
BRDA:1838,12,0,19
BRDA:1838,12,1,820
BRDA:1843,13,0,40
BRDA:1843,13,1,1249
BRDA:1846,14,0,37
BRDA:1846,14,1,802
BRDA:1900,15,0,1
BRDA:1900,15,1,1
BRDA:1900,16,0,2
BRDA:1900,16,1,1
BRDA:1903,17,0,1
BRDA:1903,17,1,0
BRDA:1908,18,0,0
BRDA:1908,18,1,848
BRDA:1913,19,0,0
BRDA:1913,19,1,654
BRDA:1928,20,0,0
BRDA:1928,20,1,2
BRDA:1931,21,0,1
BRDA:1931,21,1,1
BRDA:1935,22,0,151
BRDA:1935,22,1,273
BRDA:1942,23,0,130
BRDA:1942,23,1,197
BRDA:1949,24,0,1
BRDA:1949,24,1,0
BRDA:1949,24,2,1
BRDA:1949,24,3,0
BRDA:1949,24,4,0
BRDA:1949,24,5,1
BRDA:1949,24,6,1
BRDA:1975,25,0,1
BRDA:1975,25,1,1
BRDA:1979,26,0,1
BRDA:1979,26,1,2
BRDA:1981,27,0,1
BRDA:1981,27,1,0
BRDA:1987,28,0,0
BRDA:1987,28,1,0
BRDA:1990,29,0,0
BRDA:1990,29,1,0
BRDA:1992,30,0,0
BRDA:1992,30,1,0
BRDA:2005,31,0,1
BRDA:2005,31,1,2
BRDA:2005,32,0,3
BRDA:2005,32,1,2
BRDA:2017,33,0,2
BRDA:2017,33,1,1
BRDA:2032,34,0,2
BRDA:2032,34,1,0
BRF:75
BRH:59
end_of_record
TN:
SF:src/shared/data-masker.ts
FN:9,simpleHash
FN:27,redactWord
FN:49,maskTitle
FN:54,(anonymous_3)
FN:58,(anonymous_4)
FN:80,(anonymous_5)
FN:84,(anonymous_6)
FN:109,effectiveTldLength
FN:136,maskHostname
FN:140,(anonymous_9)
FN:150,(anonymous_10)
FN:168,maskUrl
FN:203,maskMetaDescription
FNF:13
FNH:13
FNDA:16,simpleHash
FNDA:33,redactWord
FNDA:80,maskTitle
FNDA:42,(anonymous_3)
FNDA:59,(anonymous_4)
FNDA:18,(anonymous_5)
FNDA:5,(anonymous_6)
FNDA:15,effectiveTldLength
FNDA:16,maskHostname
FNDA:21,(anonymous_9)
FNDA:24,(anonymous_10)
FNDA:79,maskUrl
FNDA:7,maskMetaDescription
DA:10,16
DA:11,16
DA:12,252
DA:13,252
DA:14,252
DA:16,16
DA:28,33
DA:29,33
DA:30,3
DA:32,30
DA:33,20
DA:35,10
DA:36,7
DA:38,3
DA:50,80
DA:51,57
DA:54,42
DA:55,23
DA:57,23
DA:58,13
DA:59,59
DA:60,23
DA:62,36
DA:63,36
DA:64,5
DA:66,31
DA:67,13
DA:69,18
DA:70,34
DA:71,0
DA:74,18
DA:79,10
DA:80,10
DA:81,18
DA:83,10
DA:84,5
DA:86,7
DA:92,2
DA:101,2
DA:110,15
DA:111,13
DA:112,13
DA:113,13
DA:114,2
DA:117,13
DA:137,16
DA:138,16
DA:140,21
DA:141,15
DA:142,15
DA:143,15
DA:144,15
DA:146,15
DA:147,3
DA:150,12
DA:151,24
DA:152,15
DA:153,23
DA:155,15
DA:158,12
DA:169,79
DA:170,57
DA:173,22
DA:174,16
DA:175,11
DA:177,5
DA:180,6
DA:181,6
DA:182,6
DA:183,5
DA:185,1
DA:186,1
DA:187,79
DA:189,0
DA:190,0
DA:192,0
DA:204,7
DA:205,2
DA:207,5
DA:208,3
DA:210,2
LF:81
LH:77
BRDA:29,0,0,3
BRDA:29,0,1,30
BRDA:32,1,0,20
BRDA:32,1,1,10
BRDA:35,2,0,7
BRDA:35,2,1,3
BRDA:50,3,0,57
BRDA:50,3,1,23
BRDA:57,4,0,13
BRDA:57,4,1,10
BRDA:59,5,0,23
BRDA:59,5,1,36
BRDA:63,6,0,5
BRDA:63,6,1,31
BRDA:66,7,0,13
BRDA:66,7,1,18
BRDA:70,8,0,0
BRDA:70,8,1,34
BRDA:83,9,0,3
BRDA:83,9,1,7
BRDA:110,10,0,13
BRDA:110,10,1,2
BRDA:113,11,0,2
BRDA:113,11,1,11
BRDA:113,12,0,13
BRDA:113,12,1,2
BRDA:138,13,0,1
BRDA:138,13,1,15
BRDA:146,14,0,3
BRDA:146,14,1,12
BRDA:146,15,0,15
BRDA:146,15,1,13
BRDA:151,16,0,9
BRDA:151,16,1,15
BRDA:153,17,0,0
BRDA:153,17,1,23
BRDA:169,18,0,57
BRDA:169,18,1,22
BRDA:173,19,0,16
BRDA:173,19,1,6
BRDA:174,20,0,11
BRDA:174,20,1,5
BRDA:182,21,0,5
BRDA:182,21,1,1
BRDA:186,22,0,1
BRDA:186,22,1,0
BRDA:189,23,0,0
BRDA:189,23,1,0
BRDA:204,24,0,2
BRDA:204,24,1,5
BRDA:207,25,0,3
BRDA:207,25,1,2
BRDA:208,26,0,1
BRDA:208,26,1,2
BRF:54
BRH:49
end_of_record
TN:
SF:src/shared/hide-img-on-error.ts
FN:5,wireHideImgOnError
FN:9,(anonymous_1)
FNF:2
FNH:2
FNDA:2,wireHideImgOnError
FNDA:1,(anonymous_1)
DA:6,2
DA:7,1
DA:10,1
LF:3
LH:3
BRDA:6,0,0,1
BRDA:6,0,1,1
BRF:2
BRH:2
end_of_record
TN:
SF:src/shared/palette-messages.ts
FN:18,isPaletteDiagnosticMessageType
FN:22,formatBytesShort
FN:30,isOkStatus
FN:38,formatPaletteDiagnosticToast
FN:110,(anonymous_4)
FN:131,(anonymous_5)
FN:132,(anonymous_6)
FNF:7
FNH:7
FNDA:2,isPaletteDiagnosticMessageType
FNDA:2,formatBytesShort
FNDA:11,isOkStatus
FNDA:12,formatPaletteDiagnosticToast
FNDA:3,(anonymous_4)
FNDA:5,(anonymous_5)
FNDA:5,(anonymous_6)
DA:6,4
DA:16,4
DA:19,2
DA:23,2
DA:24,2
DA:25,2
DA:26,2
DA:27,2
DA:31,11
DA:42,12
DA:44,11
DA:46,1
DA:55,1
DA:57,1
DA:60,1
DA:63,2
DA:66,2
DA:67,2
DA:69,2
DA:71,2
DA:74,2
DA:77,2
DA:78,2
DA:79,2
DA:80,2
DA:81,2
DA:83,2
DA:84,2
DA:87,1
DA:97,1
DA:99,1
DA:102,1
DA:103,1
DA:106,1
DA:107,1
DA:108,1
DA:110,3
DA:113,0
DA:116,2
DA:117,2
DA:118,2
DA:119,1
DA:120,1
DA:121,1
DA:124,2
DA:129,2
DA:130,2
DA:131,5
DA:132,5
DA:133,2
DA:134,2
DA:135,1
DA:137,1
DA:138,2
DA:139,2
DA:142,0
LF:56
LH:54
BRDA:23,0,0,0
BRDA:23,0,1,2
BRDA:23,1,0,2
BRDA:23,1,1,2
BRDA:31,2,0,11
BRDA:31,2,1,0
BRDA:42,3,0,1
BRDA:42,3,1,11
BRDA:42,4,0,12
BRDA:42,4,1,11
BRDA:44,5,0,11
BRDA:44,5,1,2
BRDA:44,5,2,2
BRDA:44,5,3,1
BRDA:44,5,4,1
BRDA:44,5,5,2
BRDA:44,5,6,2
BRDA:44,5,7,0
BRDA:55,6,0,0
BRDA:55,6,1,1
BRDA:57,7,0,1
BRDA:57,7,1,0
BRDA:57,8,0,1
BRDA:57,8,1,1
BRDA:57,8,2,1
BRDA:60,9,0,1
BRDA:60,9,1,0
BRDA:60,10,0,1
BRDA:60,10,1,0
BRDA:60,11,0,1
BRDA:60,11,1,0
BRDA:66,12,0,0
BRDA:66,12,1,2
BRDA:67,13,0,1
BRDA:67,13,1,1
BRDA:69,14,0,2
BRDA:69,14,1,0
BRDA:71,15,0,1
BRDA:71,15,1,1
BRDA:71,16,0,2
BRDA:71,16,1,1
BRDA:72,17,0,1
BRDA:72,17,1,0
BRDA:81,18,0,0
BRDA:81,18,1,2
BRDA:81,19,0,2
BRDA:81,19,1,2
BRDA:83,20,0,2
BRDA:83,20,1,0
BRDA:84,21,0,1
BRDA:84,21,1,1
BRDA:97,22,0,0
BRDA:97,22,1,1
BRDA:99,23,0,0
BRDA:99,23,1,1
BRDA:102,24,0,1
BRDA:102,24,1,0
BRDA:103,25,0,1
BRDA:103,25,1,0
BRDA:103,26,0,1
BRDA:103,26,1,0
BRDA:103,27,0,1
BRDA:103,27,1,0
BRDA:103,28,0,1
BRDA:103,28,1,0
BRDA:107,29,0,1
BRDA:107,29,1,0
BRDA:107,30,0,1
BRDA:107,30,1,1
BRDA:117,31,0,0
BRDA:117,31,1,2
BRDA:118,32,0,1
BRDA:118,32,1,1
BRDA:129,33,0,0
BRDA:129,33,1,2
BRDA:129,34,0,2
BRDA:129,34,1,2
BRDA:131,35,0,5
BRDA:131,35,1,2
BRDA:133,36,0,2
BRDA:133,36,1,0
BRDA:134,37,0,1
BRDA:134,37,1,1
BRDA:137,38,0,1
BRDA:137,38,1,0
BRDA:138,39,0,1
BRDA:138,39,1,0
BRF:87
BRH:61
end_of_record
TN:
SF:src/shared/recent-interactions.ts
FN:16,getRecentInteractions
FN:27,addRecentInteraction
FN:37,(anonymous_2)
FN:53,clearRecentInteractions
FNF:4
FNH:4
FNDA:8,getRecentInteractions
FNDA:5,addRecentInteraction
FNDA:27,(anonymous_2)
FNDA:2,clearRecentInteractions
DA:13,11
DA:14,11
DA:17,8
DA:18,8
DA:19,6
DA:20,6
DA:21,2
DA:23,2
DA:32,5
DA:34,4
DA:35,4
DA:37,27
DA:39,4
DA:46,5
DA:47,5
DA:54,2
DA:55,2
LF:17
LH:17
BRDA:20,0,0,4
BRDA:20,0,1,2
BRDA:32,1,0,1
BRDA:32,1,1,4
BRDA:41,2,0,4
BRDA:41,2,1,1
BRF:6
BRH:6
end_of_record
TN:
SF:src/shared/recent-searches.ts
FN:15,getRecentSearches
FN:26,addRecentSearch
FN:34,(anonymous_2)
FN:50,clearRecentSearches
FNF:4
FNH:4
FNDA:7,getRecentSearches
FNDA:6,addRecentSearch
FNDA:27,(anonymous_2)
FNDA:2,clearRecentSearches
DA:12,10
DA:13,10
DA:16,7
DA:17,7
DA:18,5
DA:19,5
DA:20,2
DA:22,2
DA:27,6
DA:28,6
DA:30,3
DA:31,3
DA:34,27
DA:36,3
DA:43,6
DA:44,6
DA:51,2
DA:52,2
LF:18
LH:18
BRDA:19,0,0,3
BRDA:19,0,1,2
BRDA:28,1,0,3
BRDA:28,1,1,3
BRDA:28,2,0,6
BRDA:28,2,1,4
BRDA:39,3,0,1
BRDA:39,3,1,2
BRF:8
BRH:8
end_of_record
TN:
SF:src/shared/search-ui-base.ts
FN:45,(anonymous_0)
FN:100,handleCyclicTabNavigation
FN:108,(anonymous_2)
FN:124,(anonymous_3)
FN:145,focusGroup
FN:156,truncateUrl
FN:176,sortResults
FN:180,(anonymous_7)
FN:185,(anonymous_8)
FN:190,(anonymous_9)
FN:205,escapeRegex
FN:219,highlightText
FN:224,(anonymous_12)
FN:224,(anonymous_13)
FN:225,(anonymous_14)
FN:226,(anonymous_15)
FN:258,appendHighlightedTextToDOM
FN:268,(anonymous_17)
FN:288,createMarkdownLink
FN:297,createHtmlLink
FN:306,openUrl
FN:327,parseKeyboardAction
FN:391,renderResults
FN:406,(anonymous_23)
FN:450,(anonymous_24)
FN:465,copyHtmlLinkToClipboard
FN:485,debounce
FN:491,(anonymous_27)
FN:492,(anonymous_28)
FN:511,escapeHtml
FN:518,tokenizeQuery
FN:519,(anonymous_31)
FN:530,highlightHtml
FN:539,(anonymous_33)
FN:540,(anonymous_34)
FN:541,(anonymous_35)
FN:544,(anonymous_36)
FN:545,(anonymous_37)
FN:571,renderAIStatus
FN:644,(anonymous_39)
FNF:40
FNH:40
FNDA:1,(anonymous_0)
FNDA:8,handleCyclicTabNavigation
FNDA:14,(anonymous_2)
FNDA:5,(anonymous_3)
FNDA:6,focusGroup
FNDA:17,truncateUrl
FNDA:4,sortResults
FNDA:3,(anonymous_7)
FNDA:3,(anonymous_8)
FNDA:3,(anonymous_9)
FNDA:28,escapeRegex
FNDA:30,highlightText
FNDA:17,(anonymous_12)
FNDA:14,(anonymous_13)
FNDA:3,(anonymous_14)
FNDA:17,(anonymous_15)
FNDA:21,appendHighlightedTextToDOM
FNDA:30,(anonymous_17)
FNDA:2,createMarkdownLink
FNDA:4,createHtmlLink
FNDA:4,openUrl
FNDA:14,parseKeyboardAction
FNDA:8,renderResults
FNDA:8,(anonymous_23)
FNDA:1,(anonymous_24)
FNDA:2,copyHtmlLinkToClipboard
FNDA:4,debounce
FNDA:6,(anonymous_27)
FNDA:4,(anonymous_28)
FNDA:10,escapeHtml
FNDA:5,tokenizeQuery
FNDA:10,(anonymous_31)
FNDA:7,highlightHtml
FNDA:5,(anonymous_33)
FNDA:4,(anonymous_34)
FNDA:1,(anonymous_35)
FNDA:5,(anonymous_36)
FNDA:5,(anonymous_37)
FNDA:14,renderAIStatus
FNDA:21,(anonymous_39)
DA:45,1
DA:46,1
DA:47,1
DA:48,1
DA:49,1
DA:50,1
DA:51,1
DA:52,1
DA:53,1
DA:54,1
DA:55,1
DA:56,1
DA:105,8
DA:108,14
DA:109,7
DA:112,6
DA:115,6
DA:116,2
DA:117,2
DA:118,2
DA:119,2
DA:123,4
DA:124,8
DA:126,8
DA:128,0
DA:129,0
DA:130,0
DA:135,4
DA:136,1
DA:138,3
DA:142,4
DA:146,6
DA:147,5
DA:148,1
DA:149,1
DA:157,17
DA:158,17
DA:159,17
DA:160,17
DA:161,2
DA:163,16
DA:165,1
DA:177,4
DA:180,3
DA:181,1
DA:185,3
DA:186,1
DA:190,3
DA:191,1
DA:196,1
DA:199,4
DA:206,28
DA:220,30
DA:221,17
DA:224,17
DA:225,13
DA:226,17
DA:228,13
DA:229,1
DA:232,12
DA:233,12
DA:235,12
DA:236,12
DA:239,12
DA:240,20
DA:241,9
DA:243,20
DA:244,20
DA:245,20
DA:248,12
DA:249,5
DA:252,12
DA:266,21
DA:268,21
DA:269,30
DA:270,1
DA:271,1
DA:272,1
DA:273,1
DA:274,29
DA:275,7
DA:276,7
DA:277,7
DA:278,7
DA:280,22
DA:289,2
DA:290,2
DA:298,4
DA:299,4
DA:300,4
DA:307,4
DA:308,3
DA:309,2
DA:311,1
DA:315,1
DA:316,1
DA:318,0
DA:329,14
DA:330,2
DA:334,12
DA:335,1
DA:338,11
DA:340,1
DA:343,1
DA:346,1
DA:350,1
DA:353,4
DA:354,1
DA:355,3
DA:356,2
DA:358,1
DA:362,2
DA:363,1
DA:365,1
DA:369,1
DA:396,8
DA:398,8
DA:399,1
DA:400,1
DA:401,1
DA:402,1
DA:403,1
DA:406,7
DA:407,8
DA:408,8
DA:409,8
DA:410,7
DA:412,8
DA:413,8
DA:416,8
DA:417,8
DA:420,8
DA:421,2
DA:422,2
DA:423,2
DA:424,2
DA:425,2
DA:428,8
DA:429,8
DA:430,8
DA:431,8
DA:434,8
DA:435,8
DA:436,8
DA:439,8
DA:440,1
DA:441,1
DA:442,1
DA:443,1
DA:446,8
DA:449,8
DA:450,1
DA:451,1
DA:455,8
DA:458,7
DA:466,2
DA:468,2
DA:470,2
DA:474,2
DA:477,1
DA:478,1
DA:489,4
DA:491,4
DA:492,6
DA:493,4
DA:494,4
DA:497,6
DA:498,2
DA:500,6
DA:512,10
DA:519,10
DA:537,7
DA:538,6
DA:539,6
DA:540,6
DA:541,6
DA:542,6
DA:543,6
DA:544,5
DA:545,4
DA:546,5
DA:575,14
DA:576,13
DA:577,13
DA:578,13
DA:580,12
DA:582,12
DA:583,12
DA:584,12
DA:585,12
DA:586,12
DA:588,12
DA:589,5
DA:590,5
DA:591,5
DA:593,1
DA:594,1
DA:595,1
DA:596,1
DA:598,1
DA:599,1
DA:600,1
DA:601,1
DA:603,1
DA:604,1
DA:605,1
DA:606,1
DA:608,1
DA:609,1
DA:610,1
DA:611,1
DA:613,1
DA:614,1
DA:615,1
DA:616,1
DA:618,5
DA:621,12
DA:622,4
DA:623,4
DA:624,4
DA:626,2
DA:627,2
DA:630,2
DA:632,1
DA:633,1
DA:634,1
DA:635,1
DA:637,1
DA:638,1
DA:639,1
DA:641,4
DA:644,21
DA:646,12
DA:647,1
DA:648,1
DA:649,1
DA:650,1
DA:653,12
LF:238
LH:234
BRDA:45,0,0,1
BRDA:45,0,1,1
BRDA:103,1,0,8
BRDA:105,2,0,1
BRDA:105,2,1,7
BRDA:108,3,0,14
BRDA:108,3,1,2
BRDA:109,4,0,1
BRDA:109,4,1,6
BRDA:115,5,0,2
BRDA:115,5,1,4
BRDA:116,6,0,1
BRDA:116,6,1,1
BRDA:126,7,0,0
BRDA:126,7,1,8
BRDA:128,8,0,0
BRDA:128,8,1,0
BRDA:135,9,0,1
BRDA:135,9,1,3
BRDA:136,10,0,1
BRDA:136,10,1,0
BRDA:146,11,0,5
BRDA:146,11,1,1
BRDA:148,12,0,1
BRDA:148,12,1,0
BRDA:156,13,0,17
BRDA:160,14,0,2
BRDA:160,14,1,15
BRDA:177,15,0,1
BRDA:177,15,1,1
BRDA:177,15,2,1
BRDA:177,15,3,1
BRDA:177,15,4,1
BRDA:219,16,0,30
BRDA:220,17,0,17
BRDA:220,17,1,13
BRDA:220,18,0,30
BRDA:220,18,1,29
BRDA:220,18,2,16
BRDA:225,19,0,3
BRDA:225,19,1,3
BRDA:228,20,0,1
BRDA:228,20,1,12
BRDA:240,21,0,9
BRDA:240,21,1,11
BRDA:248,22,0,5
BRDA:248,22,1,7
BRDA:262,23,0,21
BRDA:263,24,0,21
BRDA:264,25,0,21
BRDA:269,26,0,1
BRDA:269,26,1,29
BRDA:274,27,0,7
BRDA:274,27,1,22
BRDA:289,28,0,2
BRDA:289,28,1,1
BRDA:298,29,0,4
BRDA:298,29,1,1
BRDA:306,30,0,4
BRDA:306,31,0,4
BRDA:307,32,0,3
BRDA:307,32,1,1
BRDA:307,33,0,4
BRDA:307,33,1,3
BRDA:308,34,0,2
BRDA:308,34,1,1
BRDA:308,35,0,3
BRDA:308,35,1,1
BRDA:315,36,0,1
BRDA:315,36,1,0
BRDA:329,37,0,2
BRDA:329,37,1,12
BRDA:329,38,0,14
BRDA:329,38,1,11
BRDA:329,38,2,5
BRDA:334,39,0,1
BRDA:334,39,1,11
BRDA:334,40,0,12
BRDA:334,40,1,10
BRDA:334,40,2,3
BRDA:338,41,0,11
BRDA:338,41,1,1
BRDA:338,41,2,1
BRDA:338,41,3,1
BRDA:338,41,4,4
BRDA:338,41,5,2
BRDA:338,41,6,1
BRDA:353,42,0,1
BRDA:353,42,1,3
BRDA:355,43,0,2
BRDA:355,43,1,1
BRDA:355,44,0,3
BRDA:355,44,1,2
BRDA:362,45,0,1
BRDA:362,45,1,1
BRDA:398,46,0,1
BRDA:398,46,1,7
BRDA:409,47,0,7
BRDA:409,47,1,1
BRDA:420,48,0,2
BRDA:420,48,1,6
BRDA:428,49,0,8
BRDA:428,49,1,8
BRDA:429,50,0,8
BRDA:429,50,1,8
BRDA:430,51,0,8
BRDA:430,51,1,0
BRDA:439,52,0,1
BRDA:439,52,1,7
BRDA:439,53,0,8
BRDA:439,53,1,2
BRDA:439,53,2,1
BRDA:449,54,0,1
BRDA:449,54,1,7
BRDA:451,55,0,1
BRDA:451,55,1,1
BRDA:497,56,0,2
BRDA:497,56,1,4
BRDA:533,57,0,7
BRDA:537,58,0,1
BRDA:537,58,1,6
BRDA:541,59,0,1
BRDA:541,59,1,1
BRDA:543,60,0,2
BRDA:543,60,1,4
BRDA:546,61,0,4
BRDA:546,61,1,1
BRDA:575,62,0,1
BRDA:575,62,1,13
BRDA:578,63,0,1
BRDA:578,63,1,12
BRDA:588,64,0,5
BRDA:588,64,1,7
BRDA:588,65,0,12
BRDA:588,65,1,6
BRDA:591,66,0,1
BRDA:591,66,1,1
BRDA:591,66,2,1
BRDA:591,66,3,1
BRDA:591,66,4,1
BRDA:594,67,0,1
BRDA:594,67,1,0
BRDA:599,68,0,1
BRDA:599,68,1,0
BRDA:604,69,0,1
BRDA:604,69,1,0
BRDA:621,70,0,4
BRDA:621,70,1,8
BRDA:621,71,0,12
BRDA:621,71,1,4
BRDA:624,72,0,2
BRDA:624,72,1,1
BRDA:624,72,2,1
BRDA:627,73,0,1
BRDA:627,73,1,1
BRDA:634,74,0,1
BRDA:634,74,1,1
BRDA:646,75,0,1
BRDA:646,75,1,11
BRF:159
BRH:149
end_of_record
TN:
SF:src/shared/toolbar-toggles.ts
FN:138,getToggleDef
FN:139,(anonymous_1)
FN:143,getCycleState
FN:145,(anonymous_3)
FN:149,getNextCycleValue
FN:151,(anonymous_5)
FNF:6
FNH:6
FNDA:3,getToggleDef
FNDA:13,(anonymous_1)
FNDA:3,getCycleState
FNDA:4,(anonymous_3)
FNDA:4,getNextCycleValue
FNDA:3,(anonymous_5)
DA:30,4
DA:131,4
DA:139,13
DA:144,3
DA:145,4
DA:150,4
DA:151,3
DA:152,2
DA:153,2
LF:9
LH:9
BRDA:144,0,0,1
BRDA:144,0,1,2
BRDA:144,1,0,3
BRDA:144,1,1,2
BRDA:145,2,0,2
BRDA:145,2,1,1
BRDA:150,3,0,2
BRDA:150,3,1,2
BRDA:150,4,0,4
BRDA:150,4,1,3
BRF:10
BRH:10
end_of_record
TN:
SF:src/shared/tour.ts
FN:55,isTourCompleted
FN:64,markTourCompleted
FN:74,runTour
FN:79,(anonymous_3)
FN:115,(anonymous_4)
FN:120,showStep
FN:190,(anonymous_6)
FN:191,(anonymous_7)
FN:197,cleanup
FN:202,(anonymous_9)
FN:206,onKeydown
FNF:11
FNH:10
FNDA:3,isTourCompleted
FNDA:9,markTourCompleted
FNDA:8,runTour
FNDA:8,(anonymous_3)
FNDA:11,(anonymous_4)
FNDA:11,showStep
FNDA:1,(anonymous_6)
FNDA:6,(anonymous_7)
FNDA:7,cleanup
FNDA:0,(anonymous_9)
FNDA:1,onKeydown
DA:14,1
DA:53,1
DA:56,3
DA:57,3
DA:58,2
DA:60,1
DA:65,9
DA:66,9
DA:79,8
DA:80,8
DA:82,7
DA:85,7
DA:86,7
DA:87,7
DA:93,7
DA:94,7
DA:95,7
DA:104,7
DA:105,7
DA:106,7
DA:115,7
DA:116,11
DA:117,10
DA:121,11
DA:122,11
DA:124,11
DA:126,2
DA:127,1
DA:128,2
DA:131,9
DA:132,9
DA:133,11
DA:135,11
DA:136,0
DA:137,0
DA:138,0
DA:139,0
DA:140,0
DA:143,9
DA:147,9
DA:148,9
DA:171,11
DA:172,11
DA:174,9
DA:175,9
DA:176,0
DA:177,0
DA:178,0
DA:180,0
DA:181,0
DA:185,9
DA:186,9
DA:187,9
DA:189,9
DA:190,11
DA:191,11
DA:192,6
DA:193,4
DA:198,7
DA:199,7
DA:200,7
DA:201,7
DA:202,7
DA:203,7
DA:207,1
DA:208,1
DA:209,1
DA:210,1
DA:213,7
DA:216,7
DA:217,8
DA:218,8
DA:219,8
DA:221,8
LF:74
LH:64
BRDA:80,0,0,1
BRDA:80,0,1,7
BRDA:116,1,0,1
BRDA:116,1,1,10
BRDA:124,2,0,2
BRDA:124,2,1,9
BRDA:126,3,0,1
BRDA:126,3,1,1
BRDA:132,4,0,9
BRDA:132,4,1,0
BRDA:135,5,0,0
BRDA:135,5,1,9
BRDA:159,6,0,2
BRDA:159,6,1,7
BRDA:166,7,0,7
BRDA:166,7,1,2
BRDA:172,8,0,9
BRDA:172,8,1,0
BRDA:176,9,0,0
BRDA:176,9,1,0
BRDA:176,10,0,0
BRDA:176,10,1,0
BRDA:192,11,0,2
BRDA:192,11,1,4
BRDA:207,12,0,1
BRDA:207,12,1,0
BRDA:216,13,0,7
BRDA:216,13,1,0
BRF:28
BRH:19
end_of_record
TN:
SF:src/shared/web-search.ts
FN:47,getWebSearchEngineDisplayName
FN:54,isAtlassianOrStaticEngine
FN:59,getWebSearchPrefixHintLines
FN:76,sortedWebSearchPrefixKeys
FN:78,(anonymous_4)
FN:94,parseWebSearchQuery
FN:126,webSearchSiteUrlToastMessage
FN:133,webSearchSiteUrlPreviewLabel
FN:140,escapeAtlassianSearchQuotedFragment
FN:144,buildWebSearchUrl
FNF:10
FNH:8
FNDA:6,getWebSearchEngineDisplayName
FNDA:6,isAtlassianOrStaticEngine
FNDA:1,getWebSearchPrefixHintLines
FNDA:14,sortedWebSearchPrefixKeys
FNDA:140,(anonymous_4)
FNDA:13,parseWebSearchQuery
FNDA:0,webSearchSiteUrlToastMessage
FNDA:0,webSearchSiteUrlPreviewLabel
FNDA:5,escapeAtlassianSearchQuotedFragment
FNDA:8,buildWebSearchUrl
DA:9,4
DA:16,4
DA:26,4
DA:29,4
DA:39,4
DA:48,6
DA:55,6
DA:60,1
DA:61,1
DA:62,6
DA:63,6
DA:64,0
DA:66,6
DA:72,1
DA:77,14
DA:78,140
DA:95,13
DA:96,13
DA:97,0
DA:99,13
DA:100,53
DA:101,53
DA:102,0
DA:104,53
DA:105,2
DA:107,51
DA:108,9
DA:116,2
DA:127,0
DA:134,0
DA:141,5
DA:148,8
DA:150,8
DA:151,1
DA:154,7
DA:155,3
DA:156,3
DA:157,1
DA:159,2
DA:160,2
DA:161,2
DA:165,4
DA:166,3
DA:167,3
DA:168,1
DA:170,2
DA:171,2
DA:172,2
DA:177,1
DA:178,1
DA:179,0
DA:182,1
LF:52
LH:46
BRDA:49,0,0,6
BRDA:49,0,1,0
BRDA:55,1,0,6
BRDA:55,1,1,2
BRDA:55,1,2,1
BRDA:63,2,0,0
BRDA:63,2,1,6
BRDA:63,3,0,6
BRDA:63,3,1,6
BRDA:78,4,0,140
BRDA:78,4,1,70
BRDA:96,5,0,0
BRDA:96,5,1,13
BRDA:101,6,0,0
BRDA:101,6,1,53
BRDA:104,7,0,2
BRDA:104,7,1,51
BRDA:107,8,0,9
BRDA:107,8,1,42
BRDA:127,9,0,0
BRDA:127,9,1,0
BRDA:134,10,0,0
BRDA:134,10,1,0
BRDA:150,11,0,1
BRDA:150,11,1,7
BRDA:154,12,0,3
BRDA:154,12,1,4
BRDA:155,13,0,3
BRDA:155,13,1,1
BRDA:156,14,0,1
BRDA:156,14,1,2
BRDA:165,15,0,3
BRDA:165,15,1,1
BRDA:166,16,0,3
BRDA:166,16,1,1
BRDA:167,17,0,1
BRDA:167,17,1,2
BRDA:178,18,0,0
BRDA:178,18,1,1
BRF:39
BRH:30
end_of_record
