TN:
SF:src/background/ai-keyword-cache.ts
FN:40,loadCache
FN:44,(anonymous_1)
FN:64,scheduleSave
FN:68,(anonymous_3)
FN:75,(anonymous_4)
FN:89,getCachedExpansion
FN:108,getPrefixMatch
FN:136,cacheExpansion
FN:154,evictLeastUsed
FN:167,(anonymous_9)
FN:181,clearAIKeywordCache
FN:191,(anonymous_11)
FN:202,getCacheStats
FNF:13
FNH:13
FNDA:5,loadCache
FNDA:4,(anonymous_1)
FNDA:25025,scheduleSave
FNDA:6,(anonymous_3)
FNDA:6,(anonymous_4)
FNDA:5110,getCachedExpansion
FNDA:5,getPrefixMatch
FNDA:25024,cacheExpansion
FNDA:4,evictLeastUsed
FNDA:10030,(anonymous_9)
FNDA:4,clearAIKeywordCache
FNDA:4,(anonymous_11)
FNDA:17,getCacheStats
DA:17,31
DA:19,31
DA:20,31
DA:21,31
DA:22,31
DA:31,31
DA:32,31
DA:33,31
DA:34,31
DA:41,5
DA:43,4
DA:44,4
DA:45,4
DA:48,3
DA:49,3
DA:50,1
DA:51,1
DA:52,1
DA:54,3
DA:56,1
DA:57,1
DA:65,25025
DA:66,25025
DA:68,23
DA:69,6
DA:70,6
DA:71,6
DA:73,6
DA:74,6
DA:75,6
DA:76,6
DA:78,4
DA:80,2
DA:90,5110
DA:91,5110
DA:93,5109
DA:94,1
DA:95,1
DA:96,1
DA:99,5108
DA:100,5108
DA:109,5
DA:111,4
DA:112,4
DA:114,4
DA:115,4
DA:118,4
DA:119,3
DA:120,3
DA:125,4
DA:126,2
DA:129,4
DA:138,25024
DA:139,4
DA:142,25024
DA:148,25024
DA:155,4
DA:158,4
DA:159,20000
DA:160,5000
DA:165,4
DA:166,2
DA:167,10030
DA:169,2
DA:170,2
DA:171,1000
DA:174,2
DA:182,4
DA:183,4
DA:185,4
DA:186,2
DA:187,2
DA:189,4
DA:191,4
DA:192,4
DA:195,4
DA:196,4
DA:203,17
DA:204,17
DA:206,46508
DA:209,17
LF:81
LH:81
BRDA:41,0,0,1
BRDA:41,0,1,4
BRDA:49,1,0,1
BRDA:49,1,1,2
BRDA:49,2,0,3
BRDA:49,2,1,1
BRDA:49,2,2,1
BRDA:66,3,0,25002
BRDA:66,3,1,23
BRDA:70,4,0,0
BRDA:70,4,1,6
BRDA:91,5,0,1
BRDA:91,5,1,5109
BRDA:93,6,0,1
BRDA:93,6,1,5108
BRDA:109,7,0,1
BRDA:109,7,1,4
BRDA:115,8,0,0
BRDA:115,8,1,4
BRDA:118,9,0,3
BRDA:118,9,1,1
BRDA:118,10,0,4
BRDA:118,10,1,4
BRDA:119,11,0,3
BRDA:119,11,1,0
BRDA:119,12,0,3
BRDA:119,12,1,1
BRDA:125,13,0,2
BRDA:125,13,1,2
BRDA:129,14,0,4
BRDA:129,14,1,2
BRDA:138,15,0,4
BRDA:138,15,1,25020
BRDA:138,16,0,25024
BRDA:138,16,1,5
BRDA:159,17,0,5000
BRDA:159,17,1,15000
BRDA:165,18,0,2
BRDA:165,18,1,2
BRDA:170,19,0,2
BRDA:170,19,1,1000
BRDA:185,20,0,2
BRDA:185,20,1,2
BRF:43
BRH:40
end_of_record
TN:
SF:src/background/ai-keyword-expander.ts
FN:30,readResponseText
FN:66,getLastExpansionSource
FN:84,expandQueryKeywords
FN:95,(anonymous_3)
FN:107,(anonymous_4)
FN:114,(anonymous_5)
FN:115,(anonymous_6)
FN:130,(anonymous_7)
FN:138,(anonymous_8)
FN:190,(anonymous_9)
FN:224,getGenerationModel
FN:234,(anonymous_11)
FN:257,callOllamaForKeywords
FN:293,(anonymous_13)
FN:298,(anonymous_14)
FN:322,(anonymous_15)
FN:362,parseKeywordResponse
FN:382,(anonymous_17)
FN:384,(anonymous_18)
FN:421,(anonymous_19)
FN:424,(anonymous_20)
FN:432,(anonymous_21)
FN:466,(anonymous_22)
FNF:23
FNH:20
FNDA:18,readResponseText
FNDA:11,getLastExpansionSource
FNDA:32,expandQueryKeywords
FNDA:1,(anonymous_3)
FNDA:2,(anonymous_4)
FNDA:30,(anonymous_5)
FNDA:30,(anonymous_6)
FNDA:6,(anonymous_7)
FNDA:3,(anonymous_8)
FNDA:40,(anonymous_9)
FNDA:22,getGenerationModel
FNDA:107,(anonymous_11)
FNDA:22,callOllamaForKeywords
FNDA:0,(anonymous_13)
FNDA:0,(anonymous_14)
FNDA:0,(anonymous_15)
FNDA:16,parseKeywordResponse
FNDA:7,(anonymous_17)
FNDA:20,(anonymous_18)
FNDA:4,(anonymous_19)
FNDA:4,(anonymous_20)
FNDA:7,(anonymous_21)
FNDA:10,(anonymous_22)
DA:25,33
DA:28,33
DA:31,18
DA:32,18
DA:34,17
DA:35,17
DA:36,16
DA:37,16
DA:39,16
DA:40,15
DA:42,1
DA:44,1
DA:45,1
DA:46,1
DA:47,1
DA:48,1
DA:49,3
DA:50,3
DA:51,2
DA:52,2
DA:53,0
DA:54,0
DA:56,2
DA:58,1
DA:59,1
DA:61,33
DA:65,33
DA:66,11
DA:82,33
DA:85,32
DA:87,32
DA:88,2
DA:92,30
DA:93,1
DA:94,1
DA:95,1
DA:100,29
DA:101,29
DA:103,32
DA:105,1
DA:106,1
DA:107,2
DA:111,28
DA:114,30
DA:115,30
DA:117,28
DA:118,1
DA:119,1
DA:123,27
DA:124,27
DA:125,27
DA:127,27
DA:128,28
DA:129,28
DA:130,6
DA:131,2
DA:132,2
DA:133,2
DA:136,26
DA:137,26
DA:138,3
DA:139,1
DA:140,1
DA:141,1
DA:144,25
DA:148,27
DA:149,2
DA:150,2
DA:154,25
DA:155,1
DA:156,1
DA:157,1
DA:159,24
DA:160,1
DA:161,1
DA:162,1
DA:164,23
DA:165,1
DA:166,1
DA:167,1
DA:171,22
DA:172,32
DA:173,32
DA:174,32
DA:176,32
DA:182,32
DA:184,32
DA:186,32
DA:187,22
DA:188,22
DA:189,16
DA:190,40
DA:191,16
DA:193,16
DA:197,6
DA:202,22
DA:203,16
DA:204,6
DA:205,0
DA:207,6
DA:210,22
DA:212,0
DA:213,0
DA:214,0
DA:216,22
DA:226,22
DA:234,22
DA:235,107
DA:238,22
DA:241,1
DA:244,1
DA:247,21
DA:264,22
DA:265,22
DA:284,22
DA:290,22
DA:292,22
DA:293,22
DA:298,22
DA:299,22
DA:300,2
DA:301,1
DA:302,1
DA:304,1
DA:307,21
DA:309,21
DA:310,21
DA:317,18
DA:319,18
DA:321,18
DA:322,1
DA:323,1
DA:326,17
DA:327,17
DA:329,17
DA:331,22
DA:337,22
DA:338,22
DA:339,16
DA:340,16
DA:341,16
DA:344,5
DA:345,5
DA:346,1
DA:349,5
DA:351,1
DA:353,4
DA:354,4
DA:363,16
DA:366,16
DA:367,16
DA:368,2
DA:369,2
DA:373,16
DA:374,16
DA:376,16
DA:377,11
DA:378,11
DA:379,11
DA:380,11
DA:381,7
DA:382,7
DA:384,7
DA:385,20
DA:388,20
DA:389,20
DA:390,20
DA:391,20
DA:392,20
DA:398,7
DA:399,7
DA:404,7
DA:412,9
DA:413,9
DA:415,9
DA:416,5
DA:418,5
DA:419,5
DA:420,5
DA:421,5
DA:423,5
DA:424,4
DA:425,4
DA:426,4
DA:431,4
DA:432,4
DA:433,7
DA:435,7
DA:436,7
DA:437,8
DA:438,8
DA:439,7
DA:446,4
DA:447,4
DA:452,4
DA:459,5
DA:463,5
DA:464,16
DA:466,16
DA:467,10
DA:468,10
DA:469,9
DA:473,16
DA:479,16
LF:204
LH:198
BRDA:30,0,0,18
BRDA:32,1,0,17
BRDA:32,1,1,1
BRDA:32,2,0,18
BRDA:32,2,1,1
BRDA:35,3,0,16
BRDA:35,3,1,1
BRDA:37,4,0,1
BRDA:37,4,1,15
BRDA:39,5,0,15
BRDA:39,5,1,1
BRDA:50,6,0,1
BRDA:50,6,1,2
BRDA:52,7,0,0
BRDA:52,7,1,2
BRDA:87,8,0,2
BRDA:87,8,1,30
BRDA:92,9,0,1
BRDA:92,9,1,29
BRDA:101,10,0,29
BRDA:101,10,1,0
BRDA:103,11,0,1
BRDA:103,11,1,31
BRDA:117,12,0,1
BRDA:117,12,1,27
BRDA:129,13,0,2
BRDA:129,13,1,26
BRDA:137,14,0,1
BRDA:137,14,1,25
BRDA:148,15,0,2
BRDA:148,15,1,25
BRDA:149,16,0,2
BRDA:149,16,1,0
BRDA:154,17,0,1
BRDA:154,17,1,24
BRDA:156,18,0,0
BRDA:156,18,1,1
BRDA:159,19,0,1
BRDA:159,19,1,23
BRDA:161,20,0,0
BRDA:161,20,1,1
BRDA:164,21,0,1
BRDA:164,21,1,22
BRDA:166,22,0,0
BRDA:166,22,1,1
BRDA:171,23,0,22
BRDA:171,23,1,0
BRDA:172,24,0,32
BRDA:172,24,1,0
BRDA:173,25,0,32
BRDA:173,25,1,0
BRDA:202,26,0,16
BRDA:202,26,1,6
BRDA:204,27,0,0
BRDA:204,27,1,6
BRDA:213,28,0,0
BRDA:213,28,1,0
BRDA:238,29,0,1
BRDA:238,29,1,21
BRDA:292,30,0,22
BRDA:292,30,1,0
BRDA:299,31,0,2
BRDA:299,31,1,20
BRDA:300,32,0,1
BRDA:300,32,1,1
BRDA:321,33,0,1
BRDA:321,33,1,17
BRDA:329,34,0,17
BRDA:329,34,1,0
BRDA:329,34,2,0
BRDA:338,35,0,0
BRDA:338,35,1,22
BRDA:345,36,0,1
BRDA:345,36,1,4
BRDA:349,37,0,1
BRDA:349,37,1,4
BRDA:349,38,0,5
BRDA:349,38,1,5
BRDA:367,39,0,2
BRDA:367,39,1,14
BRDA:376,40,0,11
BRDA:376,40,1,5
BRDA:376,41,0,16
BRDA:376,41,1,11
BRDA:376,41,2,11
BRDA:380,42,0,7
BRDA:380,42,1,4
BRDA:385,43,0,20
BRDA:385,43,1,0
BRDA:385,44,0,20
BRDA:385,44,1,20
BRDA:391,45,0,20
BRDA:391,45,1,0
BRDA:415,46,0,5
BRDA:415,46,1,4
BRDA:415,47,0,9
BRDA:415,47,1,5
BRDA:415,47,2,5
BRDA:423,48,0,4
BRDA:423,48,1,1
BRDA:425,49,0,4
BRDA:425,49,1,0
BRDA:425,50,0,4
BRDA:425,50,1,4
BRDA:431,51,0,4
BRDA:431,51,1,0
BRDA:433,52,0,7
BRDA:433,52,1,0
BRDA:433,53,0,7
BRDA:433,53,1,7
BRDA:438,54,0,7
BRDA:438,54,1,1
BRDA:463,55,0,5
BRDA:463,55,1,1
BRDA:468,56,0,9
BRDA:468,56,1,1
BRF:116
BRH:95
end_of_record
TN:
SF:src/background/composition-root.ts
FN:20,createRegistries
FNF:1
FNH:1
FNDA:6,createRegistries
DA:21,6
DA:22,6
DA:24,6
DA:25,6
DA:27,6
DA:28,6
DA:29,6
DA:30,6
DA:32,6
LF:9
LH:9
BRF:0
BRH:0
end_of_record
TN:
SF:src/background/database.ts
FN:18,invalidateItemCache
FN:24,resetDbInstance
FN:32,openDatabaseImpl
FN:33,(anonymous_3)
FN:37,(anonymous_4)
FN:41,(anonymous_5)
FN:46,(anonymous_6)
FN:53,(anonymous_7)
FN:65,(anonymous_8)
FN:85,saveIndexedItem2
FN:88,(anonymous_10)
FN:92,(anonymous_11)
FN:93,(anonymous_12)
FN:102,getAllIndexedItems2
FN:105,(anonymous_14)
FN:110,(anonymous_15)
FN:121,(anonymous_16)
FN:131,loadEmbeddingsInto
FN:136,(anonymous_18)
FN:142,(anonymous_19)
FN:158,(anonymous_20)
FN:170,getIndexedItemsBatches
FN:179,(anonymous_22)
FN:180,(anonymous_23)
FN:200,(anonymous_24)
FN:207,getIndexedItemsPage
FN:211,(anonymous_26)
FN:215,(anonymous_27)
FN:216,(anonymous_28)
FN:220,(anonymous_29)
FN:230,(anonymous_30)
FN:255,(anonymous_31)
FN:262,getRecentIndexedItems
FN:264,(anonymous_33)
FN:273,(anonymous_34)
FN:284,(anonymous_35)
FN:294,getIndexedItem
FN:296,(anonymous_37)
FN:300,(anonymous_38)
FN:301,(anonymous_39)
FN:306,deleteIndexedItem
FN:309,(anonymous_41)
FN:313,(anonymous_42)
FN:314,(anonymous_43)
FN:319,clearIndexedDB
FN:322,(anonymous_45)
FN:326,(anonymous_46)
FN:327,(anonymous_47)
FN:339,countItemsWithoutEmbeddings
FN:341,(anonymous_49)
FN:349,(anonymous_50)
FN:363,(anonymous_51)
FN:371,getItemsWithoutEmbeddingsBatch
FN:373,(anonymous_53)
FN:379,(anonymous_54)
FN:392,(anonymous_55)
FN:399,getSetting
FN:400,(anonymous_57)
FN:401,(anonymous_58)
FN:407,setSetting
FN:408,(anonymous_60)
FN:409,(anonymous_61)
FN:425,formatBytes
FN:433,getStorageQuotaInfo
FN:441,(anonymous_64)
FN:444,(anonymous_65)
FN:445,(anonymous_66)
FN:496,setForceRebuildFlag
FN:501,getForceRebuildFlag
FNF:69
FNH:68
FNDA:1,invalidateItemCache
FNDA:3,resetDbInstance
FNDA:77,openDatabaseImpl
FNDA:77,(anonymous_3)
FNDA:2,(anonymous_4)
FNDA:75,(anonymous_5)
FNDA:1,(anonymous_6)
FNDA:1,(anonymous_7)
FNDA:2,(anonymous_8)
FNDA:4,saveIndexedItem2
FNDA:4,(anonymous_10)
FNDA:3,(anonymous_11)
FNDA:1,(anonymous_12)
FNDA:20,getAllIndexedItems2
FNDA:19,(anonymous_14)
FNDA:18,(anonymous_15)
FNDA:1,(anonymous_16)
FNDA:7,loadEmbeddingsInto
FNDA:7,(anonymous_18)
FNDA:13,(anonymous_19)
FNDA:1,(anonymous_20)
FNDA:6,getIndexedItemsBatches
FNDA:6,(anonymous_22)
FNDA:18,(anonymous_23)
FNDA:1,(anonymous_24)
FNDA:8,getIndexedItemsPage
FNDA:8,(anonymous_26)
FNDA:7,(anonymous_27)
FNDA:1,(anonymous_28)
FNDA:7,(anonymous_29)
FNDA:23,(anonymous_30)
FNDA:1,(anonymous_31)
FNDA:5,getRecentIndexedItems
FNDA:5,(anonymous_33)
FNDA:12,(anonymous_34)
FNDA:1,(anonymous_35)
FNDA:3,getIndexedItem
FNDA:3,(anonymous_37)
FNDA:2,(anonymous_38)
FNDA:1,(anonymous_39)
FNDA:3,deleteIndexedItem
FNDA:3,(anonymous_41)
FNDA:2,(anonymous_42)
FNDA:1,(anonymous_43)
FNDA:3,clearIndexedDB
FNDA:3,(anonymous_45)
FNDA:2,(anonymous_46)
FNDA:1,(anonymous_47)
FNDA:5,countItemsWithoutEmbeddings
FNDA:5,(anonymous_49)
FNDA:11,(anonymous_50)
FNDA:1,(anonymous_51)
FNDA:6,getItemsWithoutEmbeddingsBatch
FNDA:6,(anonymous_53)
FNDA:12,(anonymous_54)
FNDA:1,(anonymous_55)
FNDA:4,getSetting
FNDA:4,(anonymous_57)
FNDA:4,(anonymous_58)
FNDA:3,setSetting
FNDA:3,(anonymous_60)
FNDA:3,(anonymous_61)
FNDA:9,formatBytes
FNDA:8,getStorageQuotaInfo
FNDA:7,(anonymous_64)
FNDA:7,(anonymous_65)
FNDA:0,(anonymous_66)
FNDA:2,setForceRebuildFlag
FNDA:2,getForceRebuildFlag
DA:9,79
DA:10,79
DA:12,79
DA:15,79
DA:19,1
DA:25,3
DA:26,3
DA:33,77
DA:34,77
DA:35,77
DA:37,77
DA:38,2
DA:39,2
DA:41,77
DA:42,75
DA:46,75
DA:47,1
DA:48,1
DA:49,1
DA:53,75
DA:54,1
DA:55,1
DA:56,1
DA:57,1
DA:60,75
DA:61,75
DA:62,75
DA:65,77
DA:66,2
DA:67,2
DA:68,2
DA:69,1
DA:70,1
DA:71,1
DA:72,1
DA:73,1
DA:74,1
DA:79,79
DA:84,79
DA:86,4
DA:87,4
DA:88,3
DA:89,4
DA:90,4
DA:91,4
DA:92,4
DA:93,4
DA:101,79
DA:103,20
DA:104,19
DA:105,15
DA:106,19
DA:107,19
DA:108,19
DA:110,19
DA:111,18
DA:115,18
DA:116,17
DA:118,18
DA:119,18
DA:121,19
DA:132,7
DA:133,7
DA:134,7
DA:136,7
DA:137,7
DA:138,7
DA:139,7
DA:140,7
DA:142,7
DA:143,13
DA:144,13
DA:145,7
DA:146,7
DA:147,4
DA:148,4
DA:149,2
DA:150,2
DA:153,7
DA:155,6
DA:158,7
DA:171,6
DA:172,6
DA:173,6
DA:174,6
DA:176,6
DA:177,6
DA:179,6
DA:180,6
DA:181,18
DA:183,18
DA:184,13
DA:186,13
DA:187,3
DA:188,3
DA:191,13
DA:193,5
DA:194,3
DA:196,5
DA:200,6
DA:203,5
DA:208,8
DA:211,8
DA:212,8
DA:213,8
DA:214,8
DA:215,8
DA:216,8
DA:220,7
DA:221,7
DA:222,7
DA:225,7
DA:226,7
DA:227,7
DA:228,7
DA:230,7
DA:231,23
DA:233,23
DA:235,19
DA:236,4
DA:237,4
DA:238,4
DA:242,15
DA:243,13
DA:244,13
DA:245,13
DA:247,2
DA:251,4
DA:255,7
DA:258,6
DA:263,5
DA:264,5
DA:265,5
DA:266,5
DA:267,5
DA:270,5
DA:271,5
DA:273,5
DA:274,12
DA:276,12
DA:277,8
DA:278,8
DA:280,4
DA:284,5
DA:295,3
DA:296,3
DA:297,3
DA:298,3
DA:299,3
DA:300,3
DA:301,3
DA:307,3
DA:308,3
DA:309,2
DA:310,3
DA:311,3
DA:312,3
DA:313,3
DA:314,3
DA:320,3
DA:321,3
DA:322,2
DA:323,3
DA:324,3
DA:325,3
DA:326,3
DA:327,3
DA:340,5
DA:341,5
DA:342,5
DA:343,5
DA:344,5
DA:346,5
DA:347,5
DA:349,5
DA:350,11
DA:351,11
DA:352,7
DA:353,7
DA:354,7
DA:355,4
DA:357,7
DA:359,4
DA:363,5
DA:372,6
DA:373,6
DA:374,6
DA:375,6
DA:376,6
DA:377,6
DA:379,6
DA:380,12
DA:381,12
DA:382,7
DA:383,7
DA:384,4
DA:386,7
DA:388,5
DA:392,6
DA:400,4
DA:401,4
DA:402,4
DA:408,3
DA:409,3
DA:426,9
DA:427,7
DA:428,7
DA:429,7
DA:430,7
DA:434,8
DA:435,8
DA:437,8
DA:440,8
DA:441,7
DA:442,7
DA:443,7
DA:444,7
DA:445,7
DA:449,7
DA:450,7
DA:452,7
DA:453,5
DA:454,5
DA:455,4
DA:456,5
DA:457,5
DA:459,1
DA:464,7
DA:465,2
DA:466,2
DA:469,7
DA:471,8
DA:480,8
DA:481,8
DA:483,1
DA:484,1
DA:497,2
DA:498,2
DA:502,2
LF:239
LH:239
BRDA:68,0,0,1
BRDA:68,0,1,1
BRDA:87,1,0,4
BRDA:87,1,1,3
BRDA:103,2,0,1
BRDA:103,2,1,19
BRDA:104,3,0,19
BRDA:104,3,1,15
BRDA:132,4,0,7
BRDA:132,4,1,7
BRDA:144,5,0,7
BRDA:144,5,1,6
BRDA:146,6,0,4
BRDA:146,6,1,3
BRDA:146,7,0,7
BRDA:146,7,1,5
BRDA:148,8,0,2
BRDA:148,8,1,2
BRDA:170,9,0,6
BRDA:171,10,0,6
BRDA:171,10,1,6
BRDA:183,11,0,13
BRDA:183,11,1,5
BRDA:186,12,0,3
BRDA:186,12,1,10
BRDA:193,13,0,3
BRDA:193,13,1,2
BRDA:207,14,0,8
BRDA:207,15,0,8
BRDA:208,16,0,8
BRDA:208,16,1,8
BRDA:233,17,0,19
BRDA:233,17,1,4
BRDA:235,18,0,4
BRDA:235,18,1,15
BRDA:242,19,0,13
BRDA:242,19,1,2
BRDA:262,20,0,5
BRDA:263,21,0,5
BRDA:263,21,1,5
BRDA:276,22,0,8
BRDA:276,22,1,4
BRDA:276,23,0,12
BRDA:276,23,1,9
BRDA:295,24,0,3
BRDA:295,24,1,3
BRDA:300,25,0,2
BRDA:300,25,1,1
BRDA:308,26,0,3
BRDA:308,26,1,2
BRDA:321,27,0,3
BRDA:321,27,1,2
BRDA:340,28,0,5
BRDA:340,28,1,5
BRDA:351,29,0,7
BRDA:351,29,1,4
BRDA:354,30,0,4
BRDA:354,30,1,3
BRDA:354,31,0,7
BRDA:354,31,1,4
BRDA:372,32,0,6
BRDA:372,32,1,6
BRDA:381,33,0,7
BRDA:381,33,1,5
BRDA:381,34,0,12
BRDA:381,34,1,8
BRDA:383,35,0,4
BRDA:383,35,1,3
BRDA:383,36,0,7
BRDA:383,36,1,4
BRDA:402,37,0,4
BRDA:402,37,1,2
BRDA:426,38,0,2
BRDA:426,38,1,7
BRDA:440,39,0,8
BRDA:440,39,1,8
BRDA:452,40,0,5
BRDA:452,40,1,2
BRDA:452,41,0,7
BRDA:452,41,1,5
BRDA:455,42,0,4
BRDA:455,42,1,1
BRDA:456,43,0,5
BRDA:456,43,1,2
BRDA:464,44,0,2
BRDA:464,44,1,5
BRDA:464,45,0,7
BRDA:464,45,1,4
BRDA:469,46,0,2
BRDA:469,46,1,5
BRDA:475,47,0,2
BRDA:475,47,1,5
BRDA:498,48,0,1
BRDA:498,48,1,1
BRF:94
BRH:94
end_of_record
TN:
SF:src/background/diagnostics.ts
FN:71,initSearchDebugState
FN:85,isSearchDebugEnabled
FN:92,setSearchDebugEnabled
FN:106,recordSearchDebug
FN:123,recordSearchSnapshot
FN:130,getLastSearchSnapshot
FN:137,getSearchHistory
FN:144,getSearchAnalytics
FN:161,(anonymous_8)
FN:171,(anonymous_9)
FN:172,(anonymous_10)
FN:202,registerCollector
FN:212,(anonymous_12)
FN:241,(anonymous_13)
FN:250,(anonymous_14)
FN:251,(anonymous_15)
FN:252,(anonymous_16)
FN:266,(anonymous_17)
FN:287,(anonymous_18)
FN:302,(anonymous_19)
FN:324,(anonymous_20)
FN:328,(anonymous_21)
FN:360,generateDiagnosticReport
FN:387,exportDiagnosticsAsJson
FN:396,exportDiagnosticsAsText
FNF:25
FNH:21
FNDA:3,initSearchDebugState
FNDA:7,isSearchDebugEnabled
FNDA:5,setSearchDebugEnabled
FNDA:151,recordSearchDebug
FNDA:1,recordSearchSnapshot
FNDA:2,getLastSearchSnapshot
FNDA:6,getSearchHistory
FNDA:7,getSearchAnalytics
FNDA:39,(anonymous_8)
FNDA:35,(anonymous_9)
FNDA:29,(anonymous_10)
FNDA:206,registerCollector
FNDA:11,(anonymous_12)
FNDA:11,(anonymous_13)
FNDA:0,(anonymous_14)
FNDA:0,(anonymous_15)
FNDA:0,(anonymous_16)
FNDA:11,(anonymous_17)
FNDA:11,(anonymous_18)
FNDA:11,(anonymous_19)
FNDA:11,(anonymous_20)
FNDA:0,(anonymous_21)
FNDA:11,generateDiagnosticReport
FNDA:1,exportDiagnosticsAsJson
FNDA:1,exportDiagnosticsAsText
DA:8,34
DA:59,34
DA:60,34
DA:63,34
DA:66,34
DA:72,3
DA:73,3
DA:74,2
DA:75,3
DA:77,1
DA:78,1
DA:86,7
DA:93,5
DA:94,5
DA:95,5
DA:96,4
DA:98,1
DA:107,151
DA:114,151
DA:115,10
DA:124,1
DA:131,2
DA:138,6
DA:145,7
DA:146,1
DA:156,6
DA:157,6
DA:158,6
DA:159,6
DA:161,6
DA:162,39
DA:163,39
DA:164,39
DA:165,39
DA:166,39
DA:167,39
DA:170,6
DA:171,35
DA:172,29
DA:175,6
DA:197,34
DA:203,206
DA:204,206
DA:210,34
DA:213,11
DA:215,11
DA:239,34
DA:242,11
DA:243,11
DA:244,10
DA:246,10
DA:250,0
DA:251,0
DA:252,0
DA:256,1
DA:264,34
DA:267,11
DA:268,11
DA:269,11
DA:272,11
DA:277,0
DA:285,34
DA:288,11
DA:289,11
DA:290,11
DA:292,0
DA:300,34
DA:303,11
DA:305,11
DA:322,34
DA:325,11
DA:326,11
DA:328,0
DA:341,34
DA:342,34
DA:343,34
DA:344,34
DA:345,34
DA:346,34
DA:361,11
DA:363,11
DA:364,11
DA:370,11
DA:371,67
DA:372,67
DA:373,67
DA:375,10
DA:376,10
DA:380,11
DA:381,11
DA:388,1
DA:389,1
DA:397,1
DA:398,1
DA:405,1
DA:406,6
DA:407,6
DA:408,6
DA:411,1
LF:99
LH:93
BRDA:74,0,0,2
BRDA:74,0,1,1
BRDA:96,1,0,3
BRDA:96,1,1,1
BRDA:114,2,0,10
BRDA:114,2,1,141
BRDA:145,3,0,1
BRDA:145,3,1,6
BRDA:163,4,0,39
BRDA:163,4,1,35
BRDA:167,5,0,39
BRDA:167,5,1,12
BRDA:228,6,0,11
BRDA:228,6,1,11
BRDA:250,7,0,0
BRDA:250,7,1,0
BRDA:250,7,2,0
BRDA:274,8,0,11
BRDA:274,8,1,10
BRDA:310,9,0,0
BRDA:310,9,1,11
BRDA:334,10,0,0
BRDA:334,10,1,0
BRF:23
BRH:17
end_of_record
TN:
SF:src/background/embedding-processor.ts
FN:28,(anonymous_0)
FN:46,(anonymous_1)
FN:104,(anonymous_2)
FN:117,(anonymous_3)
FN:135,(anonymous_4)
FN:147,(anonymous_5)
FN:161,(anonymous_6)
FN:178,(anonymous_7)
FN:188,(anonymous_8)
FN:197,(anonymous_9)
FN:203,(anonymous_10)
FN:211,(anonymous_11)
FN:212,(anonymous_12)
FN:220,(anonymous_13)
FNF:14
FNH:14
FNDA:32,(anonymous_0)
FNDA:25,(anonymous_1)
FNDA:3,(anonymous_2)
FNDA:3,(anonymous_3)
FNDA:2,(anonymous_4)
FNDA:4,(anonymous_5)
FNDA:33,(anonymous_6)
FNDA:35,(anonymous_7)
FNDA:66,(anonymous_8)
FNDA:33,(anonymous_9)
FNDA:13,(anonymous_10)
FNDA:17,(anonymous_11)
FNDA:17,(anonymous_12)
FNDA:19,(anonymous_13)
DA:9,32
DA:26,32
DA:29,32
DA:30,32
DA:31,32
DA:32,32
DA:33,32
DA:34,32
DA:36,32
DA:39,32
DA:46,32
DA:47,25
DA:48,1
DA:49,1
DA:53,24
DA:54,2
DA:55,2
DA:56,1
DA:57,1
DA:59,1
DA:63,23
DA:64,23
DA:65,25
DA:66,1
DA:67,1
DA:68,1
DA:71,22
DA:72,22
DA:73,22
DA:74,22
DA:75,22
DA:76,22
DA:79,22
DA:81,22
DA:82,2
DA:83,2
DA:84,2
DA:87,20
DA:88,20
DA:89,1
DA:90,1
DA:91,1
DA:94,19
DA:97,19
DA:104,32
DA:105,3
DA:106,2
DA:107,2
DA:109,1
DA:110,1
DA:117,32
DA:118,3
DA:119,2
DA:120,2
DA:122,1
DA:123,1
DA:126,1
DA:127,0
DA:135,32
DA:136,2
DA:137,2
DA:138,2
DA:139,2
DA:140,2
DA:148,4
DA:149,3
DA:150,3
DA:151,2
DA:153,1
DA:162,33
DA:163,33
DA:179,35
DA:180,35
DA:181,34
DA:182,34
DA:184,1
DA:189,66
DA:190,4
DA:191,4
DA:192,4
DA:193,4
DA:194,4
DA:198,33
DA:199,33
DA:200,1
DA:204,13
DA:206,13
DA:207,0
DA:212,17
DA:220,32
DA:221,19
DA:222,0
DA:223,0
DA:225,19
DA:226,19
DA:228,19
DA:230,19
DA:232,19
DA:234,19
DA:236,24
DA:237,0
DA:238,0
DA:239,0
DA:243,24
DA:244,24
DA:245,1
DA:246,1
DA:249,1
DA:250,1
DA:252,0
DA:253,0
DA:254,0
DA:258,23
DA:260,22
DA:261,13
DA:262,13
DA:263,13
DA:264,13
DA:267,9
DA:270,9
DA:271,20
DA:274,20
DA:275,0
DA:277,20
DA:280,20
DA:282,20
DA:283,20
DA:285,15
DA:286,13
DA:287,13
DA:288,13
DA:289,13
DA:290,13
DA:291,13
DA:294,13
DA:295,1
DA:296,1
DA:305,13
DA:308,2
DA:309,2
DA:312,5
DA:313,5
DA:314,5
DA:317,5
DA:318,3
DA:319,3
DA:320,3
DA:321,3
DA:324,2
DA:329,1
DA:330,1
DA:331,1
DA:332,1
DA:334,19
DA:335,19
DA:341,32
LF:156
LH:145
BRDA:47,0,0,1
BRDA:47,0,1,24
BRDA:47,1,0,25
BRDA:47,1,1,1
BRDA:53,2,0,2
BRDA:53,2,1,22
BRDA:55,3,0,1
BRDA:55,3,1,1
BRDA:64,4,0,23
BRDA:64,4,1,0
BRDA:65,5,0,1
BRDA:65,5,1,24
BRDA:81,6,0,2
BRDA:81,6,1,20
BRDA:88,7,0,1
BRDA:88,7,1,19
BRDA:105,8,0,2
BRDA:105,8,1,1
BRDA:118,9,0,2
BRDA:118,9,1,1
BRDA:126,10,0,0
BRDA:126,10,1,1
BRDA:148,11,0,3
BRDA:148,11,1,1
BRDA:150,12,0,2
BRDA:150,12,1,1
BRDA:172,13,0,33
BRDA:172,13,1,7
BRDA:189,14,0,62
BRDA:189,14,1,4
BRDA:193,15,0,0
BRDA:193,15,1,4
BRDA:199,16,0,32
BRDA:199,16,1,1
BRDA:199,17,0,33
BRDA:199,17,1,2
BRDA:206,18,0,0
BRDA:206,18,1,13
BRDA:221,19,0,0
BRDA:221,19,1,19
BRDA:236,20,0,0
BRDA:236,20,1,24
BRDA:244,21,0,1
BRDA:244,21,1,23
BRDA:245,22,0,1
BRDA:245,22,1,0
BRDA:260,23,0,13
BRDA:260,23,1,9
BRDA:271,24,0,0
BRDA:271,24,1,20
BRDA:274,25,0,20
BRDA:274,25,1,0
BRDA:277,26,0,0
BRDA:277,26,1,20
BRDA:280,27,0,0
BRDA:280,27,1,20
BRDA:285,28,0,13
BRDA:285,28,1,2
BRDA:285,29,0,15
BRDA:285,29,1,14
BRDA:294,30,0,1
BRDA:294,30,1,12
BRDA:312,31,0,4
BRDA:312,31,1,1
BRDA:317,32,0,3
BRDA:317,32,1,2
BRDA:317,33,0,5
BRDA:317,33,1,4
BRDA:317,33,2,3
BRDA:329,34,0,0
BRDA:329,34,1,1
BRF:71
BRH:59
end_of_record
TN:
SF:src/background/embedding-text.ts
FN:28,buildEmbeddingText
FN:49,cleanUrlForEmbedding
FN:54,(anonymous_2)
FNF:3
FNH:3
FNDA:32,buildEmbeddingText
FNDA:32,cleanUrlForEmbedding
FNDA:137,(anonymous_2)
DA:12,8
DA:13,8
DA:14,8
DA:15,8
DA:18,8
DA:33,32
DA:34,32
DA:35,32
DA:37,32
DA:38,32
DA:41,32
DA:50,32
DA:53,27
DA:54,137
DA:55,8
DA:58,19
DA:59,19
DA:62,19
DA:63,19
DA:66,2
LF:20
LH:20
BRDA:33,0,0,32
BRDA:33,0,1,10
BRDA:34,1,0,32
BRDA:34,1,1,26
BRDA:50,2,0,5
BRDA:50,2,1,27
BRDA:54,3,0,8
BRDA:54,3,1,19
BRF:8
BRH:8
end_of_record
TN:
SF:src/background/favicon-cache.ts
FN:38,shouldSkipFavicon
FN:56,openFaviconDatabase
FN:61,(anonymous_2)
FN:65,(anonymous_3)
FN:70,(anonymous_4)
FN:76,(anonymous_5)
FN:92,getCachedEntry
FN:96,(anonymous_7)
FN:101,(anonymous_8)
FN:130,(anonymous_9)
FN:144,getCachedFavicon
FN:152,storeNegativeEntry
FN:156,(anonymous_12)
FN:168,(anonymous_13)
FN:172,(anonymous_14)
FN:185,cacheFavicon
FN:193,(anonymous_16)
FN:211,(anonymous_17)
FN:213,(anonymous_18)
FN:221,(anonymous_19)
FN:234,(anonymous_20)
FN:239,(anonymous_21)
FN:256,getFaviconWithCache
FN:279,(anonymous_23)
FN:290,clearFaviconCache
FN:299,(anonymous_25)
FN:304,(anonymous_26)
FN:309,(anonymous_27)
FN:323,clearExpiredFavicons
FN:331,(anonymous_29)
FN:336,(anonymous_30)
FN:354,(anonymous_31)
FN:368,getFaviconCacheStats
FN:372,(anonymous_33)
FN:377,(anonymous_34)
FN:380,(anonymous_35)
FN:382,(anonymous_36)
FN:384,(anonymous_37)
FN:390,(anonymous_38)
FNF:39
FNH:39
FNDA:20,shouldSkipFavicon
FNDA:54,openFaviconDatabase
FNDA:43,(anonymous_2)
FNDA:5,(anonymous_3)
FNDA:38,(anonymous_4)
FNDA:2,(anonymous_5)
FNDA:15,getCachedEntry
FNDA:14,(anonymous_7)
FNDA:13,(anonymous_8)
FNDA:1,(anonymous_9)
FNDA:7,getCachedFavicon
FNDA:7,storeNegativeEntry
FNDA:7,(anonymous_12)
FNDA:5,(anonymous_13)
FNDA:2,(anonymous_14)
FNDA:12,cacheFavicon
FNDA:1,(anonymous_16)
FNDA:6,(anonymous_17)
FNDA:6,(anonymous_18)
FNDA:6,(anonymous_19)
FNDA:5,(anonymous_20)
FNDA:1,(anonymous_21)
FNDA:20,getFaviconWithCache
FNDA:4,(anonymous_23)
FNDA:5,clearFaviconCache
FNDA:4,(anonymous_25)
FNDA:3,(anonymous_26)
FNDA:1,(anonymous_27)
FNDA:6,clearExpiredFavicons
FNDA:5,(anonymous_29)
FNDA:9,(anonymous_30)
FNDA:1,(anonymous_31)
FNDA:9,getFaviconCacheStats
FNDA:8,(anonymous_33)
FNDA:7,(anonymous_34)
FNDA:8,(anonymous_35)
FNDA:5,(anonymous_36)
FNDA:5,(anonymous_37)
FNDA:1,(anonymous_38)
DA:5,54
DA:7,54
DA:8,54
DA:9,54
DA:12,54
DA:15,54
DA:18,54
DA:21,54
DA:30,54
DA:33,54
DA:39,20
DA:41,19
DA:43,16
DA:45,15
DA:47,14
DA:49,11
DA:50,8
DA:57,54
DA:58,11
DA:61,43
DA:62,43
DA:63,43
DA:65,43
DA:66,5
DA:67,5
DA:70,43
DA:71,38
DA:72,38
DA:73,38
DA:76,43
DA:77,2
DA:78,2
DA:79,2
DA:80,1
DA:81,1
DA:82,1
DA:93,15
DA:94,15
DA:96,14
DA:97,14
DA:98,14
DA:99,14
DA:101,14
DA:102,13
DA:104,13
DA:105,6
DA:106,6
DA:109,7
DA:110,7
DA:113,7
DA:114,13
DA:115,2
DA:116,2
DA:117,2
DA:120,5
DA:121,2
DA:122,2
DA:123,2
DA:126,3
DA:127,3
DA:130,14
DA:131,1
DA:132,1
DA:136,2
DA:137,2
DA:145,7
DA:146,7
DA:153,7
DA:154,7
DA:156,7
DA:157,7
DA:158,7
DA:160,7
DA:167,7
DA:168,7
DA:169,5
DA:170,5
DA:172,7
DA:173,2
DA:174,2
DA:178,2
DA:186,12
DA:188,12
DA:190,12
DA:192,12
DA:193,12
DA:196,12
DA:197,12
DA:199,12
DA:202,8
DA:203,2
DA:204,2
DA:205,2
DA:208,6
DA:211,6
DA:212,6
DA:213,6
DA:214,6
DA:215,6
DA:219,6
DA:221,6
DA:222,6
DA:223,6
DA:225,6
DA:232,6
DA:234,6
DA:235,5
DA:236,5
DA:239,6
DA:240,1
DA:241,1
DA:245,5
DA:247,5
DA:248,5
DA:258,20
DA:259,12
DA:263,8
DA:264,8
DA:265,2
DA:267,6
DA:268,1
DA:272,5
DA:273,5
DA:274,1
DA:275,1
DA:279,4
DA:280,4
DA:283,4
DA:284,4
DA:291,5
DA:293,5
DA:294,5
DA:297,4
DA:299,4
DA:300,4
DA:301,4
DA:302,4
DA:304,4
DA:305,3
DA:306,3
DA:309,4
DA:310,1
DA:311,1
DA:315,2
DA:316,2
DA:324,6
DA:326,6
DA:327,6
DA:328,5
DA:329,5
DA:331,5
DA:332,5
DA:333,5
DA:334,5
DA:336,5
DA:337,9
DA:338,9
DA:339,5
DA:340,5
DA:341,5
DA:343,5
DA:344,2
DA:345,2
DA:347,5
DA:349,4
DA:350,4
DA:354,5
DA:355,1
DA:356,1
DA:360,2
DA:361,2
DA:369,9
DA:370,9
DA:372,8
DA:373,8
DA:374,8
DA:375,8
DA:377,8
DA:378,7
DA:380,8
DA:381,7
DA:382,7
DA:383,7
DA:384,5
DA:387,7
DA:390,8
DA:391,1
DA:392,1
DA:396,2
DA:397,2
LF:190
LH:190
BRDA:39,0,0,1
BRDA:39,0,1,19
BRDA:41,1,0,3
BRDA:41,1,1,16
BRDA:41,2,0,19
BRDA:41,2,1,18
BRDA:41,2,2,17
BRDA:43,3,0,1
BRDA:43,3,1,15
BRDA:45,4,0,1
BRDA:45,4,1,14
BRDA:45,5,0,15
BRDA:45,5,1,14
BRDA:47,6,0,3
BRDA:47,6,1,11
BRDA:47,7,0,14
BRDA:47,7,1,13
BRDA:47,7,2,12
BRDA:49,8,0,3
BRDA:49,8,1,8
BRDA:49,9,0,11
BRDA:49,9,1,10
BRDA:49,9,2,9
BRDA:57,10,0,11
BRDA:57,10,1,43
BRDA:79,11,0,1
BRDA:79,11,1,1
BRDA:104,12,0,6
BRDA:104,12,1,7
BRDA:113,13,0,3
BRDA:113,13,1,4
BRDA:114,14,0,2
BRDA:114,14,1,11
BRDA:115,15,0,1
BRDA:115,15,1,1
BRDA:120,16,0,2
BRDA:120,16,1,3
BRDA:202,17,0,2
BRDA:202,17,1,6
BRDA:258,18,0,12
BRDA:258,18,1,8
BRDA:264,19,0,2
BRDA:264,19,1,6
BRDA:267,20,0,1
BRDA:267,20,1,5
BRDA:273,21,0,1
BRDA:273,21,1,4
BRDA:338,22,0,5
BRDA:338,22,1,4
BRDA:341,23,0,2
BRDA:341,23,1,3
BRDA:343,24,0,2
BRDA:343,24,1,3
BRDA:383,25,0,3
BRDA:383,25,1,4
BRF:55
BRH:55
end_of_record
TN:
SF:src/background/indexing.ts
FN:18,generateItemEmbedding
FN:66,generateBatchEmbeddings
FN:74,(anonymous_2)
FN:93,(anonymous_3)
FN:99,(anonymous_4)
FN:105,(anonymous_5)
FN:112,performFullRebuild
FN:144,ingestHistory
FN:211,performFullHistoryIndex
FN:280,(anonymous_9)
FN:301,performIncrementalHistoryIndex
FN:364,(anonymous_11)
FN:381,performIncrementalHistoryIndexManual
FN:445,(anonymous_13)
FN:466,getFullHistory
FN:493,(anonymous_15)
FN:510,(anonymous_16)
FN:525,(anonymous_17)
FN:526,(anonymous_18)
FN:556,getHistorySince
FN:557,(anonymous_20)
FN:569,clearIndexedData
FN:579,compareVersions
FN:602,collectBookmarks
FN:630,performBookmarksIndex
FN:644,(anonymous_25)
FN:645,(anonymous_26)
FN:732,clearBookmarkFlags
FN:758,mergeMetadata
FNF:29
FNH:24
FNDA:22,generateItemEmbedding
FNDA:4,generateBatchEmbeddings
FNDA:0,(anonymous_2)
FNDA:12,(anonymous_3)
FNDA:12,(anonymous_4)
FNDA:0,(anonymous_5)
FNDA:5,performFullRebuild
FNDA:6,ingestHistory
FNDA:6,performFullHistoryIndex
FNDA:0,(anonymous_9)
FNDA:2,performIncrementalHistoryIndex
FNDA:0,(anonymous_11)
FNDA:8,performIncrementalHistoryIndexManual
FNDA:0,(anonymous_13)
FNDA:6,getFullHistory
FNDA:6,(anonymous_15)
FNDA:6,(anonymous_16)
FNDA:4,(anonymous_17)
FNDA:1,(anonymous_18)
FNDA:10,getHistorySince
FNDA:10,(anonymous_20)
FNDA:6,clearIndexedData
FNDA:6,compareVersions
FNDA:26,collectBookmarks
FNDA:16,performBookmarksIndex
FNDA:15,(anonymous_25)
FNDA:11,(anonymous_26)
FNDA:4,clearBookmarkFlags
FNDA:16,mergeMetadata
DA:13,2
DA:19,22
DA:21,22
DA:22,22
DA:23,1
DA:27,21
DA:30,21
DA:31,18
DA:34,17
DA:35,17
DA:38,17
DA:40,17
DA:41,1
DA:42,1
DA:45,16
DA:47,16
DA:49,15
DA:50,9
DA:51,9
DA:53,6
DA:54,6
DA:57,1
DA:58,1
DA:70,4
DA:72,4
DA:73,4
DA:74,0
DA:77,4
DA:79,4
DA:80,4
DA:83,4
DA:84,9
DA:88,4
DA:89,9
DA:90,9
DA:92,9
DA:93,12
DA:96,9
DA:99,12
DA:100,9
DA:102,9
DA:104,0
DA:105,0
DA:113,5
DA:114,5
DA:116,5
DA:118,5
DA:119,5
DA:122,4
DA:125,4
DA:126,4
DA:127,4
DA:128,2
DA:132,4
DA:133,4
DA:134,4
DA:136,4
DA:137,4
DA:139,1
DA:140,1
DA:145,6
DA:147,6
DA:148,6
DA:150,6
DA:153,6
DA:156,6
DA:157,2
DA:163,6
DA:165,6
DA:166,2
DA:167,2
DA:168,2
DA:169,2
DA:172,4
DA:173,4
DA:174,4
DA:177,4
DA:178,2
DA:183,2
DA:184,2
DA:185,2
DA:186,2
DA:191,6
DA:192,6
DA:193,6
DA:194,4
DA:195,4
DA:196,4
DA:197,4
DA:198,4
DA:199,4
DA:200,4
DA:204,6
DA:206,6
DA:207,4
DA:212,6
DA:213,6
DA:216,6
DA:219,6
DA:220,6
DA:221,6
DA:227,6
DA:228,0
DA:229,0
DA:230,0
DA:238,6
DA:239,6
DA:240,6
DA:242,6
DA:243,3
DA:244,3
DA:245,3
DA:247,3
DA:254,3
DA:255,4
DA:256,4
DA:271,4
DA:272,3
DA:274,1
DA:279,3
DA:280,0
DA:284,3
DA:285,3
DA:286,3
DA:295,3
DA:302,2
DA:305,2
DA:306,2
DA:307,0
DA:310,2
DA:311,2
DA:314,2
DA:316,2
DA:317,2
DA:319,2
DA:320,3
DA:322,3
DA:324,3
DA:326,1
DA:327,1
DA:333,1
DA:334,1
DA:338,2
DA:352,2
DA:353,2
DA:357,0
DA:363,2
DA:364,0
DA:368,2
DA:371,2
DA:372,2
DA:373,2
DA:374,2
DA:387,8
DA:390,8
DA:392,8
DA:393,1
DA:396,7
DA:397,7
DA:400,7
DA:402,7
DA:403,7
DA:405,7
DA:406,9
DA:408,9
DA:410,8
DA:412,4
DA:413,3
DA:419,3
DA:420,3
DA:424,4
DA:435,4
DA:436,4
DA:439,1
DA:444,7
DA:445,0
DA:449,7
DA:450,7
DA:452,7
DA:459,7
DA:467,6
DA:468,6
DA:469,6
DA:470,6
DA:471,6
DA:473,6
DA:480,6
DA:481,6
DA:482,6
DA:483,6
DA:484,6
DA:486,6
DA:493,6
DA:494,6
DA:502,6
DA:503,6
DA:510,6
DA:513,6
DA:514,6
DA:520,6
DA:525,6
DA:526,4
DA:527,4
DA:528,4
DA:530,0
DA:531,0
DA:533,4
DA:536,4
DA:539,6
DA:540,6
DA:550,6
DA:557,10
DA:558,10
DA:570,6
DA:573,6
DA:580,6
DA:581,6
DA:583,6
DA:584,14
DA:585,14
DA:587,14
DA:588,12
DA:591,4
DA:606,26
DA:608,26
DA:609,31
DA:611,15
DA:616,16
DA:618,15
DA:619,15
DA:623,26
DA:631,16
DA:632,1
DA:633,1
DA:636,15
DA:637,15
DA:639,15
DA:640,15
DA:642,15
DA:644,15
DA:645,15
DA:646,11
DA:647,0
DA:648,0
DA:650,11
DA:655,11
DA:656,11
DA:659,11
DA:660,15
DA:662,15
DA:663,2
DA:667,13
DA:669,13
DA:671,4
DA:672,4
DA:674,4
DA:675,3
DA:678,4
DA:679,4
DA:685,4
DA:686,4
DA:689,9
DA:702,9
DA:703,8
DA:706,1
DA:713,11
DA:714,11
DA:720,11
DA:723,4
DA:726,15
DA:733,4
DA:735,4
DA:736,4
DA:737,4
DA:739,3
DA:740,3
DA:741,3
DA:742,2
DA:743,2
DA:744,2
DA:745,2
DA:749,3
DA:751,1
DA:762,16
DA:763,16
DA:765,16
DA:768,16
DA:770,15
DA:771,7
DA:773,7
DA:784,8
DA:786,8
DA:787,8
DA:788,8
DA:790,8
DA:795,15
DA:796,15
DA:797,14
DA:799,2
LF:299
LH:284
BRDA:21,0,0,22
BRDA:21,0,1,0
BRDA:22,1,0,1
BRDA:22,1,1,21
BRDA:30,2,0,3
BRDA:30,2,1,18
BRDA:31,3,0,1
BRDA:31,3,1,17
BRDA:40,4,0,1
BRDA:40,4,1,16
BRDA:49,5,0,9
BRDA:49,5,1,6
BRDA:49,6,0,15
BRDA:49,6,1,10
BRDA:68,7,0,4
BRDA:72,8,0,4
BRDA:72,8,1,0
BRDA:73,9,0,0
BRDA:73,9,1,4
BRDA:127,10,0,2
BRDA:127,10,1,2
BRDA:156,11,0,2
BRDA:156,11,1,4
BRDA:165,12,0,2
BRDA:165,12,1,4
BRDA:177,13,0,2
BRDA:177,13,1,2
BRDA:193,14,0,4
BRDA:193,14,1,2
BRDA:197,15,0,4
BRDA:197,15,1,0
BRDA:197,16,0,4
BRDA:197,16,1,2
BRDA:206,17,0,4
BRDA:206,17,1,2
BRDA:206,18,0,6
BRDA:206,18,1,4
BRDA:227,19,0,0
BRDA:227,19,1,6
BRDA:258,20,0,4
BRDA:258,20,1,1
BRDA:262,21,0,4
BRDA:262,21,1,1
BRDA:263,22,0,4
BRDA:263,22,1,1
BRDA:279,23,0,0
BRDA:279,23,1,3
BRDA:306,24,0,0
BRDA:306,24,1,2
BRDA:324,25,0,1
BRDA:324,25,1,2
BRDA:326,26,0,1
BRDA:326,26,1,0
BRDA:329,27,0,1
BRDA:329,27,1,0
BRDA:331,28,0,1
BRDA:331,28,1,0
BRDA:340,29,0,2
BRDA:340,29,1,0
BRDA:344,30,0,2
BRDA:344,30,1,0
BRDA:363,31,0,0
BRDA:363,31,1,2
BRDA:371,32,0,2
BRDA:371,32,1,0
BRDA:371,33,0,2
BRDA:371,33,1,0
BRDA:392,34,0,1
BRDA:392,34,1,7
BRDA:410,35,0,4
BRDA:410,35,1,4
BRDA:412,36,0,3
BRDA:412,36,1,1
BRDA:415,37,0,3
BRDA:415,37,1,0
BRDA:417,38,0,3
BRDA:417,38,1,1
BRDA:426,39,0,4
BRDA:426,39,1,0
BRDA:430,40,0,4
BRDA:430,40,1,0
BRDA:444,41,0,0
BRDA:444,41,1,7
BRDA:513,42,0,6
BRDA:513,42,1,0
BRDA:527,43,0,4
BRDA:527,43,1,0
BRDA:527,44,0,4
BRDA:527,44,1,0
BRDA:528,45,0,0
BRDA:528,45,1,4
BRDA:584,46,0,14
BRDA:584,46,1,8
BRDA:585,47,0,14
BRDA:585,47,1,8
BRDA:587,48,0,2
BRDA:587,48,1,12
BRDA:588,49,0,0
BRDA:588,49,1,12
BRDA:604,50,0,26
BRDA:609,51,0,15
BRDA:609,51,1,16
BRDA:613,52,0,15
BRDA:613,52,1,0
BRDA:616,53,0,15
BRDA:616,53,1,1
BRDA:618,54,0,4
BRDA:618,54,1,11
BRDA:630,55,0,16
BRDA:631,56,0,1
BRDA:631,56,1,15
BRDA:646,57,0,0
BRDA:646,57,1,11
BRDA:662,58,0,2
BRDA:662,58,1,13
BRDA:662,59,0,15
BRDA:662,59,1,15
BRDA:669,60,0,4
BRDA:669,60,1,9
BRDA:674,61,0,3
BRDA:674,61,1,1
BRDA:674,62,0,4
BRDA:674,62,1,4
BRDA:674,62,2,4
BRDA:678,63,0,4
BRDA:678,63,1,1
BRDA:681,64,0,4
BRDA:681,64,1,4
BRDA:741,65,0,2
BRDA:741,65,1,1
BRDA:770,66,0,7
BRDA:770,66,1,8
BRDA:775,67,0,7
BRDA:775,67,1,1
BRDA:777,68,0,7
BRDA:777,68,1,5
BRDA:778,69,0,7
BRDA:778,69,1,6
BRDA:781,70,0,7
BRDA:781,70,1,1
BRDA:781,71,0,7
BRDA:781,71,1,5
BRDA:786,72,0,3
BRDA:786,72,1,5
BRDA:786,73,0,8
BRDA:786,73,1,3
BRDA:787,74,0,2
BRDA:787,74,1,6
BRDA:787,75,0,8
BRDA:787,75,1,2
BRDA:788,76,0,2
BRDA:788,76,1,6
BRDA:788,77,0,8
BRDA:788,77,1,3
BRDA:790,78,0,8
BRDA:790,78,1,0
BRDA:790,79,0,8
BRDA:790,79,1,0
BRF:158
BRH:130
end_of_record
TN:
SF:src/background/ollama-service.ts
FN:23,readResponseWithLimit
FN:50,readJsonWithLimit
FN:86,(anonymous_2)
FN:106,(anonymous_3)
FN:129,(anonymous_4)
FN:142,(anonymous_5)
FN:143,(anonymous_6)
FN:200,(anonymous_7)
FN:291,(anonymous_8)
FN:299,(anonymous_9)
FN:323,(anonymous_10)
FN:462,(anonymous_11)
FN:487,(anonymous_12)
FN:494,(anonymous_13)
FN:510,(anonymous_14)
FN:544,(anonymous_15)
FN:553,(anonymous_16)
FN:561,(anonymous_17)
FN:574,isCircuitBreakerOpen
FN:578,recordCircuitBreakerFailure
FN:582,recordCircuitBreakerSuccess
FN:593,(anonymous_21)
FN:602,(anonymous_22)
FN:607,acquireOllamaSlot
FN:608,releaseOllamaSlot
FN:617,checkMemoryPressure
FN:652,normalizeModelName
FN:660,getOllamaConfigFromSettings
FN:691,getOllamaService
FN:704,(anonymous_29)
FNF:30
FNH:28
FNDA:64,readResponseWithLimit
FNDA:40,readJsonWithLimit
FNDA:43,(anonymous_2)
FNDA:52,(anonymous_3)
FNDA:0,(anonymous_4)
FNDA:30,(anonymous_5)
FNDA:30,(anonymous_6)
FNDA:48,(anonymous_7)
FNDA:0,(anonymous_8)
FNDA:2,(anonymous_9)
FNDA:1,(anonymous_10)
FNDA:76,(anonymous_11)
FNDA:11,(anonymous_12)
FNDA:2,(anonymous_13)
FNDA:3,(anonymous_14)
FNDA:25,(anonymous_15)
FNDA:10,(anonymous_16)
FNDA:64,(anonymous_17)
FNDA:16,isCircuitBreakerOpen
FNDA:6,recordCircuitBreakerFailure
FNDA:2,recordCircuitBreakerSuccess
FNDA:53,(anonymous_21)
FNDA:62,(anonymous_22)
FNDA:7,acquireOllamaSlot
FNDA:12,releaseOllamaSlot
FNDA:53,checkMemoryPressure
FNDA:12,normalizeModelName
FNDA:10,getOllamaConfigFromSettings
FNDA:10,getOllamaService
FNDA:3,(anonymous_29)
DA:16,76
DA:17,76
DA:21,76
DA:26,64
DA:27,64
DA:28,64
DA:32,0
DA:33,0
DA:34,0
DA:35,0
DA:36,0
DA:37,0
DA:38,0
DA:39,0
DA:40,0
DA:41,0
DA:42,0
DA:44,0
DA:46,0
DA:47,0
DA:51,40
DA:52,40
DA:82,43
DA:83,43
DA:84,43
DA:87,43
DA:94,43
DA:95,43
DA:107,52
DA:110,52
DA:111,16
DA:115,16
DA:122,36
DA:127,36
DA:128,36
DA:129,36
DA:131,36
DA:132,36
DA:136,31
DA:137,31
DA:139,31
DA:140,30
DA:141,30
DA:142,30
DA:143,30
DA:145,30
DA:146,30
DA:148,30
DA:154,30
DA:155,27
DA:157,3
DA:160,30
DA:168,1
DA:169,1
DA:170,1
DA:178,5
DA:179,5
DA:181,5
DA:182,5
DA:183,5
DA:185,5
DA:201,48
DA:206,48
DA:207,48
DA:208,1
DA:209,1
DA:212,48
DA:215,48
DA:216,1
DA:223,47
DA:224,47
DA:225,1
DA:232,46
DA:233,1
DA:240,45
DA:241,1
DA:242,1
DA:248,44
DA:255,44
DA:256,44
DA:257,5
DA:258,5
DA:259,5
DA:270,39
DA:271,39
DA:276,39
DA:285,39
DA:286,39
DA:290,39
DA:291,48
DA:294,48
DA:295,2
DA:296,0
DA:297,0
DA:299,2
DA:300,2
DA:301,2
DA:306,39
DA:307,48
DA:308,48
DA:310,48
DA:317,34
DA:318,34
DA:320,34
DA:322,34
DA:323,24
DA:328,24
DA:329,5
DA:335,5
DA:336,5
DA:344,19
DA:345,19
DA:347,19
DA:349,1
DA:350,1
DA:351,1
DA:352,1
DA:360,19
DA:367,19
DA:370,10
DA:371,10
DA:372,10
DA:373,10
DA:374,10
DA:376,10
DA:379,10
DA:381,48
DA:389,48
DA:390,2
DA:392,2
DA:401,8
DA:402,8
DA:409,8
DA:410,8
DA:412,8
DA:420,24
DA:421,24
DA:422,24
DA:425,24
DA:426,19
DA:429,24
DA:430,5
DA:431,5
DA:432,5
DA:438,19
DA:445,24
DA:447,24
DA:455,39
DA:463,7
DA:464,2
DA:467,5
DA:468,5
DA:469,5
DA:471,5
DA:472,13
DA:473,13
DA:474,13
DA:477,5
DA:478,1
DA:481,4
DA:488,11
DA:495,2
DA:496,2
DA:497,2
DA:498,2
DA:499,2
DA:511,3
DA:513,3
DA:514,3
DA:517,3
DA:519,3
DA:520,1
DA:521,1
DA:522,1
DA:523,1
DA:525,2
DA:526,2
DA:529,0
DA:530,0
DA:537,76
DA:545,25
DA:546,25
DA:547,25
DA:548,6
DA:549,6
DA:554,10
DA:555,1
DA:557,10
DA:558,10
DA:562,64
DA:564,9
DA:565,3
DA:566,3
DA:567,3
DA:568,3
DA:570,6
DA:575,16
DA:579,6
DA:583,2
DA:589,76
DA:594,53
DA:595,2
DA:596,2
DA:598,51
DA:599,51
DA:603,62
DA:607,7
DA:608,12
DA:612,76
DA:613,76
DA:614,76
DA:615,76
DA:618,53
DA:620,53
DA:621,53
DA:622,3
DA:623,3
DA:624,3
DA:625,2
DA:627,3
DA:633,50
DA:634,0
DA:635,0
DA:637,0
DA:639,0
DA:641,50
DA:645,76
DA:653,12
DA:661,10
DA:663,10
DA:665,9
DA:666,10
DA:668,10
DA:669,10
DA:670,10
DA:671,2
DA:675,9
DA:678,10
DA:680,10
DA:682,4
DA:683,4
DA:693,10
DA:694,5
DA:695,5
DA:696,5
DA:697,5
DA:701,5
DA:702,4
DA:703,4
DA:704,3
DA:706,4
DA:707,1
DA:711,1
DA:713,3
DA:716,1
DA:719,5
LF:256
LH:234
BRDA:23,0,0,64
BRDA:27,1,0,64
BRDA:27,1,1,0
BRDA:27,2,0,64
BRDA:27,2,1,0
BRDA:28,3,0,24
BRDA:28,3,1,40
BRDA:38,4,0,0
BRDA:38,4,1,0
BRDA:40,5,0,0
BRDA:40,5,1,0
BRDA:50,6,0,40
BRDA:88,7,0,43
BRDA:88,7,1,43
BRDA:89,8,0,43
BRDA:89,8,1,2
BRDA:90,9,0,43
BRDA:90,9,1,38
BRDA:91,10,0,43
BRDA:91,10,1,43
BRDA:110,11,0,16
BRDA:110,11,1,36
BRDA:110,12,0,52
BRDA:110,12,1,18
BRDA:139,13,0,30
BRDA:139,13,1,1
BRDA:141,14,0,29
BRDA:141,14,1,1
BRDA:142,15,0,30
BRDA:142,15,1,1
BRDA:154,16,0,27
BRDA:154,16,1,3
BRDA:162,17,0,27
BRDA:162,17,1,3
BRDA:163,18,0,30
BRDA:163,18,1,27
BRDA:164,19,0,27
BRDA:164,19,1,3
BRDA:181,20,0,5
BRDA:181,20,1,0
BRDA:207,21,0,1
BRDA:207,21,1,47
BRDA:212,22,0,2
BRDA:212,22,1,46
BRDA:215,23,0,1
BRDA:215,23,1,47
BRDA:224,24,0,1
BRDA:224,24,1,46
BRDA:232,25,0,1
BRDA:232,25,1,45
BRDA:240,26,0,1
BRDA:240,26,1,44
BRDA:256,27,0,5
BRDA:256,27,1,39
BRDA:258,28,0,5
BRDA:258,28,1,0
BRDA:264,29,0,5
BRDA:264,29,1,0
BRDA:290,30,0,1
BRDA:290,30,1,38
BRDA:294,31,0,2
BRDA:294,31,1,46
BRDA:295,32,0,0
BRDA:295,32,1,2
BRDA:306,33,0,1
BRDA:306,33,1,38
BRDA:322,34,0,24
BRDA:322,34,1,10
BRDA:328,35,0,5
BRDA:328,35,1,19
BRDA:328,36,0,24
BRDA:328,36,1,5
BRDA:328,36,2,1
BRDA:347,37,0,1
BRDA:347,37,1,18
BRDA:367,38,0,1
BRDA:367,38,1,18
BRDA:379,39,0,10
BRDA:379,39,1,2
BRDA:383,40,0,48
BRDA:383,40,1,2
BRDA:389,41,0,2
BRDA:389,41,1,46
BRDA:421,42,0,24
BRDA:421,42,1,0
BRDA:422,43,0,24
BRDA:422,43,1,19
BRDA:425,44,0,19
BRDA:425,44,1,5
BRDA:429,45,0,5
BRDA:429,45,1,19
BRDA:463,46,0,2
BRDA:463,46,1,5
BRDA:463,47,0,7
BRDA:463,47,1,6
BRDA:477,48,0,1
BRDA:477,48,1,4
BRDA:477,49,0,5
BRDA:477,49,1,4
BRDA:519,50,0,1
BRDA:519,50,1,2
BRDA:547,51,0,6
BRDA:547,51,1,19
BRDA:554,52,0,1
BRDA:554,52,1,9
BRDA:562,53,0,55
BRDA:562,53,1,9
BRDA:564,54,0,3
BRDA:564,54,1,6
BRDA:594,55,0,2
BRDA:594,55,1,51
BRDA:621,56,0,3
BRDA:621,56,1,50
BRDA:624,57,0,2
BRDA:624,57,1,1
BRDA:633,58,0,0
BRDA:633,58,1,50
BRDA:634,59,0,0
BRDA:634,59,1,0
BRDA:660,60,0,10
BRDA:665,61,0,9
BRDA:665,61,1,0
BRDA:666,62,0,10
BRDA:666,62,1,0
BRDA:670,63,0,2
BRDA:670,63,1,8
BRDA:670,64,0,10
BRDA:670,64,1,3
BRDA:670,64,2,2
BRDA:675,65,0,4
BRDA:675,65,1,5
BRDA:676,66,0,4
BRDA:676,66,1,0
BRDA:677,67,0,5
BRDA:677,67,1,1
BRDA:693,68,0,5
BRDA:693,68,1,5
BRDA:695,69,0,5
BRDA:695,69,1,0
BRDA:701,70,0,4
BRDA:701,70,1,1
BRDA:706,71,0,1
BRDA:706,71,1,3
BRF:143
BRH:125
end_of_record
TN:
SF:src/background/performance-monitor.ts
FN:59,isValidPersistedMetrics
FN:71,defaultPersistedMetrics
FN:86,(anonymous_2)
FN:99,(anonymous_3)
FN:109,(anonymous_4)
FN:122,(anonymous_5)
FN:132,(anonymous_6)
FN:142,(anonymous_7)
FN:150,(anonymous_8)
FN:160,(anonymous_9)
FN:168,(anonymous_10)
FN:202,(anonymous_11)
FN:212,(anonymous_12)
FN:213,(anonymous_13)
FN:224,(anonymous_14)
FN:228,(anonymous_15)
FN:229,(anonymous_16)
FN:245,(anonymous_17)
FN:247,(anonymous_18)
FN:249,(anonymous_19)
FN:251,(anonymous_20)
FN:253,(anonymous_21)
FN:259,(anonymous_22)
FN:265,(anonymous_23)
FN:282,getPerformanceMetrics
FN:289,formatUptime
FN:317,formatMetricsForDisplay
FNF:27
FNH:24
FNDA:4,isValidPersistedMetrics
FNDA:34,defaultPersistedMetrics
FNDA:3,(anonymous_2)
FNDA:3,(anonymous_3)
FNDA:127,(anonymous_4)
FNDA:3,(anonymous_5)
FNDA:7,(anonymous_6)
FNDA:3,(anonymous_7)
FNDA:2,(anonymous_8)
FNDA:25,(anonymous_9)
FNDA:116,(anonymous_10)
FNDA:31,(anonymous_11)
FNDA:31,(anonymous_12)
FNDA:31,(anonymous_13)
FNDA:4,(anonymous_14)
FNDA:4,(anonymous_15)
FNDA:4,(anonymous_16)
FNDA:0,(anonymous_17)
FNDA:34,(anonymous_18)
FNDA:0,(anonymous_19)
FNDA:135,(anonymous_20)
FNDA:0,(anonymous_21)
FNDA:7,(anonymous_22)
FNDA:7,(anonymous_23)
FNDA:1,getPerformanceMetrics
FNDA:12,formatUptime
FNDA:7,formatMetricsForDisplay
DA:6,3
DA:8,3
DA:9,3
DA:10,3
DA:60,4
DA:61,1
DA:62,1
DA:72,34
DA:88,3
DA:89,3
DA:90,3
DA:93,3
DA:94,3
DA:95,3
DA:100,3
DA:101,3
DA:103,3
DA:110,127
DA:111,127
DA:112,10
DA:114,127
DA:115,127
DA:116,127
DA:123,3
DA:124,3
DA:125,3
DA:126,3
DA:133,7
DA:134,7
DA:135,7
DA:136,7
DA:143,3
DA:144,3
DA:151,2
DA:152,2
DA:153,2
DA:161,25
DA:162,4
DA:165,25
DA:166,25
DA:167,25
DA:168,116
DA:170,25
DA:171,25
DA:172,25
DA:174,25
DA:203,31
DA:204,31
DA:205,31
DA:206,31
DA:207,31
DA:208,12
DA:209,12
DA:211,31
DA:212,31
DA:213,31
DA:218,31
DA:225,4
DA:226,4
DA:227,4
DA:228,4
DA:229,4
DA:231,4
DA:232,4
DA:233,1
DA:234,1
DA:235,3
DA:236,0
DA:239,0
DA:245,0
DA:247,34
DA:249,0
DA:252,135
DA:253,15
DA:254,0
DA:255,0
DA:260,7
DA:261,2
DA:262,2
DA:264,7
DA:265,7
DA:266,7
DA:267,0
DA:271,0
DA:277,3
DA:283,1
DA:290,12
DA:291,12
DA:292,12
DA:293,12
DA:295,12
DA:296,1
DA:297,11
DA:298,1
DA:299,10
DA:300,8
DA:302,2
DA:318,7
LF:98
LH:90
BRDA:60,0,0,3
BRDA:60,0,1,1
BRDA:60,1,0,4
BRDA:60,1,1,1
BRDA:62,2,0,1
BRDA:62,2,1,1
BRDA:62,2,2,1
BRDA:62,2,3,1
BRDA:62,2,4,1
BRDA:62,2,5,1
BRDA:62,2,6,1
BRDA:100,3,0,3
BRDA:100,3,1,0
BRDA:111,4,0,10
BRDA:111,4,1,117
BRDA:161,5,0,4
BRDA:161,5,1,21
BRDA:167,6,0,9
BRDA:167,6,1,16
BRDA:170,7,0,9
BRDA:170,7,1,16
BRDA:171,8,0,9
BRDA:171,8,1,16
BRDA:172,9,0,9
BRDA:172,9,1,16
BRDA:207,10,0,12
BRDA:207,10,1,19
BRDA:225,11,0,0
BRDA:225,11,1,4
BRDA:232,12,0,1
BRDA:232,12,1,3
BRDA:235,13,0,0
BRDA:235,13,1,3
BRDA:252,14,0,120
BRDA:252,14,1,15
BRDA:260,15,0,2
BRDA:260,15,1,5
BRDA:266,16,0,0
BRDA:266,16,1,7
BRDA:295,17,0,1
BRDA:295,17,1,11
BRDA:297,18,0,1
BRDA:297,18,1,10
BRDA:299,19,0,8
BRDA:299,19,1,2
BRDA:325,20,0,1
BRDA:325,20,1,6
BRF:47
BRH:43
end_of_record
TN:
SF:src/background/ranking-report.ts
FN:30,getGitHubPAT
FN:38,generateRankingReport
FN:55,formatReportBody
FN:74,(anonymous_3)
FN:76,(anonymous_4)
FN:118,(anonymous_5)
FN:134,(anonymous_6)
FN:135,(anonymous_7)
FN:139,(anonymous_8)
FN:143,(anonymous_9)
FN:188,pickInterestingItems
FN:199,(anonymous_11)
FN:201,(anonymous_12)
FN:207,(anonymous_13)
FN:214,createGitHubIssue
FN:238,(anonymous_15)
FN:252,buildGitHubIssueUrl
FNF:17
FNH:17
FNDA:4,getGitHubPAT
FNDA:18,generateRankingReport
FNDA:17,formatReportBody
FNDA:33,(anonymous_3)
FNDA:3,(anonymous_4)
FNDA:127,(anonymous_5)
FNDA:54,(anonymous_6)
FNDA:54,(anonymous_7)
FNDA:54,(anonymous_8)
FNDA:189,(anonymous_9)
FNDA:17,pickInterestingItems
FNDA:89,(anonymous_11)
FNDA:89,(anonymous_12)
FNDA:31,(anonymous_13)
FNDA:4,createGitHubIssue
FNDA:1,(anonymous_15)
FNDA:3,buildGitHubIssueUrl
DA:8,1
DA:10,1
DA:11,1
DA:12,1
DA:31,4
DA:32,4
DA:39,18
DA:40,18
DA:41,1
DA:42,1
DA:45,17
DA:46,17
DA:47,17
DA:49,17
DA:50,17
DA:52,17
DA:61,17
DA:62,17
DA:64,17
DA:65,17
DA:68,17
DA:69,17
DA:70,17
DA:71,17
DA:72,17
DA:73,17
DA:74,33
DA:75,17
DA:76,3
DA:78,17
DA:79,17
DA:80,17
DA:81,17
DA:82,17
DA:83,17
DA:85,17
DA:86,1
DA:87,1
DA:88,1
DA:89,1
DA:93,17
DA:94,17
DA:95,17
DA:96,17
DA:97,17
DA:98,17
DA:99,17
DA:100,17
DA:101,17
DA:102,17
DA:103,17
DA:104,17
DA:105,17
DA:106,17
DA:109,17
DA:110,17
DA:111,17
DA:112,17
DA:113,17
DA:115,17
DA:116,64
DA:117,64
DA:118,127
DA:121,64
DA:122,64
DA:126,17
DA:129,17
DA:130,17
DA:131,17
DA:132,17
DA:133,17
DA:134,54
DA:135,16
DA:136,54
DA:137,54
DA:139,54
DA:140,16
DA:141,16
DA:142,16
DA:143,47
DA:144,189
DA:145,189
DA:147,47
DA:150,1
DA:152,17
DA:153,17
DA:154,17
DA:157,17
DA:158,17
DA:159,17
DA:160,17
DA:161,17
DA:162,17
DA:163,17
DA:164,17
DA:165,17
DA:166,17
DA:167,17
DA:168,17
DA:169,17
DA:170,17
DA:172,17
DA:173,17
DA:174,17
DA:175,17
DA:177,17
DA:178,17
DA:180,17
DA:189,17
DA:191,16
DA:194,16
DA:195,44
DA:199,89
DA:200,16
DA:201,89
DA:202,16
DA:203,3
DA:207,31
DA:215,4
DA:216,4
DA:217,1
DA:220,3
DA:237,3
DA:238,2
DA:239,2
DA:242,1
DA:243,1
DA:244,1
DA:253,3
DA:255,3
DA:276,3
DA:282,3
LF:132
LH:132
BRDA:32,0,0,4
BRDA:32,0,1,0
BRDA:40,1,0,1
BRDA:40,1,1,17
BRDA:75,2,0,1
BRDA:75,2,1,16
BRDA:85,3,0,1
BRDA:85,3,1,16
BRDA:117,4,0,64
BRDA:117,4,1,0
BRDA:121,5,0,2
BRDA:121,5,1,62
BRDA:121,6,0,1
BRDA:121,6,1,1
BRDA:123,7,0,64
BRDA:123,7,1,38
BRDA:133,8,0,16
BRDA:133,8,1,1
BRDA:189,9,0,1
BRDA:189,9,1,16
BRDA:200,10,0,16
BRDA:200,10,1,0
BRDA:201,11,0,89
BRDA:201,11,1,65
BRDA:216,12,0,1
BRDA:216,12,1,3
BRDA:237,13,0,2
BRDA:237,13,1,1
BRF:28
BRH:25
end_of_record
TN:
SF:src/background/resilience.ts
FN:37,checkHealth
FN:97,selfHeal
FN:147,clearAndRebuild
FN:193,startHealthMonitoring
FN:202,(anonymous_4)
FN:206,(anonymous_5)
FN:211,(anonymous_6)
FN:212,(anonymous_7)
FN:245,(anonymous_8)
FN:254,stopHealthMonitoring
FN:265,getLastHealthStatus
FN:272,retryWithBackoff
FN:292,(anonymous_12)
FN:305,_gracefulDegrade
FN:326,safeDatabaseOperation
FN:333,(anonymous_15)
FN:351,recoverFromCorruption
FN:363,(anonymous_17)
FN:394,handleQuotaExceeded
FN:414,ensureReady
FNF:20
FNH:18
FNDA:30,checkHealth
FNDA:10,selfHeal
FNDA:5,clearAndRebuild
FNDA:7,startHealthMonitoring
FNDA:6,(anonymous_4)
FNDA:0,(anonymous_5)
FNDA:2,(anonymous_6)
FNDA:2,(anonymous_7)
FNDA:0,(anonymous_8)
FNDA:100,stopHealthMonitoring
FNDA:1,getLastHealthStatus
FNDA:7,retryWithBackoff
FNDA:10,(anonymous_12)
FNDA:3,_gracefulDegrade
FNDA:7,safeDatabaseOperation
FNDA:17,(anonymous_15)
FNDA:6,recoverFromCorruption
FNDA:5,(anonymous_17)
FNDA:2,handleQuotaExceeded
FNDA:4,ensureReady
DA:9,3
DA:12,3
DA:13,3
DA:14,3
DA:15,3
DA:16,3
DA:18,3
DA:31,3
DA:32,3
DA:38,30
DA:39,30
DA:40,30
DA:42,30
DA:44,30
DA:46,30
DA:47,28
DA:48,28
DA:50,2
DA:51,2
DA:54,30
DA:56,30
DA:57,28
DA:59,28
DA:60,10
DA:61,10
DA:62,18
DA:63,2
DA:64,2
DA:66,16
DA:69,2
DA:70,2
DA:73,30
DA:81,30
DA:82,30
DA:84,30
DA:85,16
DA:87,14
DA:90,30
DA:98,10
DA:100,10
DA:102,10
DA:103,10
DA:106,9
DA:108,9
DA:109,6
DA:110,6
DA:111,6
DA:113,3
DA:117,9
DA:118,9
DA:119,1
DA:120,1
DA:124,9
DA:126,9
DA:127,5
DA:130,5
DA:132,4
DA:135,4
DA:138,1
DA:139,1
DA:148,5
DA:150,5
DA:152,5
DA:153,5
DA:154,4
DA:157,4
DA:158,4
DA:161,3
DA:162,2
DA:164,2
DA:165,1
DA:166,1
DA:172,1
DA:173,1
DA:180,3
DA:181,3
DA:182,3
DA:194,7
DA:195,1
DA:196,1
DA:199,6
DA:202,6
DA:203,6
DA:204,1
DA:207,0
DA:211,6
DA:212,2
DA:213,2
DA:214,1
DA:216,1
DA:217,1
DA:218,1
DA:219,1
DA:220,1
DA:221,0
DA:222,0
DA:225,1
DA:227,1
DA:229,1
DA:230,0
DA:231,0
DA:232,0
DA:233,0
DA:236,1
DA:237,1
DA:238,1
DA:239,1
DA:240,0
DA:241,0
DA:242,0
DA:246,0
DA:255,100
DA:256,6
DA:257,6
DA:258,6
DA:266,1
DA:278,7
DA:280,7
DA:281,17
DA:282,17
DA:284,13
DA:285,13
DA:287,13
DA:288,10
DA:292,10
DA:297,13
DA:298,13
DA:310,3
DA:311,3
DA:313,2
DA:316,2
DA:331,7
DA:332,7
DA:335,17
DA:336,7
DA:343,3
DA:344,3
DA:352,6
DA:354,6
DA:356,6
DA:359,6
DA:360,6
DA:363,5
DA:366,5
DA:367,5
DA:370,4
DA:371,4
DA:374,3
DA:375,3
DA:377,3
DA:378,2
DA:379,2
DA:381,1
DA:384,3
DA:386,3
DA:387,3
DA:395,2
DA:397,2
DA:399,2
DA:400,2
DA:402,1
DA:403,1
DA:405,1
DA:406,1
DA:415,4
DA:417,4
DA:418,2
DA:419,2
DA:420,2
DA:421,1
DA:423,2
DA:426,2
LF:172
LH:161
BRDA:59,0,0,10
BRDA:59,0,1,18
BRDA:62,1,0,2
BRDA:62,1,1,16
BRDA:84,2,0,16
BRDA:84,2,1,14
BRDA:108,3,0,6
BRDA:108,3,1,3
BRDA:118,4,0,1
BRDA:118,4,1,8
BRDA:126,5,0,5
BRDA:126,5,1,4
BRDA:164,6,0,1
BRDA:164,6,1,1
BRDA:194,7,0,1
BRDA:194,7,1,6
BRDA:203,8,0,1
BRDA:203,8,1,5
BRDA:213,9,0,1
BRDA:213,9,1,1
BRDA:220,10,0,0
BRDA:220,10,1,1
BRDA:220,11,0,1
BRDA:220,11,1,0
BRDA:229,12,0,0
BRDA:229,12,1,1
BRDA:236,13,0,1
BRDA:236,13,1,0
BRDA:239,14,0,0
BRDA:239,14,1,1
BRDA:239,15,0,1
BRDA:239,15,1,1
BRDA:255,16,0,6
BRDA:255,16,1,94
BRDA:274,17,0,7
BRDA:275,18,0,7
BRDA:276,19,0,7
BRDA:287,20,0,10
BRDA:287,20,1,3
BRDA:308,21,0,3
BRDA:377,22,0,2
BRDA:377,22,1,1
BRDA:417,23,0,2
BRDA:417,23,1,2
BRDA:417,24,0,4
BRDA:417,24,1,3
BRDA:420,25,0,1
BRDA:420,25,1,1
BRF:48
BRH:43
end_of_record
TN:
SF:src/background/search-debug.ts
FN:68,(anonymous_0)
FN:76,(anonymous_1)
FN:84,(anonymous_2)
FN:91,(anonymous_3)
FN:120,(anonymous_4)
FN:127,(anonymous_5)
FN:128,(anonymous_6)
FN:134,(anonymous_7)
FN:149,(anonymous_8)
FN:151,(anonymous_9)
FN:157,(anonymous_10)
FN:162,(anonymous_11)
FN:163,(anonymous_12)
FN:168,(anonymous_13)
FN:185,(anonymous_14)
FN:198,(anonymous_15)
FN:207,(anonymous_16)
FN:210,(anonymous_17)
FN:217,(anonymous_18)
FN:219,(anonymous_19)
FN:226,(anonymous_20)
FN:227,(anonymous_21)
FN:233,(anonymous_22)
FN:250,(anonymous_23)
FNF:24
FNH:24
FNDA:1,(anonymous_0)
FNDA:46,(anonymous_1)
FNDA:3,(anonymous_2)
FNDA:28,(anonymous_3)
FNDA:8,(anonymous_4)
FNDA:1,(anonymous_5)
FNDA:1,(anonymous_6)
FNDA:6,(anonymous_7)
FNDA:10,(anonymous_8)
FNDA:10,(anonymous_9)
FNDA:10,(anonymous_10)
FNDA:8,(anonymous_11)
FNDA:3,(anonymous_12)
FNDA:10,(anonymous_13)
FNDA:2,(anonymous_14)
FNDA:25,(anonymous_15)
FNDA:3,(anonymous_16)
FNDA:4,(anonymous_17)
FNDA:2,(anonymous_18)
FNDA:3,(anonymous_19)
FNDA:2,(anonymous_20)
FNDA:3,(anonymous_21)
FNDA:1,(anonymous_22)
FNDA:52,(anonymous_23)
DA:10,1
DA:62,1
DA:64,1
DA:65,1
DA:66,1
DA:69,1
DA:70,1
DA:77,46
DA:78,46
DA:85,3
DA:92,28
DA:94,27
DA:100,27
DA:103,27
DA:104,0
DA:108,27
DA:110,27
DA:121,8
DA:128,1
DA:135,6
DA:136,6
DA:138,6
DA:139,1
DA:149,10
DA:150,5
DA:151,10
DA:156,5
DA:157,5
DA:158,10
DA:159,10
DA:161,5
DA:162,8
DA:163,3
DA:167,5
DA:168,5
DA:169,10
DA:170,10
DA:173,5
DA:186,2
DA:192,2
DA:199,25
DA:200,25
DA:201,25
DA:208,3
DA:209,3
DA:210,4
DA:218,2
DA:219,3
DA:227,3
DA:234,1
DA:235,1
DA:236,1
DA:237,0
DA:238,0
DA:243,0
DA:251,52
DA:252,52
DA:257,0
DA:263,1
LF:59
LH:54
BRDA:78,0,0,20
BRDA:78,0,1,26
BRDA:92,1,0,1
BRDA:92,1,1,27
BRDA:103,2,0,0
BRDA:103,2,1,27
BRDA:138,3,0,1
BRDA:138,3,1,5
BRDA:159,4,0,10
BRDA:159,4,1,8
BRDA:170,5,0,10
BRDA:170,5,1,6
BRDA:217,6,0,2
BRDA:236,7,0,0
BRDA:236,7,1,1
BRF:15
BRH:13
end_of_record
TN:
SF:src/background/service-worker.ts
FN:27,(anonymous_0)
FN:28,(anonymous_1)
FN:32,(anonymous_2)
FN:35,(anonymous_3)
FN:68,initLogger
FN:79,init
FN:86,(anonymous_6)
FN:112,(anonymous_7)
FN:115,(anonymous_8)
FN:126,(anonymous_9)
FN:147,(anonymous_10)
FN:161,(anonymous_11)
FN:170,(anonymous_12)
FN:192,(anonymous_13)
FNF:14
FNH:8
FNDA:3,(anonymous_0)
FNDA:0,(anonymous_1)
FNDA:161,(anonymous_2)
FNDA:161,(anonymous_3)
FNDA:2,initLogger
FNDA:1,init
FNDA:1,(anonymous_6)
FNDA:0,(anonymous_7)
FNDA:0,(anonymous_8)
FNDA:1,(anonymous_9)
FNDA:0,(anonymous_10)
FNDA:0,(anonymous_11)
FNDA:0,(anonymous_12)
FNDA:6,(anonymous_13)
DA:19,2
DA:20,2
DA:21,2
DA:23,2
DA:25,2
DA:26,2
DA:27,3
DA:28,0
DA:32,2
DA:33,161
DA:35,161
DA:36,161
DA:37,161
DA:38,28
DA:39,28
DA:42,133
DA:43,0
DA:44,0
DA:45,0
DA:46,0
DA:49,0
DA:50,0
DA:54,133
DA:55,133
DA:56,1
DA:57,1
DA:60,0
DA:61,0
DA:64,161
DA:65,2
DA:69,2
DA:70,1
DA:71,1
DA:72,1
DA:73,1
DA:75,0
DA:80,1
DA:81,0
DA:83,1
DA:84,0
DA:86,1
DA:87,1
DA:88,1
DA:89,1
DA:90,1
DA:91,1
DA:92,1
DA:93,1
DA:94,1
DA:95,1
DA:96,1
DA:97,1
DA:98,1
DA:99,0
DA:100,0
DA:101,0
DA:102,0
DA:103,0
DA:105,1
DA:106,1
DA:107,1
DA:108,1
DA:109,1
DA:111,1
DA:112,1
DA:113,0
DA:114,0
DA:115,0
DA:116,0
DA:117,0
DA:119,0
DA:123,1
DA:124,1
DA:125,1
DA:126,1
DA:127,1
DA:128,1
DA:129,1
DA:130,0
DA:131,0
DA:132,0
DA:133,0
DA:134,0
DA:136,0
DA:139,1
DA:140,0
DA:141,0
DA:142,0
DA:144,0
DA:148,1
DA:149,1
DA:150,1
DA:152,0
DA:153,0
DA:154,0
DA:155,0
DA:158,1
DA:161,2
DA:162,0
DA:163,0
DA:164,0
DA:166,0
DA:170,2
DA:171,0
DA:172,0
DA:173,0
DA:174,0
DA:175,0
DA:176,0
DA:177,0
DA:178,0
DA:179,0
DA:180,0
DA:182,0
DA:184,0
DA:188,0
DA:192,6
LF:117
LH:63
BRDA:33,0,0,161
BRDA:33,0,1,0
BRDA:37,1,0,28
BRDA:37,1,1,133
BRDA:42,2,0,0
BRDA:42,2,1,133
BRDA:43,3,0,0
BRDA:43,3,1,0
BRDA:46,4,0,0
BRDA:46,4,1,0
BRDA:50,5,0,0
BRDA:50,5,1,0
BRDA:55,6,0,1
BRDA:55,6,1,132
BRDA:75,7,0,0
BRDA:75,7,1,0
BRDA:80,8,0,0
BRDA:80,8,1,1
BRDA:83,9,0,0
BRDA:83,9,1,1
BRDA:98,10,0,0
BRDA:98,10,1,1
BRDA:114,11,0,0
BRDA:114,11,1,0
BRDA:119,12,0,0
BRDA:119,12,1,0
BRDA:129,13,0,0
BRDA:129,13,1,1
BRDA:129,14,0,1
BRDA:129,14,1,1
BRDA:139,15,0,0
BRDA:139,15,1,1
BRDA:164,16,0,0
BRDA:164,16,1,0
BRDA:166,17,0,0
BRDA:166,17,1,0
BRDA:173,18,0,0
BRDA:173,18,1,0
BRDA:174,19,0,0
BRDA:174,19,1,0
BRDA:174,20,0,0
BRDA:174,20,1,0
BRDA:179,21,0,0
BRDA:179,21,1,0
BRDA:180,22,0,0
BRDA:180,22,1,0
BRDA:188,23,0,0
BRDA:188,23,1,0
BRF:48
BRH:13
end_of_record
TN:
SF:src/background/handlers/command-handlers.ts
FN:8,hasOptionalPermission
FN:9,(anonymous_1)
FN:14,requestOptionalPermissions
FN:15,(anonymous_3)
FN:16,(anonymous_4)
FN:20,removeOptionalPermissions
FN:21,(anonymous_6)
FN:22,(anonymous_7)
FN:26,getTopSites
FN:27,(anonymous_9)
FN:32,registerCommandHandlers
FN:35,(anonymous_11)
FN:40,(anonymous_12)
FN:47,(anonymous_13)
FN:57,(anonymous_14)
FN:67,(anonymous_15)
FN:78,(anonymous_16)
FN:88,(anonymous_17)
FN:99,(anonymous_18)
FN:109,(anonymous_19)
FN:119,(anonymous_20)
FN:129,(anonymous_21)
FN:139,(anonymous_22)
FN:149,(anonymous_23)
FN:152,(anonymous_24)
FN:166,(anonymous_25)
FN:176,(anonymous_26)
FN:180,(anonymous_27)
FN:180,(anonymous_28)
FN:188,(anonymous_29)
FN:192,(anonymous_30)
FN:192,(anonymous_31)
FN:200,(anonymous_32)
FN:204,(anonymous_33)
FN:204,(anonymous_34)
FN:212,(anonymous_35)
FN:215,(anonymous_36)
FN:220,(anonymous_37)
FN:230,(anonymous_38)
FN:242,(anonymous_39)
FN:252,(anonymous_40)
FN:254,(anonymous_41)
FN:255,(anonymous_42)
FN:256,(anonymous_43)
FN:267,(anonymous_44)
FN:269,(anonymous_45)
FN:292,(anonymous_46)
FN:296,(anonymous_47)
FN:297,(anonymous_48)
FN:298,(anonymous_49)
FN:310,(anonymous_50)
FN:327,(anonymous_51)
FN:346,(anonymous_52)
FN:364,(anonymous_53)
FN:378,(anonymous_54)
FN:394,(anonymous_55)
FN:410,(anonymous_56)
FN:426,(anonymous_57)
FN:443,(anonymous_58)
FN:450,(anonymous_59)
FN:461,(anonymous_60)
FN:464,(anonymous_61)
FN:474,(anonymous_62)
FN:494,(anonymous_63)
FN:499,(anonymous_64)
FN:507,(anonymous_65)
FN:512,(anonymous_66)
FN:522,(anonymous_67)
FN:526,(anonymous_68)
FN:526,(anonymous_69)
FN:549,(anonymous_70)
FN:558,(anonymous_71)
FN:574,(anonymous_72)
FN:576,(anonymous_73)
FN:585,(anonymous_74)
FN:596,(anonymous_75)
FN:609,(anonymous_76)
FN:619,(anonymous_77)
FN:629,(anonymous_78)
FN:639,(anonymous_79)
FN:649,(anonymous_80)
FN:659,(anonymous_81)
FN:673,(anonymous_82)
FN:689,(anonymous_83)
FN:702,(anonymous_84)
FN:711,(anonymous_85)
FN:714,(anonymous_86)
FN:721,(anonymous_87)
FN:732,(anonymous_88)
FN:745,(anonymous_89)
FN:757,(anonymous_90)
FNF:91
FNH:89
FNDA:43,hasOptionalPermission
FNDA:43,(anonymous_1)
FNDA:5,requestOptionalPermissions
FNDA:5,(anonymous_3)
FNDA:4,(anonymous_4)
FNDA:5,removeOptionalPermissions
FNDA:5,(anonymous_6)
FNDA:4,(anonymous_7)
FNDA:2,getTopSites
FNDA:2,(anonymous_9)
FNDA:193,registerCommandHandlers
FNDA:1,(anonymous_11)
FNDA:1,(anonymous_12)
FNDA:6,(anonymous_13)
FNDA:5,(anonymous_14)
FNDA:7,(anonymous_15)
FNDA:4,(anonymous_16)
FNDA:8,(anonymous_17)
FNDA:4,(anonymous_18)
FNDA:5,(anonymous_19)
FNDA:5,(anonymous_20)
FNDA:5,(anonymous_21)
FNDA:5,(anonymous_22)
FNDA:12,(anonymous_23)
FNDA:9,(anonymous_24)
FNDA:5,(anonymous_25)
FNDA:6,(anonymous_26)
FNDA:8,(anonymous_27)
FNDA:2,(anonymous_28)
FNDA:9,(anonymous_29)
FNDA:8,(anonymous_30)
FNDA:3,(anonymous_31)
FNDA:6,(anonymous_32)
FNDA:6,(anonymous_33)
FNDA:3,(anonymous_34)
FNDA:3,(anonymous_35)
FNDA:4,(anonymous_36)
FNDA:6,(anonymous_37)
FNDA:6,(anonymous_38)
FNDA:3,(anonymous_39)
FNDA:4,(anonymous_40)
FNDA:10,(anonymous_41)
FNDA:10,(anonymous_42)
FNDA:4,(anonymous_43)
FNDA:16,(anonymous_44)
FNDA:14,(anonymous_45)
FNDA:6,(anonymous_46)
FNDA:10,(anonymous_47)
FNDA:7,(anonymous_48)
FNDA:3,(anonymous_49)
FNDA:4,(anonymous_50)
FNDA:3,(anonymous_51)
FNDA:6,(anonymous_52)
FNDA:4,(anonymous_53)
FNDA:3,(anonymous_54)
FNDA:3,(anonymous_55)
FNDA:7,(anonymous_56)
FNDA:7,(anonymous_57)
FNDA:8,(anonymous_58)
FNDA:7,(anonymous_59)
FNDA:4,(anonymous_60)
FNDA:7,(anonymous_61)
FNDA:5,(anonymous_62)
FNDA:3,(anonymous_63)
FNDA:0,(anonymous_64)
FNDA:3,(anonymous_65)
FNDA:0,(anonymous_66)
FNDA:9,(anonymous_67)
FNDA:8,(anonymous_68)
FNDA:7,(anonymous_69)
FNDA:2,(anonymous_70)
FNDA:5,(anonymous_71)
FNDA:2,(anonymous_72)
FNDA:2,(anonymous_73)
FNDA:2,(anonymous_74)
FNDA:3,(anonymous_75)
FNDA:4,(anonymous_76)
FNDA:4,(anonymous_77)
FNDA:3,(anonymous_78)
FNDA:3,(anonymous_79)
FNDA:3,(anonymous_80)
FNDA:3,(anonymous_81)
FNDA:3,(anonymous_82)
FNDA:3,(anonymous_83)
FNDA:5,(anonymous_84)
FNDA:3,(anonymous_85)
FNDA:3,(anonymous_86)
FNDA:5,(anonymous_87)
FNDA:4,(anonymous_88)
FNDA:3,(anonymous_89)
FNDA:4,(anonymous_90)
DA:6,4
DA:9,43
DA:10,43
DA:15,5
DA:16,5
DA:21,5
DA:22,5
DA:27,2
DA:28,2
DA:35,193
DA:36,1
DA:37,1
DA:40,193
DA:41,1
DA:42,1
DA:43,1
DA:44,1
DA:47,193
DA:48,6
DA:49,6
DA:50,3
DA:51,3
DA:53,3
DA:57,193
DA:58,5
DA:59,5
DA:60,2
DA:61,2
DA:63,3
DA:67,193
DA:68,7
DA:69,7
DA:70,4
DA:71,4
DA:72,4
DA:74,3
DA:78,193
DA:79,4
DA:80,4
DA:81,2
DA:82,2
DA:84,2
DA:88,193
DA:89,8
DA:90,8
DA:91,5
DA:92,5
DA:93,5
DA:95,3
DA:99,193
DA:100,4
DA:101,4
DA:102,2
DA:103,2
DA:105,2
DA:109,193
DA:110,5
DA:111,5
DA:112,2
DA:113,2
DA:115,3
DA:119,193
DA:120,5
DA:121,5
DA:122,2
DA:123,2
DA:125,3
DA:129,193
DA:130,5
DA:131,5
DA:132,2
DA:133,2
DA:135,3
DA:139,193
DA:140,5
DA:141,5
DA:142,2
DA:143,2
DA:145,3
DA:149,193
DA:150,12
DA:151,12
DA:152,9
DA:153,9
DA:155,9
DA:156,9
DA:157,5
DA:158,2
DA:159,9
DA:160,9
DA:162,3
DA:166,193
DA:167,5
DA:168,5
DA:169,1
DA:170,1
DA:172,4
DA:176,193
DA:177,6
DA:178,6
DA:179,4
DA:180,8
DA:181,4
DA:182,4
DA:184,2
DA:188,193
DA:189,9
DA:190,9
DA:191,4
DA:192,8
DA:193,4
DA:194,4
DA:196,5
DA:200,193
DA:201,6
DA:202,6
DA:203,3
DA:204,6
DA:205,3
DA:206,3
DA:208,3
DA:212,193
DA:213,3
DA:214,3
DA:215,4
DA:216,3
DA:217,3
DA:220,193
DA:221,6
DA:222,6
DA:223,3
DA:224,3
DA:226,3
DA:230,193
DA:231,6
DA:232,6
DA:233,6
DA:234,6
DA:235,13
DA:236,3
DA:239,6
DA:242,193
DA:243,3
DA:244,3
DA:245,2
DA:246,2
DA:248,1
DA:252,193
DA:253,4
DA:254,10
DA:255,10
DA:256,4
DA:257,4
DA:258,8
DA:259,7
DA:262,4
DA:267,193
DA:268,16
DA:269,16
DA:270,14
DA:271,10
DA:272,10
DA:273,10
DA:274,1
DA:277,16
DA:278,1
DA:279,15
DA:280,1
DA:281,14
DA:282,10
DA:283,10
DA:284,3
DA:286,4
DA:287,4
DA:289,9
DA:292,193
DA:293,6
DA:294,6
DA:295,6
DA:296,10
DA:298,7
DA:299,7
DA:307,6
DA:310,193
DA:311,4
DA:312,4
DA:313,4
DA:314,1
DA:315,1
DA:317,3
DA:318,1
DA:319,1
DA:321,2
DA:322,2
DA:323,2
DA:324,2
DA:327,193
DA:328,3
DA:329,3
DA:330,3
DA:331,3
DA:332,6
DA:333,2
DA:334,4
DA:335,3
DA:336,3
DA:341,3
DA:346,193
DA:347,6
DA:348,6
DA:349,5
DA:350,5
DA:351,2
DA:352,2
DA:354,3
DA:355,2
DA:357,1
DA:360,1
DA:364,193
DA:365,4
DA:366,4
DA:367,3
DA:368,3
DA:369,2
DA:371,1
DA:374,1
DA:378,193
DA:379,3
DA:380,3
DA:381,1
DA:382,1
DA:384,2
DA:385,1
DA:386,2
DA:388,1
DA:390,1
DA:394,193
DA:395,3
DA:396,3
DA:397,1
DA:398,1
DA:400,2
DA:401,1
DA:402,1
DA:404,1
DA:406,1
DA:410,193
DA:411,7
DA:412,7
DA:413,7
DA:414,6
DA:415,5
DA:416,3
DA:417,3
DA:419,2
DA:422,1
DA:426,193
DA:427,7
DA:428,7
DA:429,7
DA:430,6
DA:431,5
DA:432,3
DA:433,3
DA:434,3
DA:436,2
DA:439,1
DA:443,193
DA:444,8
DA:445,8
DA:446,8
DA:447,7
DA:448,6
DA:449,4
DA:450,7
DA:451,4
DA:452,4
DA:454,2
DA:457,1
DA:461,193
DA:462,4
DA:463,4
DA:464,7
DA:465,4
DA:466,4
DA:468,3
DA:470,1
DA:474,193
DA:475,5
DA:476,5
DA:477,5
DA:478,5
DA:479,12
DA:480,10
DA:481,10
DA:482,3
DA:484,7
DA:488,5
DA:489,5
DA:494,193
DA:495,3
DA:496,3
DA:497,2
DA:499,0
DA:501,2
DA:503,1
DA:507,193
DA:508,3
DA:509,3
DA:510,2
DA:512,0
DA:514,2
DA:516,1
DA:522,193
DA:523,9
DA:524,9
DA:525,8
DA:526,8
DA:527,7
DA:528,7
DA:529,7
DA:530,7
DA:531,7
DA:532,7
DA:533,7
DA:534,8
DA:535,7
DA:536,6
DA:538,5
DA:540,7
DA:543,8
DA:545,1
DA:549,193
DA:550,2
DA:551,2
DA:552,1
DA:554,1
DA:558,193
DA:559,5
DA:560,5
DA:561,5
DA:562,2
DA:563,1
DA:565,3
DA:568,1
DA:574,193
DA:575,2
DA:576,2
DA:577,2
DA:579,1
DA:581,1
DA:585,193
DA:586,2
DA:587,2
DA:588,1
DA:590,1
DA:596,193
DA:597,3
DA:598,3
DA:599,1
DA:600,1
DA:602,2
DA:603,1
DA:605,1
DA:609,193
DA:610,4
DA:611,4
DA:612,2
DA:613,1
DA:615,1
DA:619,193
DA:620,4
DA:621,4
DA:622,2
DA:623,1
DA:625,1
DA:629,193
DA:630,3
DA:631,3
DA:632,2
DA:633,1
DA:635,1
DA:639,193
DA:640,3
DA:641,3
DA:642,2
DA:643,1
DA:645,1
DA:649,193
DA:650,3
DA:651,3
DA:652,2
DA:653,1
DA:655,1
DA:659,193
DA:660,3
DA:661,3
DA:662,2
DA:663,2
DA:667,1
DA:669,1
DA:673,193
DA:674,3
DA:675,3
DA:676,2
DA:677,2
DA:681,1
DA:683,1
DA:689,193
DA:690,3
DA:691,3
DA:692,1
DA:693,1
DA:695,2
DA:696,1
DA:698,1
DA:702,193
DA:703,5
DA:704,5
DA:705,4
DA:707,1
DA:711,193
DA:712,3
DA:713,3
DA:714,3
DA:715,2
DA:717,1
DA:721,193
DA:722,5
DA:723,5
DA:724,4
DA:726,1
DA:732,193
DA:733,4
DA:734,4
DA:735,4
DA:736,4
DA:737,2
DA:738,2
DA:740,2
DA:741,2
DA:745,193
DA:746,3
DA:747,3
DA:748,3
DA:749,3
DA:750,2
DA:752,1
DA:753,1
DA:757,193
DA:758,4
DA:759,4
DA:760,4
DA:761,4
DA:762,4
DA:763,2
DA:765,2
DA:766,2
LF:458
LH:456
BRDA:16,0,0,4
BRDA:16,0,1,1
BRDA:22,1,0,4
BRDA:22,1,1,1
BRDA:48,2,0,6
BRDA:48,2,1,5
BRDA:49,3,0,3
BRDA:49,3,1,3
BRDA:58,4,0,5
BRDA:58,4,1,4
BRDA:59,5,0,2
BRDA:59,5,1,3
BRDA:68,6,0,7
BRDA:68,6,1,4
BRDA:69,7,0,4
BRDA:69,7,1,3
BRDA:79,8,0,4
BRDA:79,8,1,3
BRDA:80,9,0,2
BRDA:80,9,1,2
BRDA:89,10,0,8
BRDA:89,10,1,4
BRDA:90,11,0,5
BRDA:90,11,1,3
BRDA:100,12,0,4
BRDA:100,12,1,3
BRDA:101,13,0,2
BRDA:101,13,1,2
BRDA:110,14,0,5
BRDA:110,14,1,4
BRDA:111,15,0,2
BRDA:111,15,1,3
BRDA:120,16,0,5
BRDA:120,16,1,4
BRDA:121,17,0,2
BRDA:121,17,1,3
BRDA:130,18,0,5
BRDA:130,18,1,4
BRDA:131,19,0,2
BRDA:131,19,1,3
BRDA:140,20,0,5
BRDA:140,20,1,4
BRDA:141,21,0,2
BRDA:141,21,1,3
BRDA:150,22,0,12
BRDA:150,22,1,4
BRDA:151,23,0,9
BRDA:151,23,1,3
BRDA:156,24,0,2
BRDA:156,24,1,7
BRDA:156,25,0,2
BRDA:156,25,1,5
BRDA:157,26,0,2
BRDA:157,26,1,3
BRDA:168,27,0,1
BRDA:168,27,1,4
BRDA:168,28,0,5
BRDA:168,28,1,3
BRDA:177,29,0,6
BRDA:177,29,1,3
BRDA:178,30,0,4
BRDA:178,30,1,2
BRDA:180,31,0,8
BRDA:180,31,1,4
BRDA:181,32,0,2
BRDA:181,32,1,2
BRDA:189,33,0,9
BRDA:189,33,1,5
BRDA:190,34,0,4
BRDA:190,34,1,5
BRDA:190,35,0,9
BRDA:190,35,1,8
BRDA:190,35,2,6
BRDA:190,35,3,5
BRDA:192,36,0,8
BRDA:192,36,1,4
BRDA:193,37,0,2
BRDA:193,37,1,2
BRDA:201,38,0,6
BRDA:201,38,1,4
BRDA:202,39,0,3
BRDA:202,39,1,3
BRDA:202,40,0,6
BRDA:202,40,1,5
BRDA:202,40,2,4
BRDA:202,40,3,4
BRDA:204,41,0,6
BRDA:204,41,1,3
BRDA:205,42,0,2
BRDA:205,42,1,1
BRDA:216,43,0,2
BRDA:216,43,1,1
BRDA:221,44,0,6
BRDA:221,44,1,5
BRDA:222,45,0,3
BRDA:222,45,1,3
BRDA:231,46,0,6
BRDA:231,46,1,1
BRDA:235,47,0,3
BRDA:235,47,1,10
BRDA:235,48,0,13
BRDA:235,48,1,12
BRDA:235,48,2,6
BRDA:235,48,3,5
BRDA:243,49,0,3
BRDA:243,49,1,2
BRDA:244,50,0,2
BRDA:244,50,1,1
BRDA:256,51,0,4
BRDA:256,51,1,0
BRDA:256,52,0,4
BRDA:256,52,1,1
BRDA:258,53,0,7
BRDA:258,53,1,1
BRDA:270,54,0,4
BRDA:270,54,1,10
BRDA:270,55,0,14
BRDA:270,55,1,11
BRDA:273,56,0,4
BRDA:273,56,1,5
BRDA:277,57,0,1
BRDA:277,57,1,15
BRDA:279,58,0,1
BRDA:279,58,1,14
BRDA:281,59,0,10
BRDA:281,59,1,4
BRDA:283,60,0,7
BRDA:283,60,1,3
BRDA:286,61,0,4
BRDA:286,61,1,3
BRDA:296,62,0,10
BRDA:296,62,1,8
BRDA:301,63,0,7
BRDA:301,63,1,1
BRDA:302,64,0,7
BRDA:302,64,1,5
BRDA:303,65,0,7
BRDA:303,65,1,5
BRDA:311,66,0,4
BRDA:311,66,1,2
BRDA:313,67,0,1
BRDA:313,67,1,3
BRDA:317,68,0,1
BRDA:317,68,1,2
BRDA:332,69,0,2
BRDA:332,69,1,4
BRDA:332,70,0,6
BRDA:332,70,1,3
BRDA:334,71,0,3
BRDA:334,71,1,1
BRDA:347,72,0,6
BRDA:347,72,1,2
BRDA:348,73,0,5
BRDA:348,73,1,1
BRDA:350,74,0,2
BRDA:350,74,1,3
BRDA:365,75,0,4
BRDA:365,75,1,2
BRDA:366,76,0,3
BRDA:366,76,1,1
BRDA:380,77,0,1
BRDA:380,77,1,2
BRDA:396,78,0,1
BRDA:396,78,1,2
BRDA:412,79,0,7
BRDA:412,79,1,2
BRDA:413,80,0,1
BRDA:413,80,1,6
BRDA:415,81,0,3
BRDA:415,81,1,2
BRDA:415,82,0,5
BRDA:415,82,1,4
BRDA:416,83,0,3
BRDA:416,83,1,1
BRDA:428,84,0,7
BRDA:428,84,1,2
BRDA:429,85,0,1
BRDA:429,85,1,6
BRDA:431,86,0,3
BRDA:431,86,1,2
BRDA:431,87,0,5
BRDA:431,87,1,4
BRDA:432,88,0,3
BRDA:432,88,1,1
BRDA:445,89,0,8
BRDA:445,89,1,2
BRDA:446,90,0,1
BRDA:446,90,1,7
BRDA:448,91,0,4
BRDA:448,91,1,2
BRDA:448,92,0,6
BRDA:448,92,1,5
BRDA:451,93,0,3
BRDA:451,93,1,1
BRDA:464,94,0,7
BRDA:464,94,1,6
BRDA:466,95,0,3
BRDA:466,95,1,1
BRDA:479,96,0,10
BRDA:479,96,1,2
BRDA:479,97,0,12
BRDA:479,97,1,11
BRDA:481,98,0,3
BRDA:481,98,1,7
BRDA:488,99,0,3
BRDA:488,99,1,2
BRDA:495,100,0,3
BRDA:495,100,1,2
BRDA:496,101,0,2
BRDA:496,101,1,1
BRDA:508,102,0,3
BRDA:508,102,1,2
BRDA:509,103,0,2
BRDA:509,103,1,1
BRDA:524,104,0,9
BRDA:524,104,1,1
BRDA:533,105,0,7
BRDA:533,105,1,12
BRDA:533,105,2,8
BRDA:535,106,0,5
BRDA:535,106,1,2
BRDA:561,107,0,2
BRDA:561,107,1,3
BRDA:561,108,0,5
BRDA:561,108,1,3
BRDA:598,109,0,1
BRDA:598,109,1,2
BRDA:611,110,0,2
BRDA:611,110,1,2
BRDA:621,111,0,2
BRDA:621,111,1,2
BRDA:631,112,0,1
BRDA:631,112,1,2
BRDA:641,113,0,1
BRDA:641,113,1,2
BRDA:651,114,0,1
BRDA:651,114,1,2
BRDA:661,115,0,1
BRDA:661,115,1,2
BRDA:675,116,0,1
BRDA:675,116,1,2
BRDA:691,117,0,1
BRDA:691,117,1,2
BRDA:704,118,0,5
BRDA:704,118,1,1
BRDA:713,119,0,3
BRDA:713,119,1,1
BRDA:723,120,0,5
BRDA:723,120,1,1
BRF:249
BRH:248
end_of_record
TN:
SF:src/background/handlers/diagnostics-handlers.ts
FN:8,registerDiagnosticsPreInitHandlers
FN:9,(anonymous_1)
FN:16,(anonymous_2)
FN:29,(anonymous_3)
FN:41,(anonymous_4)
FN:54,(anonymous_5)
FN:64,(anonymous_6)
FN:75,(anonymous_7)
FN:85,(anonymous_8)
FN:95,(anonymous_9)
FN:105,(anonymous_10)
FN:114,(anonymous_11)
FN:145,registerDiagnosticsPostInitHandlers
FN:146,(anonymous_13)
FN:152,(anonymous_14)
FN:167,(anonymous_15)
FN:170,(anonymous_16)
FN:185,(anonymous_17)
FN:200,(anonymous_18)
FN:207,(anonymous_19)
FN:218,(anonymous_20)
FN:236,(anonymous_21)
FN:247,(anonymous_22)
FN:248,(anonymous_23)
FNF:24
FNH:24
FNDA:56,registerDiagnosticsPreInitHandlers
FNDA:7,(anonymous_1)
FNDA:2,(anonymous_2)
FNDA:5,(anonymous_3)
FNDA:6,(anonymous_4)
FNDA:4,(anonymous_5)
FNDA:5,(anonymous_6)
FNDA:3,(anonymous_7)
FNDA:7,(anonymous_8)
FNDA:4,(anonymous_9)
FNDA:6,(anonymous_10)
FNDA:19,(anonymous_11)
FNDA:36,registerDiagnosticsPostInitHandlers
FNDA:30,(anonymous_13)
FNDA:203,(anonymous_14)
FNDA:29,(anonymous_15)
FNDA:29,(anonymous_16)
FNDA:29,(anonymous_17)
FNDA:29,(anonymous_18)
FNDA:29,(anonymous_19)
FNDA:29,(anonymous_20)
FNDA:29,(anonymous_21)
FNDA:175,(anonymous_22)
FNDA:169,(anonymous_23)
DA:6,5
DA:9,56
DA:10,7
DA:11,7
DA:12,7
DA:13,7
DA:14,7
DA:16,2
DA:18,5
DA:21,7
DA:22,7
DA:24,2
DA:25,2
DA:29,56
DA:30,5
DA:31,5
DA:32,5
DA:33,5
DA:34,3
DA:36,2
DA:37,2
DA:41,56
DA:42,6
DA:43,6
DA:44,6
DA:45,6
DA:46,3
DA:47,3
DA:49,3
DA:50,3
DA:54,56
DA:55,4
DA:56,4
DA:57,4
DA:58,4
DA:60,3
DA:64,56
DA:65,5
DA:66,5
DA:67,5
DA:68,5
DA:69,5
DA:71,2
DA:75,56
DA:76,3
DA:77,3
DA:78,3
DA:79,3
DA:81,2
DA:85,56
DA:86,7
DA:87,7
DA:88,7
DA:89,5
DA:91,2
DA:95,56
DA:96,4
DA:97,4
DA:98,4
DA:99,4
DA:101,3
DA:105,56
DA:106,6
DA:107,6
DA:108,3
DA:110,3
DA:114,56
DA:115,19
DA:116,19
DA:117,19
DA:118,19
DA:122,19
DA:123,3
DA:124,3
DA:126,13
DA:127,6
DA:128,6
DA:129,3
DA:131,3
DA:132,3
DA:135,7
DA:136,7
DA:139,3
DA:140,3
DA:146,36
DA:147,30
DA:148,30
DA:149,30
DA:150,30
DA:152,30
DA:157,203
DA:158,203
DA:159,203
DA:160,197
DA:162,6
DA:167,30
DA:170,29
DA:171,29
DA:172,29
DA:173,29
DA:174,29
DA:175,23
DA:177,6
DA:178,5
DA:185,29
DA:186,29
DA:187,29
DA:188,29
DA:189,28
DA:190,24
DA:192,4
DA:193,4
DA:194,4
DA:200,29
DA:201,29
DA:202,29
DA:203,29
DA:207,29
DA:208,29
DA:209,29
DA:210,25
DA:211,25
DA:214,29
DA:218,29
DA:219,29
DA:220,29
DA:221,23
DA:223,6
DA:224,6
DA:225,6
DA:226,3
DA:227,3
DA:229,3
DA:232,29
DA:236,29
DA:237,29
DA:238,29
DA:239,25
DA:241,4
DA:242,4
DA:247,175
DA:248,169
DA:249,29
DA:251,30
DA:260,1
DA:261,1
LF:146
LH:146
BRDA:18,0,0,3
BRDA:18,0,1,2
BRDA:88,1,0,7
BRDA:88,1,1,2
BRDA:119,2,0,19
BRDA:119,2,1,17
BRDA:122,3,0,3
BRDA:122,3,1,16
BRDA:126,4,0,6
BRDA:126,4,1,7
BRDA:178,5,0,2
BRDA:178,5,1,3
BRDA:189,6,0,24
BRDA:189,6,1,4
BRDA:194,7,0,2
BRDA:194,7,1,2
BRDA:211,8,0,4
BRDA:211,8,1,21
BRDA:214,9,0,4
BRDA:214,9,1,21
BRDA:220,10,0,23
BRDA:220,10,1,6
BRDA:225,11,0,3
BRDA:225,11,1,3
BRDA:229,12,0,2
BRDA:229,12,1,1
BRDA:238,13,0,25
BRDA:238,13,1,4
BRDA:242,14,0,2
BRDA:242,14,1,2
BRDA:249,15,0,11
BRDA:249,15,1,18
BRDA:249,16,0,9
BRDA:249,16,1,9
BRF:34
BRH:34
end_of_record
TN:
SF:src/background/handlers/ollama-handlers.ts
FN:7,registerOllamaHandlers
FN:8,(anonymous_1)
FN:13,(anonymous_2)
FN:14,(anonymous_3)
FN:31,(anonymous_4)
FN:55,(anonymous_5)
FN:67,(anonymous_6)
FN:79,(anonymous_7)
FN:91,(anonymous_8)
FN:100,(anonymous_9)
FN:113,(anonymous_10)
FNF:11
FNH:11
FNDA:25,registerOllamaHandlers
FNDA:4,(anonymous_1)
FNDA:3,(anonymous_2)
FNDA:1,(anonymous_3)
FNDA:5,(anonymous_4)
FNDA:4,(anonymous_5)
FNDA:4,(anonymous_6)
FNDA:4,(anonymous_7)
FNDA:4,(anonymous_8)
FNDA:4,(anonymous_9)
FNDA:4,(anonymous_10)
DA:5,4
DA:8,25
DA:9,4
DA:10,4
DA:11,4
DA:12,4
DA:13,3
DA:14,3
DA:15,3
DA:16,3
DA:17,3
DA:18,4
DA:26,1
DA:27,1
DA:31,25
DA:32,5
DA:33,5
DA:34,5
DA:35,5
DA:37,5
DA:38,4
DA:39,4
DA:40,4
DA:41,7
DA:42,3
DA:43,3
DA:44,2
DA:47,3
DA:48,3
DA:50,2
DA:51,2
DA:55,25
DA:56,4
DA:57,4
DA:58,4
DA:59,4
DA:60,2
DA:62,2
DA:63,2
DA:67,25
DA:68,4
DA:69,4
DA:70,4
DA:71,4
DA:72,4
DA:74,2
DA:75,2
DA:79,25
DA:80,4
DA:81,4
DA:82,4
DA:83,4
DA:84,4
DA:86,2
DA:87,2
DA:91,25
DA:92,4
DA:93,4
DA:94,4
DA:96,2
DA:100,25
DA:101,4
DA:102,4
DA:103,4
DA:104,4
DA:105,2
DA:106,2
DA:108,2
DA:109,2
DA:113,25
DA:114,4
DA:115,4
DA:116,4
DA:117,4
DA:118,2
DA:120,2
DA:121,2
LF:77
LH:77
BRDA:13,0,0,3
BRDA:13,0,1,2
BRDA:14,1,0,1
BRDA:14,1,1,0
BRDA:17,2,0,3
BRDA:17,2,1,2
BRDA:41,3,0,3
BRDA:41,3,1,4
BRDA:41,4,0,7
BRDA:41,4,1,5
BRF:10
BRH:9
end_of_record
TN:
SF:src/background/handlers/registry.ts
FN:20,(anonymous_0)
FN:23,(anonymous_1)
FN:30,(anonymous_2)
FN:36,(anonymous_3)
FN:40,(anonymous_4)
FN:52,(anonymous_5)
FN:56,(anonymous_6)
FNF:7
FNH:7
FNDA:400,(anonymous_0)
FNDA:12347,(anonymous_1)
FNDA:7,(anonymous_2)
FNDA:182,(anonymous_3)
FNDA:488,(anonymous_4)
FNDA:14,(anonymous_5)
FNDA:5,(anonymous_6)
DA:3,9
DA:21,400
DA:24,12347
DA:25,1
DA:27,12347
DA:31,7
DA:32,81
DA:37,182
DA:45,488
DA:46,488
DA:48,486
DA:49,485
DA:53,14
DA:57,5
LF:14
LH:14
BRDA:24,0,0,1
BRDA:24,0,1,12346
BRDA:46,1,0,2
BRDA:46,1,1,486
BRF:4
BRH:4
end_of_record
TN:
SF:src/background/handlers/search-handlers.ts
FN:11,registerSearchHandlers
FN:14,(anonymous_1)
FN:25,(anonymous_2)
FN:40,(anonymous_3)
FN:57,(anonymous_4)
FN:70,(anonymous_5)
FN:91,(anonymous_6)
FN:109,(anonymous_7)
FN:121,(anonymous_8)
FN:138,(anonymous_9)
FN:173,(anonymous_10)
FN:185,(anonymous_11)
FN:205,(anonymous_12)
FN:219,(anonymous_13)
FNF:14
FNH:14
FNDA:6,registerSearchHandlers
FNDA:5,(anonymous_1)
FNDA:3,(anonymous_2)
FNDA:2,(anonymous_3)
FNDA:1,(anonymous_4)
FNDA:1,(anonymous_5)
FNDA:1,(anonymous_6)
FNDA:2,(anonymous_7)
FNDA:1,(anonymous_8)
FNDA:5,(anonymous_9)
FNDA:2,(anonymous_10)
FNDA:2,(anonymous_11)
FNDA:3,(anonymous_12)
FNDA:1,(anonymous_13)
DA:9,3
DA:12,6
DA:15,5
DA:16,5
DA:17,5
DA:18,5
DA:19,5
DA:20,5
DA:21,5
DA:22,5
DA:26,3
DA:27,3
DA:28,3
DA:29,3
DA:30,3
DA:31,3
DA:32,2
DA:33,2
DA:35,1
DA:36,1
DA:41,2
DA:42,2
DA:43,2
DA:44,1
DA:45,1
DA:46,1
DA:47,1
DA:49,1
DA:50,0
DA:52,1
DA:53,1
DA:58,1
DA:59,1
DA:60,1
DA:61,1
DA:62,1
DA:63,1
DA:65,0
DA:66,0
DA:71,1
DA:72,1
DA:73,1
DA:74,1
DA:76,1
DA:77,1
DA:79,1
DA:81,1
DA:83,1
DA:84,1
DA:86,0
DA:87,0
DA:92,1
DA:93,1
DA:94,1
DA:96,1
DA:97,1
DA:98,1
DA:100,0
DA:101,0
DA:104,0
DA:105,0
DA:110,2
DA:111,2
DA:112,2
DA:113,1
DA:114,1
DA:116,1
DA:117,1
DA:122,1
DA:123,1
DA:124,1
DA:125,1
DA:131,1
DA:133,0
DA:134,0
DA:139,5
DA:140,5
DA:141,5
DA:142,5
DA:143,5
DA:144,1
DA:145,1
DA:147,4
DA:148,1
DA:149,1
DA:151,3
DA:152,3
DA:153,3
DA:154,5
DA:159,4
DA:160,3
DA:162,1
DA:165,2
DA:166,2
DA:168,1
DA:169,1
DA:174,2
DA:175,2
DA:176,2
DA:177,1
DA:178,1
DA:180,1
DA:181,1
DA:186,2
DA:187,2
DA:188,2
DA:189,1
DA:190,0
DA:191,0
DA:193,1
DA:194,1
DA:200,1
DA:201,1
DA:206,3
DA:207,3
DA:208,2
DA:209,2
DA:211,1
DA:212,1
DA:216,1
DA:220,1
DA:221,1
LF:122
LH:109
BRDA:16,0,0,4
BRDA:16,0,1,1
BRDA:27,1,0,3
BRDA:27,1,1,1
BRDA:49,2,0,0
BRDA:49,2,1,1
BRDA:96,3,0,1
BRDA:96,3,1,0
BRDA:143,4,0,1
BRDA:143,4,1,4
BRDA:147,5,0,1
BRDA:147,5,1,3
BRDA:154,6,0,4
BRDA:154,6,1,1
BRDA:155,7,0,5
BRDA:155,7,1,5
BRDA:155,7,2,4
BRDA:155,7,3,4
BRDA:155,7,4,4
BRDA:155,7,5,4
BRDA:155,7,6,4
BRDA:189,8,0,0
BRDA:189,8,1,1
BRDA:195,9,0,1
BRDA:195,9,1,0
BRDA:196,10,0,1
BRDA:196,10,1,0
BRDA:207,11,0,2
BRDA:207,11,1,1
BRDA:207,12,0,3
BRDA:207,12,1,3
BRDA:207,12,2,2
BRDA:213,13,0,1
BRDA:213,13,1,0
BRDA:214,14,0,1
BRDA:214,14,1,0
BRF:36
BRH:29
end_of_record
TN:
SF:src/background/handlers/settings-handlers.ts
FN:9,registerSettingsHandlers
FN:15,(anonymous_1)
FN:19,(anonymous_2)
FN:24,(anonymous_3)
FN:30,(anonymous_4)
FN:34,(anonymous_5)
FN:41,(anonymous_6)
FN:63,(anonymous_7)
FN:80,(anonymous_8)
FN:85,(anonymous_9)
FN:92,(anonymous_10)
FN:104,(anonymous_11)
FNF:12
FNH:12
FNDA:51,registerSettingsHandlers
FNDA:3,(anonymous_1)
FNDA:7,(anonymous_2)
FNDA:4,(anonymous_3)
FNDA:3,(anonymous_4)
FNDA:3,(anonymous_5)
FNDA:21,(anonymous_6)
FNDA:4,(anonymous_7)
FNDA:3,(anonymous_8)
FNDA:3,(anonymous_9)
FNDA:7,(anonymous_10)
FNDA:5,(anonymous_11)
DA:7,5
DA:15,51
DA:16,3
DA:19,51
DA:20,7
DA:21,7
DA:25,4
DA:27,7
DA:30,51
DA:31,3
DA:34,51
DA:35,3
DA:36,3
DA:37,3
DA:38,3
DA:41,51
DA:42,21
DA:43,21
DA:44,18
DA:45,18
DA:47,18
DA:48,18
DA:50,18
DA:51,18
DA:52,18
DA:54,18
DA:55,18
DA:57,18
DA:58,18
DA:60,18
DA:61,7
DA:62,7
DA:64,4
DA:66,11
DA:67,3
DA:68,3
DA:69,8
DA:73,2
DA:74,2
DA:77,21
DA:80,51
DA:81,3
DA:82,3
DA:85,51
DA:86,3
DA:87,3
DA:92,51
DA:93,7
DA:94,7
DA:95,7
DA:96,5
DA:97,5
DA:98,3
DA:100,4
DA:104,51
DA:105,5
DA:106,5
DA:107,5
DA:108,3
DA:110,2
LF:60
LH:60
BRDA:25,0,0,2
BRDA:25,0,1,2
BRDA:43,1,0,18
BRDA:43,1,1,3
BRDA:44,2,0,18
BRDA:44,2,1,2
BRDA:45,3,0,18
BRDA:45,3,1,3
BRDA:54,4,0,18
BRDA:54,4,1,2
BRDA:55,5,0,18
BRDA:55,5,1,3
BRDA:60,6,0,7
BRDA:60,6,1,11
BRDA:60,7,0,18
BRDA:60,7,1,10
BRDA:64,8,0,2
BRDA:64,8,1,2
BRDA:66,9,0,3
BRDA:66,9,1,8
BRDA:66,10,0,11
BRDA:66,10,1,8
BRDA:69,11,0,2
BRDA:69,11,1,6
BRDA:70,12,0,8
BRDA:70,12,1,5
BRF:26
BRH:26
end_of_record
TN:
SF:src/background/lifecycle/commands-listener.ts
FN:6,sendMessageWithTimeout
FN:7,(anonymous_1)
FN:8,(anonymous_2)
FN:11,(anonymous_3)
FN:22,reinjectContentScript
FN:36,registerCommandsListenerEarly
FN:39,(anonymous_6)
FN:56,(anonymous_7)
FN:85,keepServiceWorkerAlive
FN:89,(anonymous_9)
FN:92,(anonymous_10)
FN:95,(anonymous_11)
FN:98,(anonymous_12)
FN:99,(anonymous_13)
FNF:14
FNH:14
FNDA:13,sendMessageWithTimeout
FNDA:13,(anonymous_1)
FNDA:2,(anonymous_2)
FNDA:11,(anonymous_3)
FNDA:6,reinjectContentScript
FNDA:22,registerCommandsListenerEarly
FNDA:17,(anonymous_6)
FNDA:3,(anonymous_7)
FNDA:8,keepServiceWorkerAlive
FNDA:2,(anonymous_9)
FNDA:1,(anonymous_10)
FNDA:1,(anonymous_11)
FNDA:1,(anonymous_12)
FNDA:1,(anonymous_13)
DA:4,33
DA:7,13
DA:8,13
DA:9,2
DA:11,13
DA:12,11
DA:13,11
DA:14,5
DA:16,6
DA:23,6
DA:24,6
DA:28,4
DA:30,2
DA:34,33
DA:37,22
DA:38,20
DA:39,19
DA:40,17
DA:41,16
DA:42,16
DA:43,16
DA:44,16
DA:45,14
DA:46,6
DA:47,6
DA:48,3
DA:49,2
DA:50,2
DA:53,4
DA:54,4
DA:55,4
DA:56,3
DA:57,3
DA:58,2
DA:59,2
DA:60,2
DA:64,2
DA:65,2
DA:66,2
DA:68,8
DA:69,8
DA:70,8
DA:73,2
DA:74,2
DA:75,2
DA:76,2
DA:81,19
DA:86,8
DA:87,8
DA:88,8
DA:89,8
DA:90,2
DA:92,8
DA:93,1
DA:95,8
DA:96,1
DA:98,8
DA:99,8
LF:58
LH:58
BRDA:6,0,0,13
BRDA:13,1,0,5
BRDA:13,1,1,6
BRDA:37,2,0,2
BRDA:37,2,1,20
BRDA:38,3,0,19
BRDA:38,3,1,1
BRDA:38,4,0,20
BRDA:38,4,1,19
BRDA:38,4,2,19
BRDA:40,5,0,16
BRDA:40,5,1,1
BRDA:45,6,0,6
BRDA:45,6,1,8
BRDA:45,7,0,14
BRDA:45,7,1,12
BRDA:45,7,2,11
BRDA:45,7,3,10
BRDA:45,7,4,9
BRDA:45,7,5,8
BRDA:45,7,6,7
BRDA:48,8,0,2
BRDA:48,8,1,1
BRDA:55,9,0,3
BRDA:55,9,1,1
BRDA:58,10,0,2
BRDA:58,10,1,0
BRDA:73,11,0,2
BRDA:73,11,1,0
BRDA:90,12,0,1
BRDA:90,12,1,1
BRF:31
BRH:29
end_of_record
TN:
SF:src/background/lifecycle/omnibox.ts
FN:8,setupOmnibox
FN:13,(anonymous_1)
FN:26,(anonymous_2)
FN:37,(anonymous_3)
FN:39,(anonymous_4)
FN:50,(anonymous_5)
FN:50,(anonymous_6)
FN:59,(anonymous_7)
FN:69,(anonymous_8)
FN:86,(anonymous_9)
FN:90,(anonymous_10)
FNF:11
FNH:10
FNDA:16,setupOmnibox
FNDA:13,(anonymous_1)
FNDA:7,(anonymous_2)
FNDA:1,(anonymous_3)
FNDA:3,(anonymous_4)
FNDA:4,(anonymous_5)
FNDA:3,(anonymous_6)
FNDA:2,(anonymous_7)
FNDA:13,(anonymous_8)
FNDA:89,(anonymous_9)
FNDA:0,(anonymous_10)
DA:6,3
DA:9,16
DA:13,16
DA:14,13
DA:15,13
DA:16,12
DA:17,12
DA:19,11
DA:20,2
DA:21,2
DA:22,2
DA:23,2
DA:24,2
DA:25,2
DA:26,7
DA:30,2
DA:33,9
DA:34,2
DA:35,2
DA:36,2
DA:37,1
DA:39,3
DA:43,2
DA:46,7
DA:47,4
DA:48,4
DA:49,3
DA:50,4
DA:55,4
DA:58,3
DA:59,2
DA:64,1
DA:65,1
DA:69,16
DA:70,13
DA:71,13
DA:73,13
DA:74,4
DA:75,4
DA:76,3
DA:77,2
DA:78,2
DA:80,3
DA:83,9
DA:84,4
DA:85,4
DA:86,89
DA:87,4
DA:88,2
DA:89,2
DA:90,1
DA:92,4
DA:95,5
DA:96,5
DA:98,5
DA:99,3
DA:100,2
DA:102,2
DA:105,2
LF:59
LH:59
BRDA:15,0,0,1
BRDA:15,0,1,12
BRDA:17,1,0,1
BRDA:17,1,1,11
BRDA:19,2,0,2
BRDA:19,2,1,9
BRDA:19,3,0,11
BRDA:19,3,1,10
BRDA:21,4,0,1
BRDA:21,4,1,1
BRDA:33,5,0,2
BRDA:33,5,1,7
BRDA:36,6,0,1
BRDA:36,6,1,1
BRDA:37,7,0,1
BRDA:37,7,1,0
BRDA:41,8,0,3
BRDA:41,8,1,1
BRDA:41,9,0,3
BRDA:41,9,1,1
BRDA:46,10,0,4
BRDA:46,10,1,3
BRDA:48,11,0,3
BRDA:48,11,1,1
BRDA:52,12,0,3
BRDA:52,12,1,1
BRDA:61,13,0,2
BRDA:61,13,1,1
BRDA:73,14,0,4
BRDA:73,14,1,9
BRDA:75,15,0,3
BRDA:75,15,1,1
BRDA:78,16,0,1
BRDA:78,16,1,1
BRDA:83,17,0,4
BRDA:83,17,1,5
BRDA:83,18,0,9
BRDA:83,18,1,6
BRDA:87,19,0,2
BRDA:87,19,1,2
BRDA:89,20,0,1
BRDA:89,20,1,1
BRDA:98,21,0,3
BRDA:98,21,1,2
BRDA:100,22,0,1
BRDA:100,22,1,1
BRF:46
BRH:45
end_of_record
TN:
SF:src/background/lifecycle/port-messaging.ts
FN:12,setupPortBasedMessaging
FN:13,(anonymous_1)
FN:22,(anonymous_2)
FN:65,(anonymous_3)
FNF:4
FNH:4
FNDA:21,setupPortBasedMessaging
FNDA:23,(anonymous_1)
FNDA:117,(anonymous_2)
FNDA:3,(anonymous_3)
DA:5,3
DA:13,21
DA:14,23
DA:15,21
DA:16,21
DA:17,21
DA:18,21
DA:19,21
DA:20,21
DA:22,21
DA:23,117
DA:24,115
DA:25,115
DA:26,1
DA:27,1
DA:29,115
DA:30,7
DA:31,7
DA:32,7
DA:34,108
DA:35,108
DA:36,115
DA:37,115
DA:38,5
DA:39,5
DA:40,3
DA:41,2
DA:42,2
DA:45,2
DA:46,2
DA:49,104
DA:50,104
DA:51,104
DA:52,101
DA:53,101
DA:54,101
DA:55,99
DA:58,3
DA:59,3
DA:60,2
DA:65,21
DA:66,3
DA:67,3
LF:43
LH:43
BRDA:14,0,0,21
BRDA:14,0,1,2
BRDA:23,1,0,115
BRDA:23,1,1,2
BRDA:25,2,0,1
BRDA:25,2,1,114
BRDA:29,3,0,7
BRDA:29,3,1,108
BRDA:35,4,0,107
BRDA:35,4,1,1
BRDA:37,5,0,5
BRDA:37,5,1,110
BRDA:39,6,0,3
BRDA:39,6,1,2
BRDA:54,7,0,99
BRDA:54,7,1,2
BRDA:59,8,0,2
BRDA:59,8,1,1
BRF:18
BRH:18
end_of_record
TN:
SF:src/background/ports/clock-port.ts
FN:14,(anonymous_0)
FN:15,(anonymous_1)
FN:16,(anonymous_2)
FNF:3
FNH:3
FNDA:1,(anonymous_0)
FNDA:2,(anonymous_1)
FNDA:1,(anonymous_2)
DA:13,1
DA:14,1
DA:15,2
DA:16,1
LF:4
LH:4
BRF:0
BRH:0
end_of_record
TN:
SF:src/background/ports/database-port.ts
FNF:0
FNH:0
LF:0
LH:0
BRF:0
BRH:0
end_of_record
TN:
SF:src/background/ports/history-port.ts
FNF:0
FNH:0
LF:0
LH:0
BRF:0
BRH:0
end_of_record
TN:
SF:src/background/ports/ollama-port.ts
FNF:0
FNH:0
LF:0
LH:0
BRF:0
BRH:0
end_of_record
TN:
SF:src/background/ports/storage-port.ts
FNF:0
FNH:0
LF:0
LH:0
BRF:0
BRH:0
end_of_record
TN:
SF:src/background/search/diversity-filter.ts
FN:21,normalizeUrl
FN:79,applyDiversityFilter
FNF:2
FNH:2
FNDA:25,normalizeUrl
FNDA:8,applyDiversityFilter
DA:7,2
DA:22,25
DA:23,25
DA:26,25
DA:29,25
DA:30,2
DA:33,23
DA:36,2
DA:37,2
DA:83,8
DA:84,2
DA:85,2
DA:88,6
DA:89,6
DA:91,6
DA:92,15
DA:94,15
DA:96,10
DA:99,5
DA:100,5
DA:108,6
DA:110,6
DA:111,4
DA:117,2
DA:122,6
LF:25
LH:25
BRDA:29,0,0,2
BRDA:29,0,1,23
BRDA:29,1,0,25
BRDA:29,1,1,4
BRDA:83,2,0,2
BRDA:83,2,1,6
BRDA:94,3,0,10
BRDA:94,3,1,5
BRDA:110,4,0,4
BRDA:110,4,1,2
BRF:10
BRH:10
end_of_record
TN:
SF:src/background/search/query-expansion.ts
FN:69,expandTerm
FN:86,expandQuery
FN:87,(anonymous_2)
FN:105,getExpandedTerms
FN:121,matchesExpandedQuery
FN:123,(anonymous_5)
FN:129,addCustomSynonym
FNF:7
FNH:7
FNDA:24,expandTerm
FNDA:12,expandQuery
FNDA:18,(anonymous_2)
FNDA:6,getExpandedTerms
FNDA:6,matchesExpandedQuery
FNDA:6,(anonymous_5)
FNDA:4,addCustomSynonym
DA:5,2
DA:11,2
DA:70,24
DA:71,24
DA:73,24
DA:74,17
DA:75,53
DA:79,24
DA:87,18
DA:88,12
DA:90,12
DA:91,14
DA:92,14
DA:94,14
DA:95,10
DA:99,12
DA:106,6
DA:107,6
DA:109,6
DA:110,7
DA:111,23
DA:115,6
DA:122,6
DA:123,6
DA:130,4
DA:132,4
DA:133,3
DA:136,4
DA:137,5
DA:138,5
DA:139,4
DA:143,4
LF:32
LH:32
BRDA:73,0,0,17
BRDA:73,0,1,7
BRDA:94,1,0,10
BRDA:94,1,1,4
BRDA:132,2,0,3
BRDA:132,2,1,1
BRDA:138,3,0,4
BRDA:138,3,1,1
BRF:8
BRH:8
end_of_record
TN:
SF:src/background/search/scorer-manager.ts
FN:28,(anonymous_0)
FN:66,(anonymous_1)
FN:90,(anonymous_2)
FN:106,(anonymous_3)
FN:125,(anonymous_4)
FN:126,(anonymous_5)
FN:127,(anonymous_6)
FN:162,(anonymous_7)
FN:175,getAllScorers
FNF:9
FNH:9
FNDA:5,(anonymous_0)
FNDA:6,(anonymous_1)
FNDA:4,(anonymous_2)
FNDA:6,(anonymous_3)
FNDA:8,(anonymous_4)
FNDA:8,(anonymous_5)
FNDA:8,(anonymous_6)
FNDA:9,(anonymous_7)
FNDA:25,getAllScorers
DA:25,8
DA:29,5
DA:30,5
DA:31,5
DA:32,5
DA:33,5
DA:34,5
DA:36,5
DA:39,3
DA:47,3
DA:49,3
DA:50,6
DA:51,6
DA:53,6
DA:54,24
DA:55,24
DA:56,9
DA:57,9
DA:61,6
DA:65,3
DA:66,6
DA:68,3
DA:71,2
DA:72,4
DA:73,4
DA:74,4
DA:75,4
DA:79,2
DA:80,2
DA:81,4
DA:82,9
DA:85,2
DA:86,2
DA:89,5
DA:90,4
DA:92,5
DA:94,5
DA:96,5
DA:103,8
DA:107,6
DA:108,6
DA:109,6
DA:110,6
DA:111,6
DA:113,6
DA:114,6
DA:117,4
DA:121,4
DA:124,6
DA:125,8
DA:126,8
DA:127,8
DA:128,6
DA:131,6
DA:133,3
DA:134,3
DA:136,3
DA:137,3
DA:138,0
DA:140,0
DA:141,0
DA:142,0
DA:147,4
DA:148,4
DA:149,2
DA:150,2
DA:153,4
DA:159,8
DA:163,9
DA:164,9
DA:167,7
DA:168,9
DA:171,4
DA:177,25
DA:180,25
DA:187,25
LF:76
LH:72
BRDA:29,0,0,5
BRDA:29,0,1,5
BRDA:29,0,2,0
BRDA:32,1,0,5
BRDA:32,1,1,5
BRDA:33,2,0,5
BRDA:33,2,1,1
BRDA:34,3,0,5
BRDA:34,3,1,1
BRDA:36,4,0,2
[...]
FNDA:20,matchCommands
FNDA:394,(anonymous_52)
FNDA:18,(anonymous_53)
FNDA:1310,(anonymous_54)
FNDA:96,(anonymous_55)
FNDA:1909,(anonymous_56)
FNDA:2617,(anonymous_57)
FNDA:90,(anonymous_58)
FNDA:73,(anonymous_59)
FNDA:3,formatPaletteCategoryHeader
FNDA:848,rankPowerPaletteCategory
FNDA:1308,rankEverydayPaletteCategory
FNDA:4,preparePaletteCommandList
FNDA:424,(anonymous_64)
FNDA:654,(anonymous_65)
FNDA:8,getPowerSettingsPatch
FNDA:6,getCycleValueFromCommand
FNDA:534,(anonymous_68)
FNDA:154,(anonymous_69)
FNDA:0,(anonymous_70)
FNDA:4,getCurrentValueLabel
FNDA:8,(anonymous_72)
FNDA:4,saveRecentCommand
FNDA:3,(anonymous_74)
FNDA:2,getRecentCommands
DA:14,44
DA:75,4
DA:341,17
DA:559,17
DA:570,17
DA:581,17
DA:592,17
DA:603,17
DA:614,17
DA:626,17
DA:637,17
DA:648,17
DA:659,17
DA:670,17
DA:681,17
DA:692,17
DA:703,17
DA:778,17
DA:789,17
DA:800,17
DA:811,17
DA:822,17
DA:833,17
DA:844,17
DA:855,17
DA:866,17
DA:933,4
DA:945,19
DA:958,19
DA:969,19
DA:980,19
DA:991,19
DA:1002,19
DA:1012,19
DA:1035,19
DA:1046,19
DA:1059,19
DA:1071,19
DA:1083,19
DA:1094,19
DA:1106,19
DA:1118,19
DA:1130,19
DA:1142,19
DA:1284,19
DA:1295,19
DA:1306,19
DA:1318,19
DA:1757,4
DA:1760,2096
DA:1767,10
DA:1768,646
DA:1778,1872
DA:1779,157
DA:1781,1715
DA:1793,20
DA:1794,7
DA:1795,394
DA:1797,7
DA:1798,7
DA:1799,453
DA:1801,7
DA:1804,13
DA:1807,18
DA:1809,13
DA:1810,1310
DA:1813,20
DA:1815,20
DA:1816,1419
DA:1818,1419
DA:1819,1883
DA:1827,1883
DA:1829,1883
DA:1830,2
DA:1833,1883
DA:1834,20
DA:1837,1909
DA:1838,1883
DA:1839,34
DA:1842,1883
DA:1843,2617
DA:1846,1883
DA:1847,73
DA:1852,90
DA:1856,4
DA:1872,4
DA:1884,4
DA:1900,3
DA:1901,1
DA:1903,2
DA:1907,848
DA:1908,848
DA:1912,1308
DA:1913,1308
DA:1926,4
DA:1927,4
DA:1928,4
DA:1929,1
DA:1931,3
DA:1932,1
DA:1933,424
DA:1934,424
DA:1935,424
DA:1936,273
DA:1939,2
DA:1940,654
DA:1941,654
DA:1942,654
DA:1943,394
DA:1949,8
DA:1951,1
DA:1953,1
DA:1955,1
DA:1957,1
DA:1959,1
DA:1961,1
DA:1963,2
DA:1972,6
DA:1973,534
DA:1975,6
DA:1977,4
DA:1978,7
DA:1979,7
DA:1980,4
DA:1981,4
DA:1985,0
DA:1986,0
DA:1987,0
DA:1990,0
DA:1991,0
DA:1992,0
DA:1995,0
DA:2005,4
DA:2006,3
DA:2007,8
DA:2008,3
DA:2011,4
DA:2012,4
DA:2015,4
DA:2016,4
DA:2017,4
DA:2018,4
DA:2019,4
DA:2020,4
DA:2030,2
DA:2031,2
DA:2032,2
DA:2034,1
LF:148
LH:141
BRDA:341,0,0,17
BRDA:341,0,1,17
BRDA:1768,1,0,646
BRDA:1768,1,1,222
BRDA:1778,2,0,157
BRDA:1778,2,1,1715
BRDA:1778,3,0,1872
BRDA:1778,3,1,157
BRDA:1793,4,0,7
BRDA:1793,4,1,13
BRDA:1794,5,0,6
BRDA:1794,5,1,1
BRDA:1795,6,0,394
BRDA:1795,6,1,135
BRDA:1809,7,0,11
BRDA:1809,7,1,2
BRDA:1810,8,0,1310
BRDA:1810,8,1,450
BRDA:1822,9,0,1883
BRDA:1822,9,1,1787
BRDA:1829,10,0,2
BRDA:1829,10,1,1881
BRDA:1833,11,0,20
BRDA:1833,11,1,1863
BRDA:1838,12,0,34
BRDA:1838,12,1,1849
BRDA:1843,13,0,77
BRDA:1843,13,1,2540
BRDA:1846,14,0,73
BRDA:1846,14,1,1810
BRDA:1900,15,0,1
BRDA:1900,15,1,2
BRDA:1900,16,0,3
BRDA:1900,16,1,1
BRDA:1903,17,0,2
BRDA:1903,17,1,1
BRDA:1908,18,0,0
BRDA:1908,18,1,848
BRDA:1913,19,0,0
BRDA:1913,19,1,1308
BRDA:1928,20,0,1
BRDA:1928,20,1,3
BRDA:1931,21,0,1
BRDA:1931,21,1,2
BRDA:1935,22,0,151
BRDA:1935,22,1,273
BRDA:1942,23,0,260
BRDA:1942,23,1,394
BRDA:1949,24,0,1
BRDA:1949,24,1,1
BRDA:1949,24,2,1
BRDA:1949,24,3,1
BRDA:1949,24,4,1
BRDA:1949,24,5,1
BRDA:1949,24,6,2
BRDA:1975,25,0,2
BRDA:1975,25,1,4
BRDA:1979,26,0,4
BRDA:1979,26,1,3
BRDA:1981,27,0,2
BRDA:1981,27,1,2
BRDA:1987,28,0,0
BRDA:1987,28,1,0
BRDA:1990,29,0,0
BRDA:1990,29,1,0
BRDA:1992,30,0,0
BRDA:1992,30,1,0
BRDA:2005,31,0,1
BRDA:2005,31,1,3
BRDA:2005,32,0,4
BRDA:2005,32,1,3
BRDA:2017,33,0,2
BRDA:2017,33,1,1
BRDA:2032,34,0,2
BRDA:2032,34,1,0
BRF:75
BRH:66
end_of_record
TN:
SF:src/shared/data-masker.ts
FN:9,simpleHash
FN:27,redactWord
FN:49,maskTitle
FN:54,(anonymous_3)
FN:58,(anonymous_4)
FN:80,(anonymous_5)
FN:84,(anonymous_6)
FN:109,effectiveTldLength
FN:136,maskHostname
FN:140,(anonymous_9)
FN:150,(anonymous_10)
FN:168,maskUrl
FN:203,maskMetaDescription
FNF:13
FNH:13
FNDA:16,simpleHash
FNDA:33,redactWord
FNDA:80,maskTitle
FNDA:42,(anonymous_3)
FNDA:59,(anonymous_4)
FNDA:18,(anonymous_5)
FNDA:5,(anonymous_6)
FNDA:15,effectiveTldLength
FNDA:16,maskHostname
FNDA:21,(anonymous_9)
FNDA:24,(anonymous_10)
FNDA:79,maskUrl
FNDA:7,maskMetaDescription
DA:10,16
DA:11,16
DA:12,252
DA:13,252
DA:14,252
DA:16,16
DA:28,33
DA:29,33
DA:30,3
DA:32,30
DA:33,20
DA:35,10
DA:36,7
DA:38,3
DA:50,80
DA:51,57
DA:54,42
DA:55,23
DA:57,23
DA:58,13
DA:59,59
DA:60,23
DA:62,36
DA:63,36
DA:64,5
DA:66,31
DA:67,13
DA:69,18
DA:70,34
DA:71,0
DA:74,18
DA:79,10
DA:80,10
DA:81,18
DA:83,10
DA:84,5
DA:86,7
DA:92,2
DA:101,2
DA:110,15
DA:111,13
DA:112,13
DA:113,13
DA:114,2
DA:117,13
DA:137,16
DA:138,16
DA:140,21
DA:141,15
DA:142,15
DA:143,15
DA:144,15
DA:146,15
DA:147,3
DA:150,12
DA:151,24
DA:152,15
DA:153,23
DA:155,15
DA:158,12
DA:169,79
DA:170,57
DA:173,22
DA:174,16
DA:175,11
DA:177,5
DA:180,6
DA:181,6
DA:182,6
DA:183,5
DA:185,1
DA:186,1
DA:187,79
DA:189,0
DA:190,0
DA:192,0
DA:204,7
DA:205,2
DA:207,5
DA:208,3
DA:210,2
LF:81
LH:77
BRDA:29,0,0,3
BRDA:29,0,1,30
BRDA:32,1,0,20
BRDA:32,1,1,10
BRDA:35,2,0,7
BRDA:35,2,1,3
BRDA:50,3,0,57
BRDA:50,3,1,23
BRDA:57,4,0,13
BRDA:57,4,1,10
BRDA:59,5,0,23
BRDA:59,5,1,36
BRDA:63,6,0,5
BRDA:63,6,1,31
BRDA:66,7,0,13
BRDA:66,7,1,18
BRDA:70,8,0,0
BRDA:70,8,1,34
BRDA:83,9,0,3
BRDA:83,9,1,7
BRDA:110,10,0,13
BRDA:110,10,1,2
BRDA:113,11,0,2
BRDA:113,11,1,11
BRDA:113,12,0,13
BRDA:113,12,1,2
BRDA:138,13,0,1
BRDA:138,13,1,15
BRDA:146,14,0,3
BRDA:146,14,1,12
BRDA:146,15,0,15
BRDA:146,15,1,13
BRDA:151,16,0,9
BRDA:151,16,1,15
BRDA:153,17,0,0
BRDA:153,17,1,23
BRDA:169,18,0,57
BRDA:169,18,1,22
BRDA:173,19,0,16
BRDA:173,19,1,6
BRDA:174,20,0,11
BRDA:174,20,1,5
BRDA:182,21,0,5
BRDA:182,21,1,1
BRDA:186,22,0,1
BRDA:186,22,1,0
BRDA:189,23,0,0
BRDA:189,23,1,0
BRDA:204,24,0,2
BRDA:204,24,1,5
BRDA:207,25,0,3
BRDA:207,25,1,2
BRDA:208,26,0,1
BRDA:208,26,1,2
BRF:54
BRH:49
end_of_record
TN:
SF:src/shared/hide-img-on-error.ts
FN:5,wireHideImgOnError
FN:9,(anonymous_1)
FNF:2
FNH:2
FNDA:2,wireHideImgOnError
FNDA:1,(anonymous_1)
DA:6,2
DA:7,1
DA:10,1
LF:3
LH:3
BRDA:6,0,0,1
BRDA:6,0,1,1
BRF:2
BRH:2
end_of_record
TN:
SF:src/shared/palette-messages.ts
FN:18,isPaletteDiagnosticMessageType
FN:22,formatBytesShort
FN:30,isOkStatus
FN:38,formatPaletteDiagnosticToast
FN:110,(anonymous_4)
FN:131,(anonymous_5)
FN:132,(anonymous_6)
FNF:7
FNH:7
FNDA:10,isPaletteDiagnosticMessageType
FNDA:1,formatBytesShort
FNDA:38,isOkStatus
FNDA:40,formatPaletteDiagnosticToast
FNDA:10,(anonymous_4)
FNDA:10,(anonymous_5)
FNDA:10,(anonymous_6)
DA:6,2
DA:16,2
DA:19,10
DA:23,1
DA:24,1
DA:25,1
DA:26,1
DA:27,1
DA:31,38
DA:42,40
DA:44,37
DA:46,5
DA:55,5
DA:57,4
DA:60,5
DA:63,7
DA:66,7
DA:67,6
DA:69,7
DA:71,7
DA:74,7
DA:77,5
DA:78,5
DA:79,5
DA:80,5
DA:81,5
DA:83,3
DA:84,5
DA:87,5
DA:97,5
DA:99,3
DA:102,5
DA:103,5
DA:106,4
DA:107,4
DA:108,2
DA:110,10
DA:113,2
DA:116,3
DA:117,3
DA:118,2
DA:119,1
DA:120,1
DA:121,1
DA:124,7
DA:129,7
DA:130,5
DA:131,10
DA:132,10
DA:133,5
DA:134,7
DA:135,3
DA:137,2
DA:138,7
DA:139,7
DA:142,1
LF:56
LH:56
BRDA:23,0,0,0
BRDA:23,0,1,1
BRDA:23,1,0,1
BRDA:23,1,1,1
BRDA:31,2,0,38
BRDA:31,2,1,2
BRDA:42,3,0,3
BRDA:42,3,1,37
BRDA:42,4,0,40
BRDA:42,4,1,38
BRDA:44,5,0,37
BRDA:44,5,1,7
BRDA:44,5,2,5
BRDA:44,5,3,5
BRDA:44,5,4,4
BRDA:44,5,5,3
BRDA:44,5,6,7
BRDA:44,5,7,1
BRDA:55,6,0,1
BRDA:55,6,1,4
BRDA:57,7,0,1
BRDA:57,7,1,3
BRDA:57,8,0,4
BRDA:57,8,1,2
BRDA:57,8,2,1
BRDA:60,9,0,5
BRDA:60,9,1,1
BRDA:60,10,0,5
BRDA:60,10,1,1
BRDA:60,11,0,5
BRDA:60,11,1,0
BRDA:66,12,0,1
BRDA:66,12,1,6
BRDA:67,13,0,3
BRDA:67,13,1,3
BRDA:69,14,0,3
BRDA:69,14,1,3
BRDA:71,15,0,2
BRDA:71,15,1,4
BRDA:71,16,0,7
BRDA:71,16,1,3
BRDA:72,17,0,1
BRDA:72,17,1,1
BRDA:81,18,0,2
BRDA:81,18,1,3
BRDA:81,19,0,5
BRDA:81,19,1,4
BRDA:83,20,0,1
BRDA:83,20,1,2
BRDA:84,21,0,2
BRDA:84,21,1,1
BRDA:97,22,0,2
BRDA:97,22,1,3
BRDA:99,23,0,1
BRDA:99,23,1,2
BRDA:102,24,0,1
BRDA:102,24,1,2
BRDA:103,25,0,5
BRDA:103,25,1,1
BRDA:103,26,0,5
BRDA:103,26,1,1
BRDA:103,27,0,5
BRDA:103,27,1,1
BRDA:103,28,0,5
BRDA:103,28,1,1
BRDA:107,29,0,2
BRDA:107,29,1,2
BRDA:107,30,0,4
BRDA:107,30,1,3
BRDA:117,31,0,1
BRDA:117,31,1,2
BRDA:118,32,0,1
BRDA:118,32,1,1
BRDA:129,33,0,2
BRDA:129,33,1,5
BRDA:129,34,0,7
BRDA:129,34,1,6
BRDA:131,35,0,10
BRDA:131,35,1,4
BRDA:133,36,0,3
BRDA:133,36,1,2
BRDA:134,37,0,3
BRDA:134,37,1,4
BRDA:137,38,0,1
BRDA:137,38,1,1
BRDA:138,39,0,1
BRDA:138,39,1,1
BRF:87
BRH:85
end_of_record
TN:
SF:src/shared/recent-interactions.ts
FN:16,getRecentInteractions
FN:27,addRecentInteraction
FN:37,(anonymous_2)
FN:53,clearRecentInteractions
FNF:4
FNH:4
FNDA:8,getRecentInteractions
FNDA:5,addRecentInteraction
FNDA:27,(anonymous_2)
FNDA:2,clearRecentInteractions
DA:13,11
DA:14,11
DA:17,8
DA:18,8
DA:19,6
DA:20,6
DA:21,2
DA:23,2
DA:32,5
DA:34,4
DA:35,4
DA:37,27
DA:39,4
DA:46,5
DA:47,5
DA:54,2
DA:55,2
LF:17
LH:17
BRDA:20,0,0,4
BRDA:20,0,1,2
BRDA:32,1,0,1
BRDA:32,1,1,4
BRDA:41,2,0,4
BRDA:41,2,1,1
BRF:6
BRH:6
end_of_record
TN:
SF:src/shared/recent-searches.ts
FN:15,getRecentSearches
FN:26,addRecentSearch
FN:34,(anonymous_2)
FN:50,clearRecentSearches
FNF:4
FNH:4
FNDA:7,getRecentSearches
FNDA:6,addRecentSearch
FNDA:27,(anonymous_2)
FNDA:2,clearRecentSearches
DA:12,10
DA:13,10
DA:16,7
DA:17,7
DA:18,5
DA:19,5
DA:20,2
DA:22,2
DA:27,6
DA:28,6
DA:30,3
DA:31,3
DA:34,27
DA:36,3
DA:43,6
DA:44,6
DA:51,2
DA:52,2
LF:18
LH:18
BRDA:19,0,0,3
BRDA:19,0,1,2
BRDA:28,1,0,3
BRDA:28,1,1,3
BRDA:28,2,0,6
BRDA:28,2,1,4
BRDA:39,3,0,1
BRDA:39,3,1,2
BRF:8
BRH:8
end_of_record
TN:
SF:src/shared/search-ui-base.ts
FN:45,(anonymous_0)
FN:100,handleCyclicTabNavigation
FN:108,(anonymous_2)
FN:124,(anonymous_3)
FN:145,focusGroup
FN:156,truncateUrl
FN:176,sortResults
FN:180,(anonymous_7)
FN:185,(anonymous_8)
FN:190,(anonymous_9)
FN:205,escapeRegex
FN:219,highlightText
FN:224,(anonymous_12)
FN:224,(anonymous_13)
FN:225,(anonymous_14)
FN:226,(anonymous_15)
FN:258,appendHighlightedTextToDOM
FN:268,(anonymous_17)
FN:288,createMarkdownLink
FN:297,createHtmlLink
FN:306,openUrl
FN:327,parseKeyboardAction
FN:391,renderResults
FN:406,(anonymous_23)
FN:450,(anonymous_24)
FN:465,copyHtmlLinkToClipboard
FN:485,debounce
FN:491,(anonymous_27)
FN:492,(anonymous_28)
FN:511,escapeHtml
FN:518,tokenizeQuery
FN:519,(anonymous_31)
FN:530,highlightHtml
FN:539,(anonymous_33)
FN:540,(anonymous_34)
FN:541,(anonymous_35)
FN:544,(anonymous_36)
FN:545,(anonymous_37)
FN:571,renderAIStatus
FN:644,(anonymous_39)
FNF:40
FNH:40
FNDA:1,(anonymous_0)
FNDA:8,handleCyclicTabNavigation
FNDA:14,(anonymous_2)
FNDA:5,(anonymous_3)
FNDA:6,focusGroup
FNDA:17,truncateUrl
FNDA:4,sortResults
FNDA:3,(anonymous_7)
FNDA:3,(anonymous_8)
FNDA:3,(anonymous_9)
FNDA:28,escapeRegex
FNDA:30,highlightText
FNDA:17,(anonymous_12)
FNDA:14,(anonymous_13)
FNDA:3,(anonymous_14)
FNDA:17,(anonymous_15)
FNDA:21,appendHighlightedTextToDOM
FNDA:30,(anonymous_17)
FNDA:2,createMarkdownLink
FNDA:4,createHtmlLink
FNDA:4,openUrl
FNDA:14,parseKeyboardAction
FNDA:8,renderResults
FNDA:8,(anonymous_23)
FNDA:1,(anonymous_24)
FNDA:2,copyHtmlLinkToClipboard
FNDA:4,debounce
FNDA:6,(anonymous_27)
FNDA:4,(anonymous_28)
FNDA:10,escapeHtml
FNDA:5,tokenizeQuery
FNDA:10,(anonymous_31)
FNDA:7,highlightHtml
FNDA:5,(anonymous_33)
FNDA:4,(anonymous_34)
FNDA:1,(anonymous_35)
FNDA:5,(anonymous_36)
FNDA:5,(anonymous_37)
FNDA:14,renderAIStatus
FNDA:21,(anonymous_39)
DA:45,1
DA:46,1
DA:47,1
DA:48,1
DA:49,1
DA:50,1
DA:51,1
DA:52,1
DA:53,1
DA:54,1
DA:55,1
DA:56,1
DA:105,8
DA:108,14
DA:109,7
DA:112,6
DA:115,6
DA:116,2
DA:117,2
DA:118,2
DA:119,2
DA:123,4
DA:124,8
DA:126,8
DA:128,0
DA:129,0
DA:130,0
DA:135,4
DA:136,1
DA:138,3
DA:142,4
DA:146,6
DA:147,5
DA:148,1
DA:149,1
DA:157,17
DA:158,17
DA:159,17
DA:160,17
DA:161,2
DA:163,16
DA:165,1
DA:177,4
DA:180,3
DA:181,1
DA:185,3
DA:186,1
DA:190,3
DA:191,1
DA:196,1
DA:199,4
DA:206,28
DA:220,30
DA:221,17
DA:224,17
DA:225,13
DA:226,17
DA:228,13
DA:229,1
DA:232,12
DA:233,12
DA:235,12
DA:236,12
DA:239,12
DA:240,20
DA:241,9
DA:243,20
DA:244,20
DA:245,20
DA:248,12
DA:249,5
DA:252,12
DA:266,21
DA:268,21
DA:269,30
DA:270,1
DA:271,1
DA:272,1
DA:273,1
DA:274,29
DA:275,7
DA:276,7
DA:277,7
DA:278,7
DA:280,22
DA:289,2
DA:290,2
DA:298,4
DA:299,4
DA:300,4
DA:307,4
DA:308,3
DA:309,2
DA:311,1
DA:315,1
DA:316,1
DA:318,0
DA:329,14
DA:330,2
DA:334,12
DA:335,1
DA:338,11
DA:340,1
DA:343,1
DA:346,1
DA:350,1
DA:353,4
DA:354,1
DA:355,3
DA:356,2
DA:358,1
DA:362,2
DA:363,1
DA:365,1
DA:369,1
DA:396,8
DA:398,8
DA:399,1
DA:400,1
DA:401,1
DA:402,1
DA:403,1
DA:406,7
DA:407,8
DA:408,8
DA:409,8
DA:410,7
DA:412,8
DA:413,8
DA:416,8
DA:417,8
DA:420,8
DA:421,2
DA:422,2
DA:423,2
DA:424,2
DA:425,2
DA:428,8
DA:429,8
DA:430,8
DA:431,8
DA:434,8
DA:435,8
DA:436,8
DA:439,8
DA:440,1
DA:441,1
DA:442,1
DA:443,1
DA:446,8
DA:449,8
DA:450,1
DA:451,1
DA:455,8
DA:458,7
DA:466,2
DA:468,2
DA:470,2
DA:474,2
DA:477,1
DA:478,1
DA:489,4
DA:491,4
DA:492,6
DA:493,4
DA:494,4
DA:497,6
DA:498,2
DA:500,6
DA:512,10
DA:519,10
DA:537,7
DA:538,6
DA:539,6
DA:540,6
DA:541,6
DA:542,6
DA:543,6
DA:544,5
DA:545,4
DA:546,5
DA:575,14
DA:576,13
DA:577,13
DA:578,13
DA:580,12
DA:582,12
DA:583,12
DA:584,12
DA:585,12
DA:586,12
DA:588,12
DA:589,5
DA:590,5
DA:591,5
DA:593,1
DA:594,1
DA:595,1
DA:596,1
DA:598,1
DA:599,1
DA:600,1
DA:601,1
DA:603,1
DA:604,1
DA:605,1
DA:606,1
DA:608,1
DA:609,1
DA:610,1
DA:611,1
DA:613,1
DA:614,1
DA:615,1
DA:616,1
DA:618,5
DA:621,12
DA:622,4
DA:623,4
DA:624,4
DA:626,2
DA:627,2
DA:630,2
DA:632,1
DA:633,1
DA:634,1
DA:635,1
DA:637,1
DA:638,1
DA:639,1
DA:641,4
DA:644,21
DA:646,12
DA:647,1
DA:648,1
DA:649,1
DA:650,1
DA:653,12
LF:238
LH:234
BRDA:45,0,0,1
BRDA:45,0,1,1
BRDA:103,1,0,8
BRDA:105,2,0,1
BRDA:105,2,1,7
BRDA:108,3,0,14
BRDA:108,3,1,2
BRDA:109,4,0,1
BRDA:109,4,1,6
BRDA:115,5,0,2
BRDA:115,5,1,4
BRDA:116,6,0,1
BRDA:116,6,1,1
BRDA:126,7,0,0
BRDA:126,7,1,8
BRDA:128,8,0,0
BRDA:128,8,1,0
BRDA:135,9,0,1
BRDA:135,9,1,3
BRDA:136,10,0,1
BRDA:136,10,1,0
BRDA:146,11,0,5
BRDA:146,11,1,1
BRDA:148,12,0,1
BRDA:148,12,1,0
BRDA:156,13,0,17
BRDA:160,14,0,2
BRDA:160,14,1,15
BRDA:177,15,0,1
BRDA:177,15,1,1
BRDA:177,15,2,1
BRDA:177,15,3,1
BRDA:177,15,4,1
BRDA:219,16,0,30
BRDA:220,17,0,17
BRDA:220,17,1,13
BRDA:220,18,0,30
BRDA:220,18,1,29
BRDA:220,18,2,16
BRDA:225,19,0,3
BRDA:225,19,1,3
BRDA:228,20,0,1
BRDA:228,20,1,12
BRDA:240,21,0,9
BRDA:240,21,1,11
BRDA:248,22,0,5
BRDA:248,22,1,7
BRDA:262,23,0,21
BRDA:263,24,0,21
BRDA:264,25,0,21
BRDA:269,26,0,1
BRDA:269,26,1,29
BRDA:274,27,0,7
BRDA:274,27,1,22
BRDA:289,28,0,2
BRDA:289,28,1,1
BRDA:298,29,0,4
BRDA:298,29,1,1
BRDA:306,30,0,4
BRDA:306,31,0,4
BRDA:307,32,0,3
BRDA:307,32,1,1
BRDA:307,33,0,4
BRDA:307,33,1,3
BRDA:308,34,0,2
BRDA:308,34,1,1
BRDA:308,35,0,3
BRDA:308,35,1,1
BRDA:315,36,0,1
BRDA:315,36,1,0
BRDA:329,37,0,2
BRDA:329,37,1,12
BRDA:329,38,0,14
BRDA:329,38,1,11
BRDA:329,38,2,5
BRDA:334,39,0,1
BRDA:334,39,1,11
BRDA:334,40,0,12
BRDA:334,40,1,10
BRDA:334,40,2,3
BRDA:338,41,0,11
BRDA:338,41,1,1
BRDA:338,41,2,1
BRDA:338,41,3,1
BRDA:338,41,4,4
BRDA:338,41,5,2
BRDA:338,41,6,1
BRDA:353,42,0,1
BRDA:353,42,1,3
BRDA:355,43,0,2
BRDA:355,43,1,1
BRDA:355,44,0,3
BRDA:355,44,1,2
BRDA:362,45,0,1
BRDA:362,45,1,1
BRDA:398,46,0,1
BRDA:398,46,1,7
BRDA:409,47,0,7
BRDA:409,47,1,1
BRDA:420,48,0,2
BRDA:420,48,1,6
BRDA:428,49,0,8
BRDA:428,49,1,8
BRDA:429,50,0,8
BRDA:429,50,1,8
BRDA:430,51,0,8
BRDA:430,51,1,0
BRDA:439,52,0,1
BRDA:439,52,1,7
BRDA:439,53,0,8
BRDA:439,53,1,2
BRDA:439,53,2,1
BRDA:449,54,0,1
BRDA:449,54,1,7
BRDA:451,55,0,1
BRDA:451,55,1,1
BRDA:497,56,0,2
BRDA:497,56,1,4
BRDA:533,57,0,7
BRDA:537,58,0,1
BRDA:537,58,1,6
BRDA:541,59,0,1
BRDA:541,59,1,1
BRDA:543,60,0,2
BRDA:543,60,1,4
BRDA:546,61,0,4
BRDA:546,61,1,1
BRDA:575,62,0,1
BRDA:575,62,1,13
BRDA:578,63,0,1
BRDA:578,63,1,12
BRDA:588,64,0,5
BRDA:588,64,1,7
BRDA:588,65,0,12
BRDA:588,65,1,6
BRDA:591,66,0,1
BRDA:591,66,1,1
BRDA:591,66,2,1
BRDA:591,66,3,1
BRDA:591,66,4,1
BRDA:594,67,0,1
BRDA:594,67,1,0
BRDA:599,68,0,1
BRDA:599,68,1,0
BRDA:604,69,0,1
BRDA:604,69,1,0
BRDA:621,70,0,4
BRDA:621,70,1,8
BRDA:621,71,0,12
BRDA:621,71,1,4
BRDA:624,72,0,2
BRDA:624,72,1,1
BRDA:624,72,2,1
BRDA:627,73,0,1
BRDA:627,73,1,1
BRDA:634,74,0,1
BRDA:634,74,1,1
BRDA:646,75,0,1
BRDA:646,75,1,11
BRF:159
BRH:149
end_of_record
TN:
SF:src/shared/toolbar-toggles.ts
FN:138,getToggleDef
FN:139,(anonymous_1)
FN:143,getCycleState
FN:145,(anonymous_3)
FN:149,getNextCycleValue
FN:151,(anonymous_5)
FNF:6
FNH:6
FNDA:3,getToggleDef
FNDA:13,(anonymous_1)
FNDA:3,getCycleState
FNDA:4,(anonymous_3)
FNDA:4,getNextCycleValue
FNDA:3,(anonymous_5)
DA:30,5
DA:131,5
DA:139,13
DA:144,3
DA:145,4
DA:150,4
DA:151,3
DA:152,2
DA:153,2
LF:9
LH:9
BRDA:144,0,0,1
BRDA:144,0,1,2
BRDA:144,1,0,3
BRDA:144,1,1,2
BRDA:145,2,0,2
BRDA:145,2,1,1
BRDA:150,3,0,2
BRDA:150,3,1,2
BRDA:150,4,0,4
BRDA:150,4,1,3
BRF:10
BRH:10
end_of_record
TN:
SF:src/shared/tour.ts
FN:55,isTourCompleted
FN:64,markTourCompleted
FN:74,runTour
FN:79,(anonymous_3)
FN:115,(anonymous_4)
FN:120,showStep
FN:190,(anonymous_6)
FN:191,(anonymous_7)
FN:197,cleanup
FN:202,(anonymous_9)
FN:206,onKeydown
FNF:11
FNH:10
FNDA:3,isTourCompleted
FNDA:13,markTourCompleted
FNDA:12,runTour
FNDA:12,(anonymous_3)
FNDA:18,(anonymous_4)
FNDA:18,showStep
FNDA:1,(anonymous_6)
FNDA:12,(anonymous_7)
FNDA:11,cleanup
FNDA:0,(anonymous_9)
FNDA:1,onKeydown
DA:14,1
DA:53,1
DA:56,3
DA:57,3
DA:58,2
DA:60,1
DA:65,13
DA:66,13
DA:79,12
DA:80,12
DA:82,11
DA:85,11
DA:86,11
DA:87,11
DA:93,11
DA:94,11
DA:95,11
DA:104,11
DA:105,11
DA:106,11
DA:115,11
DA:116,18
DA:117,17
DA:121,18
DA:122,18
DA:124,18
DA:126,3
DA:127,1
DA:128,3
DA:131,15
DA:132,15
DA:133,18
DA:135,18
DA:136,2
DA:137,2
DA:138,2
DA:139,2
DA:140,2
DA:143,13
DA:147,15
DA:148,15
DA:171,18
DA:172,18
DA:174,13
DA:175,13
DA:176,2
DA:177,1
DA:178,1
DA:180,1
DA:181,1
DA:185,15
DA:186,15
DA:187,15
DA:189,15
DA:190,18
DA:191,18
DA:192,12
DA:193,8
DA:198,11
DA:199,11
DA:200,11
DA:201,11
DA:202,11
DA:203,11
DA:207,1
DA:208,1
DA:209,1
DA:210,1
DA:213,11
DA:216,11
DA:217,12
DA:218,12
DA:219,12
DA:221,12
LF:74
LH:74
BRDA:80,0,0,1
BRDA:80,0,1,11
BRDA:116,1,0,1
BRDA:116,1,1,17
BRDA:124,2,0,3
BRDA:124,2,1,15
BRDA:126,3,0,2
BRDA:126,3,1,1
BRDA:132,4,0,15
BRDA:132,4,1,2
BRDA:135,5,0,2
BRDA:135,5,1,13
BRDA:159,6,0,4
BRDA:159,6,1,11
BRDA:166,7,0,12
BRDA:166,7,1,3
BRDA:172,8,0,13
BRDA:172,8,1,2
BRDA:176,9,0,1
BRDA:176,9,1,1
BRDA:176,10,0,2
BRDA:176,10,1,1
BRDA:192,11,0,4
BRDA:192,11,1,8
BRDA:207,12,0,1
BRDA:207,12,1,0
BRDA:216,13,0,10
BRDA:216,13,1,1
BRF:28
BRH:27
end_of_record
TN:
SF:src/shared/web-search.ts
FN:47,getWebSearchEngineDisplayName
FN:54,isAtlassianOrStaticEngine
FN:59,getWebSearchPrefixHintLines
FN:76,sortedWebSearchPrefixKeys
FN:78,(anonymous_4)
FN:94,parseWebSearchQuery
FN:126,webSearchSiteUrlToastMessage
FN:133,webSearchSiteUrlPreviewLabel
FN:140,escapeAtlassianSearchQuotedFragment
FN:144,buildWebSearchUrl
FNF:10
FNH:10
FNDA:26,getWebSearchEngineDisplayName
FNDA:18,isAtlassianOrStaticEngine
FNDA:3,getWebSearchPrefixHintLines
FNDA:14,sortedWebSearchPrefixKeys
FNDA:140,(anonymous_4)
FNDA:15,parseWebSearchQuery
FNDA:2,webSearchSiteUrlToastMessage
FNDA:2,webSearchSiteUrlPreviewLabel
FNDA:5,escapeAtlassianSearchQuotedFragment
FNDA:10,buildWebSearchUrl
DA:9,5
DA:16,5
DA:26,5
DA:29,5
DA:39,5
DA:48,26
DA:55,18
DA:60,3
DA:61,3
DA:62,18
DA:63,18
DA:64,0
DA:66,18
DA:72,3
DA:77,14
DA:78,140
DA:95,15
DA:96,15
DA:97,2
DA:99,13
DA:100,53
DA:101,53
DA:102,0
DA:104,53
DA:105,2
DA:107,51
DA:108,9
DA:116,2
DA:127,2
DA:134,2
DA:141,5
DA:148,10
DA:150,10
DA:151,1
DA:154,9
DA:155,3
DA:156,3
DA:157,1
DA:159,2
DA:160,2
DA:161,2
DA:165,6
DA:166,3
DA:167,3
DA:168,1
DA:170,2
DA:171,2
DA:172,2
DA:177,3
DA:178,3
DA:179,1
DA:182,2
LF:52
LH:50
BRDA:49,0,0,26
BRDA:49,0,1,2
BRDA:55,1,0,18
BRDA:55,1,1,6
BRDA:55,1,2,3
BRDA:63,2,0,0
BRDA:63,2,1,18
BRDA:63,3,0,18
BRDA:63,3,1,18
BRDA:78,4,0,140
BRDA:78,4,1,70
BRDA:96,5,0,2
BRDA:96,5,1,13
BRDA:101,6,0,0
BRDA:101,6,1,53
BRDA:104,7,0,2
BRDA:104,7,1,51
BRDA:107,8,0,9
BRDA:107,8,1,42
BRDA:127,9,0,1
BRDA:127,9,1,1
BRDA:134,10,0,1
BRDA:134,10,1,1
BRDA:150,11,0,1
BRDA:150,11,1,9
BRDA:154,12,0,3
BRDA:154,12,1,6
BRDA:155,13,0,3
BRDA:155,13,1,1
BRDA:156,14,0,1
BRDA:156,14,1,2
BRDA:165,15,0,3
BRDA:165,15,1,3
BRDA:166,16,0,3
BRDA:166,16,1,1
BRDA:167,17,0,1
BRDA:167,17,1,2
BRDA:178,18,0,1
BRDA:178,18,1,2
BRF:39
BRH:37
end_of_record
